18-Oct-2018 12:27:37.072 INFORMACIÓN [main] org.apache.catalina.startup.VersionLoggerListener.log Server version:        Apache Tomcat/9.0.12
18-Oct-2018 12:27:37.205 INFORMACIÓN [main] org.apache.catalina.startup.VersionLoggerListener.log Server built:          Sep 4 2018 22:13:41 UTC
18-Oct-2018 12:27:37.205 INFORMACIÓN [main] org.apache.catalina.startup.VersionLoggerListener.log Server number:         9.0.12.0
18-Oct-2018 12:27:37.205 INFORMACIÓN [main] org.apache.catalina.startup.VersionLoggerListener.log OS Name:               Linux
18-Oct-2018 12:27:37.205 INFORMACIÓN [main] org.apache.catalina.startup.VersionLoggerListener.log OS Version:            4.16.10
18-Oct-2018 12:27:37.205 INFORMACIÓN [main] org.apache.catalina.startup.VersionLoggerListener.log Architecture:          amd64
18-Oct-2018 12:27:37.205 INFORMACIÓN [main] org.apache.catalina.startup.VersionLoggerListener.log Java Home:             /usr/lib/jvm/oracle-java8-jdk-amd64/jre
18-Oct-2018 12:27:37.205 INFORMACIÓN [main] org.apache.catalina.startup.VersionLoggerListener.log JVM Version:           1.8.0_141-b15
18-Oct-2018 12:27:37.205 INFORMACIÓN [main] org.apache.catalina.startup.VersionLoggerListener.log JVM Vendor:            Oracle Corporation
18-Oct-2018 12:27:37.205 INFORMACIÓN [main] org.apache.catalina.startup.VersionLoggerListener.log CATALINA_BASE:         /var/home/lab/alum0/03/46/795/apache/apache-tomcat-9.0.12
18-Oct-2018 12:27:37.206 INFORMACIÓN [main] org.apache.catalina.startup.VersionLoggerListener.log CATALINA_HOME:         /var/home/lab/alum0/03/46/795/apache/apache-tomcat-9.0.12
18-Oct-2018 12:27:37.206 INFORMACIÓN [main] org.apache.catalina.startup.VersionLoggerListener.log Command line argument: -Djava.util.logging.config.file=/usr/lab/alum/0346795/apache/apache-tomcat-9.0.12/conf/logging.properties
18-Oct-2018 12:27:37.206 INFORMACIÓN [main] org.apache.catalina.startup.VersionLoggerListener.log Command line argument: -Djava.util.logging.manager=org.apache.juli.ClassLoaderLogManager
18-Oct-2018 12:27:37.206 INFORMACIÓN [main] org.apache.catalina.startup.VersionLoggerListener.log Command line argument: -Djdk.tls.ephemeralDHKeySize=2048
18-Oct-2018 12:27:37.206 INFORMACIÓN [main] org.apache.catalina.startup.VersionLoggerListener.log Command line argument: -Djava.protocol.handler.pkgs=org.apache.catalina.webresources
18-Oct-2018 12:27:37.206 INFORMACIÓN [main] org.apache.catalina.startup.VersionLoggerListener.log Command line argument: -Dorg.apache.catalina.security.SecurityListener.UMASK=0027
18-Oct-2018 12:27:37.206 INFORMACIÓN [main] org.apache.catalina.startup.VersionLoggerListener.log Command line argument: -Dignore.endorsed.dirs=
18-Oct-2018 12:27:37.206 INFORMACIÓN [main] org.apache.catalina.startup.VersionLoggerListener.log Command line argument: -Dcatalina.base=/usr/lab/alum/0346795/apache/apache-tomcat-9.0.12
18-Oct-2018 12:27:37.207 INFORMACIÓN [main] org.apache.catalina.startup.VersionLoggerListener.log Command line argument: -Dcatalina.home=/usr/lab/alum/0346795/apache/apache-tomcat-9.0.12
18-Oct-2018 12:27:37.207 INFORMACIÓN [main] org.apache.catalina.startup.VersionLoggerListener.log Command line argument: -Djava.io.tmpdir=/usr/lab/alum/0346795/apache/apache-tomcat-9.0.12/temp
18-Oct-2018 12:27:37.207 INFORMACIÓN [main] org.apache.catalina.core.AprLifecycleListener.lifecycleEvent La biblioteca nativa de Apache Tomcat basada en ARP que permite un rendimiento óptimo en entornos de desarrollo no ha sido hallada en java.library.path: [/usr/java/packages/lib/amd64:/usr/lib64:/lib64:/lib:/usr/lib]
18-Oct-2018 12:27:38.315 INFORMACIÓN [main] org.apache.coyote.AbstractProtocol.init Initializing ProtocolHandler ["http-nio-8080"]
18-Oct-2018 12:27:38.372 GRAVE [main] org.apache.catalina.util.LifecycleBase.handleSubClassException Failed to initialize component [Connector[HTTP/1.1-8080]]
 org.apache.catalina.LifecycleException: Falló la inicialización del manejador de protocolo
	at org.apache.catalina.connector.Connector.initInternal(Connector.java:935)
	at org.apache.catalina.util.LifecycleBase.init(LifecycleBase.java:136)
	at org.apache.catalina.core.StandardService.initInternal(StandardService.java:533)
	at org.apache.catalina.util.LifecycleBase.init(LifecycleBase.java:136)
	at org.apache.catalina.core.StandardServer.initInternal(StandardServer.java:852)
	at org.apache.catalina.util.LifecycleBase.init(LifecycleBase.java:136)
	at org.apache.catalina.startup.Catalina.load(Catalina.java:633)
	at org.apache.catalina.startup.Catalina.load(Catalina.java:656)
	at sun.reflect.NativeMethodAccessorImpl.invoke0(Native Method)
	at sun.reflect.NativeMethodAccessorImpl.invoke(NativeMethodAccessorImpl.java:62)
	at sun.reflect.DelegatingMethodAccessorImpl.invoke(DelegatingMethodAccessorImpl.java:43)
	at java.lang.reflect.Method.invoke(Method.java:498)
	at org.apache.catalina.startup.Bootstrap.load(Bootstrap.java:306)
	at org.apache.catalina.startup.Bootstrap.main(Bootstrap.java:491)
Caused by: java.net.BindException: La dirección ya se está usando
	at sun.nio.ch.Net.bind0(Native Method)
	at sun.nio.ch.Net.bind(Net.java:433)
	at sun.nio.ch.Net.bind(Net.java:425)
	at sun.nio.ch.ServerSocketChannelImpl.bind(ServerSocketChannelImpl.java:223)
	at sun.nio.ch.ServerSocketAdaptor.bind(ServerSocketAdaptor.java:74)
	at org.apache.tomcat.util.net.NioEndpoint.initServerSocket(NioEndpoint.java:236)
	at org.apache.tomcat.util.net.NioEndpoint.bind(NioEndpoint.java:210)
	at org.apache.tomcat.util.net.AbstractEndpoint.init(AbstractEndpoint.java:1044)
	at org.apache.coyote.AbstractProtocol.init(AbstractProtocol.java:540)
	at org.apache.coyote.http11.AbstractHttp11Protocol.init(AbstractHttp11Protocol.java:74)
	at org.apache.catalina.connector.Connector.initInternal(Connector.java:932)
	... 13 more

18-Oct-2018 12:27:38.406 INFORMACIÓN [main] org.apache.coyote.AbstractProtocol.init Initializing ProtocolHandler ["ajp-nio-8009"]
18-Oct-2018 12:27:38.477 INFORMACIÓN [main] org.apache.tomcat.util.net.NioSelectorPool.getSharedSelector Using a shared selector for servlet write/read
18-Oct-2018 12:27:38.542 INFORMACIÓN [main] org.apache.catalina.startup.Catalina.load Initialization processed in 2921 ms
18-Oct-2018 12:27:38.654 INFORMACIÓN [main] org.apache.catalina.core.StandardService.startInternal Arrancando servicio [Catalina]
18-Oct-2018 12:27:38.655 INFORMACIÓN [main] org.apache.catalina.core.StandardEngine.startInternal Starting Servlet Engine: Apache Tomcat/9.0.12
18-Oct-2018 12:27:38.695 INFORMACIÓN [main] org.apache.catalina.startup.HostConfig.deployDirectory Despliegue del directorio [/var/home/lab/alum0/03/46/795/apache/apache-tomcat-9.0.12/webapps/ROOT] de la aplicación web
18-Oct-2018 12:27:39.707 INFORMACIÓN [main] org.apache.catalina.startup.HostConfig.deployDirectory Deployment of web application directory [/var/home/lab/alum0/03/46/795/apache/apache-tomcat-9.0.12/webapps/ROOT] has finished in [988] ms
18-Oct-2018 12:27:39.708 INFORMACIÓN [main] org.apache.catalina.startup.HostConfig.deployDirectory Despliegue del directorio [/var/home/lab/alum0/03/46/795/apache/apache-tomcat-9.0.12/webapps/docs] de la aplicación web
18-Oct-2018 12:27:39.751 INFORMACIÓN [main] org.apache.catalina.startup.HostConfig.deployDirectory Deployment of web application directory [/var/home/lab/alum0/03/46/795/apache/apache-tomcat-9.0.12/webapps/docs] has finished in [43] ms
18-Oct-2018 12:27:39.751 INFORMACIÓN [main] org.apache.catalina.startup.HostConfig.deployDirectory Despliegue del directorio [/var/home/lab/alum0/03/46/795/apache/apache-tomcat-9.0.12/webapps/examples] de la aplicación web
18-Oct-2018 12:27:40.539 INFORMACIÓN [main] org.apache.catalina.startup.HostConfig.deployDirectory Deployment of web application directory [/var/home/lab/alum0/03/46/795/apache/apache-tomcat-9.0.12/webapps/examples] has finished in [788] ms
18-Oct-2018 12:27:40.540 INFORMACIÓN [main] org.apache.catalina.startup.HostConfig.deployDirectory Despliegue del directorio [/var/home/lab/alum0/03/46/795/apache/apache-tomcat-9.0.12/webapps/host-manager] de la aplicación web
18-Oct-2018 12:27:40.590 INFORMACIÓN [main] org.apache.catalina.startup.HostConfig.deployDirectory Deployment of web application directory [/var/home/lab/alum0/03/46/795/apache/apache-tomcat-9.0.12/webapps/host-manager] has finished in [49] ms
18-Oct-2018 12:27:40.590 INFORMACIÓN [main] org.apache.catalina.startup.HostConfig.deployDirectory Despliegue del directorio [/var/home/lab/alum0/03/46/795/apache/apache-tomcat-9.0.12/webapps/manager] de la aplicación web
18-Oct-2018 12:27:40.641 INFORMACIÓN [main] org.apache.catalina.startup.HostConfig.deployDirectory Deployment of web application directory [/var/home/lab/alum0/03/46/795/apache/apache-tomcat-9.0.12/webapps/manager] has finished in [51] ms
18-Oct-2018 12:27:40.646 INFORMACIÓN [main] org.apache.coyote.AbstractProtocol.start Starting ProtocolHandler ["ajp-nio-8009"]
18-Oct-2018 12:27:40.672 INFORMACIÓN [main] org.apache.catalina.startup.Catalina.start Server startup in 2129 ms
18-Oct-2018 12:27:55.953 INFORMACIÓN [main] org.apache.catalina.core.StandardServer.await Se ha recibido un comando de apagado a través del puerto de apagado. Parando la instancia del Servidor.
18-Oct-2018 12:27:55.954 INFORMACIÓN [main] org.apache.coyote.AbstractProtocol.pause Pausing ProtocolHandler ["http-nio-8080"]
18-Oct-2018 12:27:55.955 INFORMACIÓN [main] org.apache.coyote.AbstractProtocol.pause Pausing ProtocolHandler ["ajp-nio-8009"]
18-Oct-2018 12:27:56.011 INFORMACIÓN [main] org.apache.catalina.core.StandardService.stopInternal Parando servicio [Catalina]
18-Oct-2018 12:27:56.171 INFORMACIÓN [main] org.apache.coyote.AbstractProtocol.stop Stopping ProtocolHandler ["ajp-nio-8009"]
18-Oct-2018 12:27:56.175 INFORMACIÓN [main] org.apache.coyote.AbstractProtocol.stop Stopping ProtocolHandler ["http-nio-8080"]
18-Oct-2018 12:27:56.175 INFORMACIÓN [main] org.apache.coyote.AbstractProtocol.destroy Destroying ProtocolHandler ["http-nio-8080"]
18-Oct-2018 12:27:56.175 INFORMACIÓN [main] org.apache.coyote.AbstractProtocol.destroy Destroying ProtocolHandler ["ajp-nio-8009"]
18-Oct-2018 12:35:19.011 INFORMACIÓN [main] org.apache.catalina.startup.VersionLoggerListener.log Server version:        Apache Tomcat/9.0.12
18-Oct-2018 12:35:19.019 INFORMACIÓN [main] org.apache.catalina.startup.VersionLoggerListener.log Server built:          Sep 4 2018 22:13:41 UTC
18-Oct-2018 12:35:19.019 INFORMACIÓN [main] org.apache.catalina.startup.VersionLoggerListener.log Server number:         9.0.12.0
18-Oct-2018 12:35:19.019 INFORMACIÓN [main] org.apache.catalina.startup.VersionLoggerListener.log OS Name:               Linux
18-Oct-2018 12:35:19.020 INFORMACIÓN [main] org.apache.catalina.startup.VersionLoggerListener.log OS Version:            4.16.10
18-Oct-2018 12:35:19.020 INFORMACIÓN [main] org.apache.catalina.startup.VersionLoggerListener.log Architecture:          amd64
18-Oct-2018 12:35:19.021 INFORMACIÓN [main] org.apache.catalina.startup.VersionLoggerListener.log Java Home:             /usr/lib/jvm/oracle-java8-jdk-amd64/jre
18-Oct-2018 12:35:19.021 INFORMACIÓN [main] org.apache.catalina.startup.VersionLoggerListener.log JVM Version:           1.8.0_141-b15
18-Oct-2018 12:35:19.021 INFORMACIÓN [main] org.apache.catalina.startup.VersionLoggerListener.log JVM Vendor:            Oracle Corporation
18-Oct-2018 12:35:19.022 INFORMACIÓN [main] org.apache.catalina.startup.VersionLoggerListener.log CATALINA_BASE:         /var/home/lab/alum0/03/46/795/apache/apache-tomcat-9.0.12
18-Oct-2018 12:35:19.022 INFORMACIÓN [main] org.apache.catalina.startup.VersionLoggerListener.log CATALINA_HOME:         /var/home/lab/alum0/03/46/795/apache/apache-tomcat-9.0.12
18-Oct-2018 12:35:19.022 INFORMACIÓN [main] org.apache.catalina.startup.VersionLoggerListener.log Command line argument: -Djava.util.logging.config.file=/usr/lab/alum/0346795/apache/apache-tomcat-9.0.12/conf/logging.properties
18-Oct-2018 12:35:19.023 INFORMACIÓN [main] org.apache.catalina.startup.VersionLoggerListener.log Command line argument: -Djava.util.logging.manager=org.apache.juli.ClassLoaderLogManager
18-Oct-2018 12:35:19.024 INFORMACIÓN [main] org.apache.catalina.startup.VersionLoggerListener.log Command line argument: -Djdk.tls.ephemeralDHKeySize=2048
18-Oct-2018 12:35:19.025 INFORMACIÓN [main] org.apache.catalina.startup.VersionLoggerListener.log Command line argument: -Djava.protocol.handler.pkgs=org.apache.catalina.webresources
18-Oct-2018 12:35:19.026 INFORMACIÓN [main] org.apache.catalina.startup.VersionLoggerListener.log Command line argument: -Dorg.apache.catalina.security.SecurityListener.UMASK=0027
18-Oct-2018 12:35:19.027 INFORMACIÓN [main] org.apache.catalina.startup.VersionLoggerListener.log Command line argument: -Dignore.endorsed.dirs=
18-Oct-2018 12:35:19.028 INFORMACIÓN [main] org.apache.catalina.startup.VersionLoggerListener.log Command line argument: -Dcatalina.base=/usr/lab/alum/0346795/apache/apache-tomcat-9.0.12
18-Oct-2018 12:35:19.029 INFORMACIÓN [main] org.apache.catalina.startup.VersionLoggerListener.log Command line argument: -Dcatalina.home=/usr/lab/alum/0346795/apache/apache-tomcat-9.0.12
18-Oct-2018 12:35:19.029 INFORMACIÓN [main] org.apache.catalina.startup.VersionLoggerListener.log Command line argument: -Djava.io.tmpdir=/usr/lab/alum/0346795/apache/apache-tomcat-9.0.12/temp
18-Oct-2018 12:35:19.029 INFORMACIÓN [main] org.apache.catalina.core.AprLifecycleListener.lifecycleEvent La biblioteca nativa de Apache Tomcat basada en ARP que permite un rendimiento óptimo en entornos de desarrollo no ha sido hallada en java.library.path: [/usr/java/packages/lib/amd64:/usr/lib64:/lib64:/lib:/usr/lib]
18-Oct-2018 12:35:19.314 INFORMACIÓN [main] org.apache.coyote.AbstractProtocol.init Initializing ProtocolHandler ["http-nio-9190"]
18-Oct-2018 12:35:19.347 INFORMACIÓN [main] org.apache.tomcat.util.net.NioSelectorPool.getSharedSelector Using a shared selector for servlet write/read
18-Oct-2018 12:35:19.366 INFORMACIÓN [main] org.apache.coyote.AbstractProtocol.init Initializing ProtocolHandler ["ajp-nio-8009"]
18-Oct-2018 12:35:19.367 INFORMACIÓN [main] org.apache.tomcat.util.net.NioSelectorPool.getSharedSelector Using a shared selector for servlet write/read
18-Oct-2018 12:35:19.370 INFORMACIÓN [main] org.apache.catalina.startup.Catalina.load Initialization processed in 961 ms
18-Oct-2018 12:35:19.425 INFORMACIÓN [main] org.apache.catalina.core.StandardService.startInternal Arrancando servicio [Catalina]
18-Oct-2018 12:35:19.426 INFORMACIÓN [main] org.apache.catalina.core.StandardEngine.startInternal Starting Servlet Engine: Apache Tomcat/9.0.12
18-Oct-2018 12:35:19.447 INFORMACIÓN [main] org.apache.catalina.startup.HostConfig.deployDirectory Despliegue del directorio [/var/home/lab/alum0/03/46/795/apache/apache-tomcat-9.0.12/webapps/ROOT] de la aplicación web
18-Oct-2018 12:35:20.331 INFORMACIÓN [main] org.apache.catalina.startup.HostConfig.deployDirectory Deployment of web application directory [/var/home/lab/alum0/03/46/795/apache/apache-tomcat-9.0.12/webapps/ROOT] has finished in [881] ms
18-Oct-2018 12:35:20.332 INFORMACIÓN [main] org.apache.catalina.startup.HostConfig.deployDirectory Despliegue del directorio [/var/home/lab/alum0/03/46/795/apache/apache-tomcat-9.0.12/webapps/docs] de la aplicación web
18-Oct-2018 12:35:20.398 INFORMACIÓN [main] org.apache.catalina.startup.HostConfig.deployDirectory Deployment of web application directory [/var/home/lab/alum0/03/46/795/apache/apache-tomcat-9.0.12/webapps/docs] has finished in [65] ms
18-Oct-2018 12:35:20.399 INFORMACIÓN [main] org.apache.catalina.startup.HostConfig.deployDirectory Despliegue del directorio [/var/home/lab/alum0/03/46/795/apache/apache-tomcat-9.0.12/webapps/examples] de la aplicación web
18-Oct-2018 12:35:21.282 INFORMACIÓN [main] org.apache.catalina.startup.HostConfig.deployDirectory Deployment of web application directory [/var/home/lab/alum0/03/46/795/apache/apache-tomcat-9.0.12/webapps/examples] has finished in [882] ms
18-Oct-2018 12:35:21.283 INFORMACIÓN [main] org.apache.catalina.startup.HostConfig.deployDirectory Despliegue del directorio [/var/home/lab/alum0/03/46/795/apache/apache-tomcat-9.0.12/webapps/host-manager] de la aplicación web
18-Oct-2018 12:35:21.331 INFORMACIÓN [main] org.apache.catalina.startup.HostConfig.deployDirectory Deployment of web application directory [/var/home/lab/alum0/03/46/795/apache/apache-tomcat-9.0.12/webapps/host-manager] has finished in [48] ms
18-Oct-2018 12:35:21.333 INFORMACIÓN [main] org.apache.catalina.startup.HostConfig.deployDirectory Despliegue del directorio [/var/home/lab/alum0/03/46/795/apache/apache-tomcat-9.0.12/webapps/manager] de la aplicación web
18-Oct-2018 12:35:21.398 INFORMACIÓN [main] org.apache.catalina.startup.HostConfig.deployDirectory Deployment of web application directory [/var/home/lab/alum0/03/46/795/apache/apache-tomcat-9.0.12/webapps/manager] has finished in [65] ms
18-Oct-2018 12:35:21.405 INFORMACIÓN [main] org.apache.coyote.AbstractProtocol.start Starting ProtocolHandler ["http-nio-9190"]
18-Oct-2018 12:35:21.417 INFORMACIÓN [main] org.apache.coyote.AbstractProtocol.start Starting ProtocolHandler ["ajp-nio-8009"]
18-Oct-2018 12:35:21.425 INFORMACIÓN [main] org.apache.catalina.startup.Catalina.start Server startup in 2054 ms
18-Oct-2018 12:37:31.500 INFORMACIÓN [ContainerBackgroundProcessor[StandardEngine[Catalina]]] org.apache.catalina.startup.HostConfig.deployDirectory Despliegue del directorio [/var/home/lab/alum0/03/46/795/apache/apache-tomcat-9.0.12/webapps/holamundo] de la aplicación web
18-Oct-2018 12:37:31.664 INFORMACIÓN [ContainerBackgroundProcessor[StandardEngine[Catalina]]] org.apache.catalina.startup.HostConfig.deployDirectory Deployment of web application directory [/var/home/lab/alum0/03/46/795/apache/apache-tomcat-9.0.12/webapps/holamundo] has finished in [164] ms
18-Oct-2018 12:39:41.763 INFORMACIÓN [ContainerBackgroundProcessor[StandardEngine[Catalina]]] org.apache.catalina.startup.HostConfig.reload Falló la recarga del contexto [/holamundo]
18-Oct-2018 12:39:41.765 INFORMACIÓN [ContainerBackgroundProcessor[StandardEngine[Catalina]]] org.apache.catalina.core.StandardContext.reload Ha comenzado la recarga de Contexto [/holamundo]
18-Oct-2018 12:39:41.852 INFORMACIÓN [ContainerBackgroundProcessor[StandardEngine[Catalina]]] org.apache.catalina.core.StandardContext.reload Se ha completado la recarga de este Contexto
18-Oct-2018 12:46:37.510 INFORMACIÓN [main] org.apache.catalina.core.StandardServer.await Se ha recibido un comando de apagado a través del puerto de apagado. Parando la instancia del Servidor.
18-Oct-2018 12:46:37.512 INFORMACIÓN [main] org.apache.coyote.AbstractProtocol.pause Pausing ProtocolHandler ["http-nio-9190"]
18-Oct-2018 12:46:37.518 INFORMACIÓN [main] org.apache.coyote.AbstractProtocol.pause Pausing ProtocolHandler ["ajp-nio-8009"]
18-Oct-2018 12:46:37.520 INFORMACIÓN [main] org.apache.catalina.core.StandardService.stopInternal Parando servicio [Catalina]
18-Oct-2018 12:46:37.583 INFORMACIÓN [main] org.apache.coyote.AbstractProtocol.stop Stopping ProtocolHandler ["http-nio-9190"]
18-Oct-2018 12:46:37.586 INFORMACIÓN [main] org.apache.coyote.AbstractProtocol.stop Stopping ProtocolHandler ["ajp-nio-8009"]
18-Oct-2018 12:46:37.587 INFORMACIÓN [main] org.apache.coyote.AbstractProtocol.destroy Destroying ProtocolHandler ["http-nio-9190"]
18-Oct-2018 12:46:37.588 INFORMACIÓN [main] org.apache.coyote.AbstractProtocol.destroy Destroying ProtocolHandler ["ajp-nio-8009"]
18-Oct-2018 12:46:43.815 INFORMACIÓN [main] org.apache.catalina.startup.VersionLoggerListener.log Server version:        Apache Tomcat/9.0.12
18-Oct-2018 12:46:43.820 INFORMACIÓN [main] org.apache.catalina.startup.VersionLoggerListener.log Server built:          Sep 4 2018 22:13:41 UTC
18-Oct-2018 12:46:43.820 INFORMACIÓN [main] org.apache.catalina.startup.VersionLoggerListener.log Server number:         9.0.12.0
18-Oct-2018 12:46:43.820 INFORMACIÓN [main] org.apache.catalina.startup.VersionLoggerListener.log OS Name:               Linux
18-Oct-2018 12:46:43.820 INFORMACIÓN [main] org.apache.catalina.startup.VersionLoggerListener.log OS Version:            4.16.10
18-Oct-2018 12:46:43.820 INFORMACIÓN [main] org.apache.catalina.startup.VersionLoggerListener.log Architecture:          amd64
18-Oct-2018 12:46:43.821 INFORMACIÓN [main] org.apache.catalina.startup.VersionLoggerListener.log Java Home:             /usr/lib/jvm/oracle-java8-jdk-amd64/jre
18-Oct-2018 12:46:43.821 INFORMACIÓN [main] org.apache.catalina.startup.VersionLoggerListener.log JVM Version:           1.8.0_141-b15
18-Oct-2018 12:46:43.821 INFORMACIÓN [main] org.apache.catalina.startup.VersionLoggerListener.log JVM Vendor:            Oracle Corporation
18-Oct-2018 12:46:43.821 INFORMACIÓN [main] org.apache.catalina.startup.VersionLoggerListener.log CATALINA_BASE:         /var/home/lab/alum0/03/46/795/apache/apache-tomcat-9.0.12
18-Oct-2018 12:46:43.821 INFORMACIÓN [main] org.apache.catalina.startup.VersionLoggerListener.log CATALINA_HOME:         /var/home/lab/alum0/03/46/795/apache/apache-tomcat-9.0.12
18-Oct-2018 12:46:43.822 INFORMACIÓN [main] org.apache.catalina.startup.VersionLoggerListener.log Command line argument: -Djava.util.logging.config.file=/usr/lab/alum/0346795/apache/apache-tomcat-9.0.12/conf/logging.properties
18-Oct-2018 12:46:43.822 INFORMACIÓN [main] org.apache.catalina.startup.VersionLoggerListener.log Command line argument: -Djava.util.logging.manager=org.apache.juli.ClassLoaderLogManager
18-Oct-2018 12:46:43.823 INFORMACIÓN [main] org.apache.catalina.startup.VersionLoggerListener.log Command line argument: -Djdk.tls.ephemeralDHKeySize=2048
18-Oct-2018 12:46:43.823 INFORMACIÓN [main] org.apache.catalina.startup.VersionLoggerListener.log Command line argument: -Djava.protocol.handler.pkgs=org.apache.catalina.webresources
18-Oct-2018 12:46:43.824 INFORMACIÓN [main] org.apache.catalina.startup.VersionLoggerListener.log Command line argument: -Dorg.apache.catalina.security.SecurityListener.UMASK=0027
18-Oct-2018 12:46:43.824 INFORMACIÓN [main] org.apache.catalina.startup.VersionLoggerListener.log Command line argument: -Dignore.endorsed.dirs=
18-Oct-2018 12:46:43.824 INFORMACIÓN [main] org.apache.catalina.startup.VersionLoggerListener.log Command line argument: -Dcatalina.base=/usr/lab/alum/0346795/apache/apache-tomcat-9.0.12
18-Oct-2018 12:46:43.824 INFORMACIÓN [main] org.apache.catalina.startup.VersionLoggerListener.log Command line argument: -Dcatalina.home=/usr/lab/alum/0346795/apache/apache-tomcat-9.0.12
18-Oct-2018 12:46:43.825 INFORMACIÓN [main] org.apache.catalina.startup.VersionLoggerListener.log Command line argument: -Djava.io.tmpdir=/usr/lab/alum/0346795/apache/apache-tomcat-9.0.12/temp
18-Oct-2018 12:46:43.825 INFORMACIÓN [main] org.apache.catalina.core.AprLifecycleListener.lifecycleEvent La biblioteca nativa de Apache Tomcat basada en ARP que permite un rendimiento óptimo en entornos de desarrollo no ha sido hallada en java.library.path: [/usr/java/packages/lib/amd64:/usr/lib64:/lib64:/lib:/usr/lib]
18-Oct-2018 12:46:44.155 INFORMACIÓN [main] org.apache.coyote.AbstractProtocol.init Initializing ProtocolHandler ["http-nio-9190"]
18-Oct-2018 12:46:44.189 INFORMACIÓN [main] org.apache.tomcat.util.net.NioSelectorPool.getSharedSelector Using a shared selector for servlet write/read
18-Oct-2018 12:46:44.207 INFORMACIÓN [main] org.apache.coyote.AbstractProtocol.init Initializing ProtocolHandler ["ajp-nio-8009"]
18-Oct-2018 12:46:44.216 INFORMACIÓN [main] org.apache.tomcat.util.net.NioSelectorPool.getSharedSelector Using a shared selector for servlet write/read
18-Oct-2018 12:46:44.216 INFORMACIÓN [main] org.apache.catalina.startup.Catalina.load Initialization processed in 1116 ms
18-Oct-2018 12:46:44.273 INFORMACIÓN [main] org.apache.catalina.core.StandardService.startInternal Arrancando servicio [Catalina]
18-Oct-2018 12:46:44.274 INFORMACIÓN [main] org.apache.catalina.core.StandardEngine.startInternal Starting Servlet Engine: Apache Tomcat/9.0.12
18-Oct-2018 12:46:44.302 INFORMACIÓN [main] org.apache.catalina.startup.HostConfig.deployDirectory Despliegue del directorio [/var/home/lab/alum0/03/46/795/apache/apache-tomcat-9.0.12/webapps/ROOT] de la aplicación web
18-Oct-2018 12:46:45.092 INFORMACIÓN [main] org.apache.catalina.startup.HostConfig.deployDirectory Deployment of web application directory [/var/home/lab/alum0/03/46/795/apache/apache-tomcat-9.0.12/webapps/ROOT] has finished in [788] ms
18-Oct-2018 12:46:45.094 INFORMACIÓN [main] org.apache.catalina.startup.HostConfig.deployDirectory Despliegue del directorio [/var/home/lab/alum0/03/46/795/apache/apache-tomcat-9.0.12/webapps/docs] de la aplicación web
18-Oct-2018 12:46:45.137 INFORMACIÓN [main] org.apache.catalina.startup.HostConfig.deployDirectory Deployment of web application directory [/var/home/lab/alum0/03/46/795/apache/apache-tomcat-9.0.12/webapps/docs] has finished in [43] ms
18-Oct-2018 12:46:45.139 INFORMACIÓN [main] org.apache.catalina.startup.HostConfig.deployDirectory Despliegue del directorio [/var/home/lab/alum0/03/46/795/apache/apache-tomcat-9.0.12/webapps/examples] de la aplicación web
18-Oct-2018 12:46:46.081 INFORMACIÓN [main] org.apache.catalina.startup.HostConfig.deployDirectory Deployment of web application directory [/var/home/lab/alum0/03/46/795/apache/apache-tomcat-9.0.12/webapps/examples] has finished in [942] ms
18-Oct-2018 12:46:46.084 INFORMACIÓN [main] org.apache.catalina.startup.HostConfig.deployDirectory Despliegue del directorio [/var/home/lab/alum0/03/46/795/apache/apache-tomcat-9.0.12/webapps/host-manager] de la aplicación web
18-Oct-2018 12:46:46.205 INFORMACIÓN [main] org.apache.catalina.startup.HostConfig.deployDirectory Deployment of web application directory [/var/home/lab/alum0/03/46/795/apache/apache-tomcat-9.0.12/webapps/host-manager] has finished in [122] ms
18-Oct-2018 12:46:46.208 INFORMACIÓN [main] org.apache.catalina.startup.HostConfig.deployDirectory Despliegue del directorio [/var/home/lab/alum0/03/46/795/apache/apache-tomcat-9.0.12/webapps/manager] de la aplicación web
18-Oct-2018 12:46:46.321 INFORMACIÓN [main] org.apache.catalina.startup.HostConfig.deployDirectory Deployment of web application directory [/var/home/lab/alum0/03/46/795/apache/apache-tomcat-9.0.12/webapps/manager] has finished in [112] ms
18-Oct-2018 12:46:46.321 INFORMACIÓN [main] org.apache.catalina.startup.HostConfig.deployDirectory Despliegue del directorio [/var/home/lab/alum0/03/46/795/apache/apache-tomcat-9.0.12/webapps/holamundo] de la aplicación web
18-Oct-2018 12:46:46.466 INFORMACIÓN [main] org.apache.catalina.startup.HostConfig.deployDirectory Deployment of web application directory [/var/home/lab/alum0/03/46/795/apache/apache-tomcat-9.0.12/webapps/holamundo] has finished in [145] ms
18-Oct-2018 12:46:46.480 INFORMACIÓN [main] org.apache.coyote.AbstractProtocol.start Starting ProtocolHandler ["http-nio-9190"]
18-Oct-2018 12:46:46.593 INFORMACIÓN [main] org.apache.coyote.AbstractProtocol.start Starting ProtocolHandler ["ajp-nio-8009"]
18-Oct-2018 12:46:46.692 INFORMACIÓN [main] org.apache.catalina.startup.Catalina.start Server startup in 2475 ms
18-Oct-2018 12:49:28.485 INFORMACIÓN [main] org.apache.catalina.core.StandardServer.await Se ha recibido un comando de apagado a través del puerto de apagado. Parando la instancia del Servidor.
18-Oct-2018 12:49:28.487 INFORMACIÓN [main] org.apache.coyote.AbstractProtocol.pause Pausing ProtocolHandler ["http-nio-9190"]
18-Oct-2018 12:49:28.494 INFORMACIÓN [main] org.apache.coyote.AbstractProtocol.pause Pausing ProtocolHandler ["ajp-nio-8009"]
18-Oct-2018 12:49:28.498 INFORMACIÓN [main] org.apache.catalina.core.StandardService.stopInternal Parando servicio [Catalina]
18-Oct-2018 12:49:28.532 INFORMACIÓN [main] org.apache.coyote.AbstractProtocol.stop Stopping ProtocolHandler ["http-nio-9190"]
18-Oct-2018 12:49:28.535 INFORMACIÓN [main] org.apache.coyote.AbstractProtocol.stop Stopping ProtocolHandler ["ajp-nio-8009"]
18-Oct-2018 12:49:28.537 INFORMACIÓN [main] org.apache.coyote.AbstractProtocol.destroy Destroying ProtocolHandler ["http-nio-9190"]
18-Oct-2018 12:49:28.538 INFORMACIÓN [main] org.apache.coyote.AbstractProtocol.destroy Destroying ProtocolHandler ["ajp-nio-8009"]
