08-Nov-2018 11:16:43.915 INFORMACIÓN [main] org.apache.catalina.startup.VersionLoggerListener.log Server version:        Apache Tomcat/9.0.12
08-Nov-2018 11:16:43.954 INFORMACIÓN [main] org.apache.catalina.startup.VersionLoggerListener.log Server built:          Sep 4 2018 22:13:41 UTC
08-Nov-2018 11:16:43.955 INFORMACIÓN [main] org.apache.catalina.startup.VersionLoggerListener.log Server number:         9.0.12.0
08-Nov-2018 11:16:43.955 INFORMACIÓN [main] org.apache.catalina.startup.VersionLoggerListener.log OS Name:               Linux
08-Nov-2018 11:16:43.955 INFORMACIÓN [main] org.apache.catalina.startup.VersionLoggerListener.log OS Version:            4.16.10
08-Nov-2018 11:16:43.955 INFORMACIÓN [main] org.apache.catalina.startup.VersionLoggerListener.log Architecture:          amd64
08-Nov-2018 11:16:43.955 INFORMACIÓN [main] org.apache.catalina.startup.VersionLoggerListener.log Java Home:             /usr/lib/jvm/oracle-java8-jdk-amd64/jre
08-Nov-2018 11:16:43.955 INFORMACIÓN [main] org.apache.catalina.startup.VersionLoggerListener.log JVM Version:           1.8.0_141-b15
08-Nov-2018 11:16:43.955 INFORMACIÓN [main] org.apache.catalina.startup.VersionLoggerListener.log JVM Vendor:            Oracle Corporation
08-Nov-2018 11:16:43.955 INFORMACIÓN [main] org.apache.catalina.startup.VersionLoggerListener.log CATALINA_BASE:         /var/home/lab/alum0/03/46/795/apache/apache-tomcat-9.0.12
08-Nov-2018 11:16:43.955 INFORMACIÓN [main] org.apache.catalina.startup.VersionLoggerListener.log CATALINA_HOME:         /var/home/lab/alum0/03/46/795/apache/apache-tomcat-9.0.12
08-Nov-2018 11:16:43.956 INFORMACIÓN [main] org.apache.catalina.startup.VersionLoggerListener.log Command line argument: -Djava.util.logging.config.file=/usr/lab/alum/0346795/apache/apache-tomcat-9.0.12/conf/logging.properties
08-Nov-2018 11:16:43.956 INFORMACIÓN [main] org.apache.catalina.startup.VersionLoggerListener.log Command line argument: -Djava.util.logging.manager=org.apache.juli.ClassLoaderLogManager
08-Nov-2018 11:16:43.956 INFORMACIÓN [main] org.apache.catalina.startup.VersionLoggerListener.log Command line argument: -Djdk.tls.ephemeralDHKeySize=2048
08-Nov-2018 11:16:43.956 INFORMACIÓN [main] org.apache.catalina.startup.VersionLoggerListener.log Command line argument: -Djava.protocol.handler.pkgs=org.apache.catalina.webresources
08-Nov-2018 11:16:43.956 INFORMACIÓN [main] org.apache.catalina.startup.VersionLoggerListener.log Command line argument: -Dorg.apache.catalina.security.SecurityListener.UMASK=0027
08-Nov-2018 11:16:43.956 INFORMACIÓN [main] org.apache.catalina.startup.VersionLoggerListener.log Command line argument: -Dignore.endorsed.dirs=
08-Nov-2018 11:16:43.956 INFORMACIÓN [main] org.apache.catalina.startup.VersionLoggerListener.log Command line argument: -Dcatalina.base=/usr/lab/alum/0346795/apache/apache-tomcat-9.0.12
08-Nov-2018 11:16:43.956 INFORMACIÓN [main] org.apache.catalina.startup.VersionLoggerListener.log Command line argument: -Dcatalina.home=/usr/lab/alum/0346795/apache/apache-tomcat-9.0.12
08-Nov-2018 11:16:43.957 INFORMACIÓN [main] org.apache.catalina.startup.VersionLoggerListener.log Command line argument: -Djava.io.tmpdir=/usr/lab/alum/0346795/apache/apache-tomcat-9.0.12/temp
08-Nov-2018 11:16:43.957 INFORMACIÓN [main] org.apache.catalina.core.AprLifecycleListener.lifecycleEvent La biblioteca nativa de Apache Tomcat basada en ARP que permite un rendimiento óptimo en entornos de desarrollo no ha sido hallada en java.library.path: [/usr/java/packages/lib/amd64:/usr/lib64:/lib64:/lib:/usr/lib]
08-Nov-2018 11:16:44.813 INFORMACIÓN [main] org.apache.coyote.AbstractProtocol.init Initializing ProtocolHandler ["http-nio-9190"]
08-Nov-2018 11:16:44.973 INFORMACIÓN [main] org.apache.tomcat.util.net.NioSelectorPool.getSharedSelector Using a shared selector for servlet write/read
08-Nov-2018 11:16:45.004 INFORMACIÓN [main] org.apache.coyote.AbstractProtocol.init Initializing ProtocolHandler ["ajp-nio-8009"]
08-Nov-2018 11:16:45.010 INFORMACIÓN [main] org.apache.tomcat.util.net.NioSelectorPool.getSharedSelector Using a shared selector for servlet write/read
08-Nov-2018 11:16:45.011 INFORMACIÓN [main] org.apache.catalina.startup.Catalina.load Initialization processed in 3984 ms
08-Nov-2018 11:16:45.155 INFORMACIÓN [main] org.apache.catalina.core.StandardService.startInternal Arrancando servicio [Catalina]
08-Nov-2018 11:16:45.155 INFORMACIÓN [main] org.apache.catalina.core.StandardEngine.startInternal Starting Servlet Engine: Apache Tomcat/9.0.12
08-Nov-2018 11:16:45.189 INFORMACIÓN [main] org.apache.catalina.startup.HostConfig.deployDirectory Despliegue del directorio [/var/home/lab/alum0/03/46/795/apache/apache-tomcat-9.0.12/webapps/ROOT] de la aplicación web
08-Nov-2018 11:16:46.542 INFORMACIÓN [main] org.apache.catalina.startup.HostConfig.deployDirectory Deployment of web application directory [/var/home/lab/alum0/03/46/795/apache/apache-tomcat-9.0.12/webapps/ROOT] has finished in [1.341] ms
08-Nov-2018 11:16:46.544 INFORMACIÓN [main] org.apache.catalina.startup.HostConfig.deployDirectory Despliegue del directorio [/var/home/lab/alum0/03/46/795/apache/apache-tomcat-9.0.12/webapps/docs] de la aplicación web
08-Nov-2018 11:16:46.642 INFORMACIÓN [main] org.apache.catalina.startup.HostConfig.deployDirectory Deployment of web application directory [/var/home/lab/alum0/03/46/795/apache/apache-tomcat-9.0.12/webapps/docs] has finished in [99] ms
08-Nov-2018 11:16:46.643 INFORMACIÓN [main] org.apache.catalina.startup.HostConfig.deployDirectory Despliegue del directorio [/var/home/lab/alum0/03/46/795/apache/apache-tomcat-9.0.12/webapps/examples] de la aplicación web
08-Nov-2018 11:16:49.056 INFORMACIÓN [main] org.apache.catalina.startup.HostConfig.deployDirectory Deployment of web application directory [/var/home/lab/alum0/03/46/795/apache/apache-tomcat-9.0.12/webapps/examples] has finished in [2.413] ms
08-Nov-2018 11:16:49.057 INFORMACIÓN [main] org.apache.catalina.startup.HostConfig.deployDirectory Despliegue del directorio [/var/home/lab/alum0/03/46/795/apache/apache-tomcat-9.0.12/webapps/host-manager] de la aplicación web
08-Nov-2018 11:16:49.145 INFORMACIÓN [main] org.apache.catalina.startup.HostConfig.deployDirectory Deployment of web application directory [/var/home/lab/alum0/03/46/795/apache/apache-tomcat-9.0.12/webapps/host-manager] has finished in [88] ms
08-Nov-2018 11:16:49.147 INFORMACIÓN [main] org.apache.catalina.startup.HostConfig.deployDirectory Despliegue del directorio [/var/home/lab/alum0/03/46/795/apache/apache-tomcat-9.0.12/webapps/manager] de la aplicación web
08-Nov-2018 11:16:49.283 INFORMACIÓN [main] org.apache.catalina.startup.HostConfig.deployDirectory Deployment of web application directory [/var/home/lab/alum0/03/46/795/apache/apache-tomcat-9.0.12/webapps/manager] has finished in [137] ms
08-Nov-2018 11:16:49.285 INFORMACIÓN [main] org.apache.catalina.startup.HostConfig.deployDirectory Despliegue del directorio [/var/home/lab/alum0/03/46/795/apache/apache-tomcat-9.0.12/webapps/holamundo] de la aplicación web
08-Nov-2018 11:16:49.612 INFORMACIÓN [main] org.apache.catalina.startup.HostConfig.deployDirectory Deployment of web application directory [/var/home/lab/alum0/03/46/795/apache/apache-tomcat-9.0.12/webapps/holamundo] has finished in [326] ms
08-Nov-2018 11:16:49.613 INFORMACIÓN [main] org.apache.catalina.startup.HostConfig.deployDirectory Despliegue del directorio [/var/home/lab/alum0/03/46/795/apache/apache-tomcat-9.0.12/webapps/bookshop_prev] de la aplicación web
08-Nov-2018 11:16:50.130 ADVERTENCIA [main] org.apache.tomcat.dbcp.dbcp2.BasicDataSourceFactory.getObjectInstance Name = Libros Property maxActive is not used in DBCP2, use maxTotal instead. maxTotal default value is 8. You have set value of "8" for "maxActive" property, which is being ignored.
08-Nov-2018 11:16:50.251 INFORMACIÓN [main] org.apache.jasper.servlet.TldScanner.scanJars Al menos un JAR, que se ha explorado buscando TLDs, aún no contenía TLDs. Activar historial de depuración para este historiador para una completa lista de los JARs que fueron explorados y de los que nos se halló TLDs. Saltarse JARs no necesarios durante la exploración puede dar lugar a una mejora de tiempo significativa en el arranque y compilación de JSP .
08-Nov-2018 11:16:50.257 INFORMACIÓN [main] org.apache.catalina.startup.HostConfig.deployDirectory Deployment of web application directory [/var/home/lab/alum0/03/46/795/apache/apache-tomcat-9.0.12/webapps/bookshop_prev] has finished in [643] ms
08-Nov-2018 11:16:50.257 INFORMACIÓN [main] org.apache.catalina.startup.HostConfig.deployDirectory Despliegue del directorio [/var/home/lab/alum0/03/46/795/apache/apache-tomcat-9.0.12/webapps/bookshop] de la aplicación web
08-Nov-2018 11:16:50.588 ADVERTENCIA [main] org.apache.tomcat.dbcp.dbcp2.BasicDataSourceFactory.getObjectInstance Name = Libros Property maxActive is not used in DBCP2, use maxTotal instead. maxTotal default value is 8. You have set value of "8" for "maxActive" property, which is being ignored.
08-Nov-2018 11:16:50.601 INFORMACIÓN [main] org.apache.jasper.servlet.TldScanner.scanJars Al menos un JAR, que se ha explorado buscando TLDs, aún no contenía TLDs. Activar historial de depuración para este historiador para una completa lista de los JARs que fueron explorados y de los que nos se halló TLDs. Saltarse JARs no necesarios durante la exploración puede dar lugar a una mejora de tiempo significativa en el arranque y compilación de JSP .
08-Nov-2018 11:16:51.211 INFORMACIÓN [main] org.apache.catalina.startup.HostConfig.deployDirectory Deployment of web application directory [/var/home/lab/alum0/03/46/795/apache/apache-tomcat-9.0.12/webapps/bookshop] has finished in [953] ms
08-Nov-2018 11:16:51.216 INFORMACIÓN [main] org.apache.coyote.AbstractProtocol.start Starting ProtocolHandler ["http-nio-9190"]
08-Nov-2018 11:16:51.239 INFORMACIÓN [main] org.apache.coyote.AbstractProtocol.start Starting ProtocolHandler ["ajp-nio-8009"]
08-Nov-2018 11:16:51.245 INFORMACIÓN [main] org.apache.catalina.startup.Catalina.start Server startup in 6234 ms
08-Nov-2018 11:21:07.504 INFORMACIÓN [main] org.apache.catalina.core.StandardServer.await Se ha recibido un comando de apagado a través del puerto de apagado. Parando la instancia del Servidor.
08-Nov-2018 11:21:07.506 INFORMACIÓN [main] org.apache.coyote.AbstractProtocol.pause Pausing ProtocolHandler ["http-nio-9190"]
08-Nov-2018 11:21:07.558 INFORMACIÓN [main] org.apache.coyote.AbstractProtocol.pause Pausing ProtocolHandler ["ajp-nio-8009"]
08-Nov-2018 11:21:07.610 INFORMACIÓN [main] org.apache.catalina.core.StandardService.stopInternal Parando servicio [Catalina]
08-Nov-2018 11:21:07.682 ADVERTENCIA [main] org.apache.catalina.loader.WebappClassLoaderBase.clearReferencesJdbc La aplicación web [bookshop] registró el conductor JDBC [com.mysql.jdbc.Driver] pero falló al anular el registro mientras la aplicación web estaba parada. Para prevenir un fallo de memoria, se ha anulado el registro del conductor JDBC por la fuerza.
08-Nov-2018 11:21:07.685 ADVERTENCIA [main] org.apache.catalina.loader.WebappClassLoaderBase.clearReferencesThreads The web application [bookshop] appears to have started a thread named [Abandoned connection cleanup thread] but has failed to stop it. This is very likely to create a memory leak. Stack trace of thread:
 java.lang.Object.wait(Native Method)
 java.lang.ref.ReferenceQueue.remove(ReferenceQueue.java:143)
 com.mysql.jdbc.AbandonedConnectionCleanupThread.run(AbandonedConnectionCleanupThread.java:64)
 java.util.concurrent.ThreadPoolExecutor.runWorker(ThreadPoolExecutor.java:1149)
 java.util.concurrent.ThreadPoolExecutor$Worker.run(ThreadPoolExecutor.java:624)
 java.lang.Thread.run(Thread.java:748)
08-Nov-2018 11:21:07.745 INFORMACIÓN [main] org.apache.coyote.AbstractProtocol.stop Stopping ProtocolHandler ["http-nio-9190"]
08-Nov-2018 11:21:07.748 INFORMACIÓN [main] org.apache.coyote.AbstractProtocol.stop Stopping ProtocolHandler ["ajp-nio-8009"]
08-Nov-2018 11:21:07.752 INFORMACIÓN [main] org.apache.coyote.AbstractProtocol.destroy Destroying ProtocolHandler ["http-nio-9190"]
08-Nov-2018 11:21:07.759 INFORMACIÓN [main] org.apache.coyote.AbstractProtocol.destroy Destroying ProtocolHandler ["ajp-nio-8009"]
08-Nov-2018 11:21:08.670 INFORMACIÓN [main] org.apache.catalina.startup.VersionLoggerListener.log Server version:        Apache Tomcat/9.0.12
08-Nov-2018 11:21:08.675 INFORMACIÓN [main] org.apache.catalina.startup.VersionLoggerListener.log Server built:          Sep 4 2018 22:13:41 UTC
08-Nov-2018 11:21:08.675 INFORMACIÓN [main] org.apache.catalina.startup.VersionLoggerListener.log Server number:         9.0.12.0
08-Nov-2018 11:21:08.676 INFORMACIÓN [main] org.apache.catalina.startup.VersionLoggerListener.log OS Name:               Linux
08-Nov-2018 11:21:08.676 INFORMACIÓN [main] org.apache.catalina.startup.VersionLoggerListener.log OS Version:            4.16.10
08-Nov-2018 11:21:08.677 INFORMACIÓN [main] org.apache.catalina.startup.VersionLoggerListener.log Architecture:          amd64
08-Nov-2018 11:21:08.678 INFORMACIÓN [main] org.apache.catalina.startup.VersionLoggerListener.log Java Home:             /usr/lib/jvm/oracle-java8-jdk-amd64/jre
08-Nov-2018 11:21:08.679 INFORMACIÓN [main] org.apache.catalina.startup.VersionLoggerListener.log JVM Version:           1.8.0_141-b15
08-Nov-2018 11:21:08.679 INFORMACIÓN [main] org.apache.catalina.startup.VersionLoggerListener.log JVM Vendor:            Oracle Corporation
08-Nov-2018 11:21:08.679 INFORMACIÓN [main] org.apache.catalina.startup.VersionLoggerListener.log CATALINA_BASE:         /var/home/lab/alum0/03/46/795/apache/apache-tomcat-9.0.12
08-Nov-2018 11:21:08.680 INFORMACIÓN [main] org.apache.catalina.startup.VersionLoggerListener.log CATALINA_HOME:         /var/home/lab/alum0/03/46/795/apache/apache-tomcat-9.0.12
08-Nov-2018 11:21:08.680 INFORMACIÓN [main] org.apache.catalina.startup.VersionLoggerListener.log Command line argument: -Djava.util.logging.config.file=/usr/lab/alum/0346795/apache/apache-tomcat-9.0.12/conf/logging.properties
08-Nov-2018 11:21:08.681 INFORMACIÓN [main] org.apache.catalina.startup.VersionLoggerListener.log Command line argument: -Djava.util.logging.manager=org.apache.juli.ClassLoaderLogManager
08-Nov-2018 11:21:08.682 INFORMACIÓN [main] org.apache.catalina.startup.VersionLoggerListener.log Command line argument: -Djdk.tls.ephemeralDHKeySize=2048
08-Nov-2018 11:21:08.682 INFORMACIÓN [main] org.apache.catalina.startup.VersionLoggerListener.log Command line argument: -Djava.protocol.handler.pkgs=org.apache.catalina.webresources
08-Nov-2018 11:21:08.682 INFORMACIÓN [main] org.apache.catalina.startup.VersionLoggerListener.log Command line argument: -Dorg.apache.catalina.security.SecurityListener.UMASK=0027
08-Nov-2018 11:21:08.682 INFORMACIÓN [main] org.apache.catalina.startup.VersionLoggerListener.log Command line argument: -Dignore.endorsed.dirs=
08-Nov-2018 11:21:08.683 INFORMACIÓN [main] org.apache.catalina.startup.VersionLoggerListener.log Command line argument: -Dcatalina.base=/usr/lab/alum/0346795/apache/apache-tomcat-9.0.12
08-Nov-2018 11:21:08.683 INFORMACIÓN [main] org.apache.catalina.startup.VersionLoggerListener.log Command line argument: -Dcatalina.home=/usr/lab/alum/0346795/apache/apache-tomcat-9.0.12
08-Nov-2018 11:21:08.684 INFORMACIÓN [main] org.apache.catalina.startup.VersionLoggerListener.log Command line argument: -Djava.io.tmpdir=/usr/lab/alum/0346795/apache/apache-tomcat-9.0.12/temp
08-Nov-2018 11:21:08.684 INFORMACIÓN [main] org.apache.catalina.core.AprLifecycleListener.lifecycleEvent La biblioteca nativa de Apache Tomcat basada en ARP que permite un rendimiento óptimo en entornos de desarrollo no ha sido hallada en java.library.path: [/usr/java/packages/lib/amd64:/usr/lib64:/lib64:/lib:/usr/lib]
08-Nov-2018 11:21:08.911 INFORMACIÓN [main] org.apache.coyote.AbstractProtocol.init Initializing ProtocolHandler ["http-nio-9190"]
08-Nov-2018 11:21:08.931 INFORMACIÓN [main] org.apache.tomcat.util.net.NioSelectorPool.getSharedSelector Using a shared selector for servlet write/read
08-Nov-2018 11:21:08.942 INFORMACIÓN [main] org.apache.coyote.AbstractProtocol.init Initializing ProtocolHandler ["ajp-nio-8009"]
08-Nov-2018 11:21:08.944 INFORMACIÓN [main] org.apache.tomcat.util.net.NioSelectorPool.getSharedSelector Using a shared selector for servlet write/read
08-Nov-2018 11:21:08.945 INFORMACIÓN [main] org.apache.catalina.startup.Catalina.load Initialization processed in 925 ms
08-Nov-2018 11:21:08.998 INFORMACIÓN [main] org.apache.catalina.core.StandardService.startInternal Arrancando servicio [Catalina]
08-Nov-2018 11:21:08.998 INFORMACIÓN [main] org.apache.catalina.core.StandardEngine.startInternal Starting Servlet Engine: Apache Tomcat/9.0.12
08-Nov-2018 11:21:09.020 INFORMACIÓN [main] org.apache.catalina.startup.HostConfig.deployDirectory Despliegue del directorio [/var/home/lab/alum0/03/46/795/apache/apache-tomcat-9.0.12/webapps/ROOT] de la aplicación web
08-Nov-2018 11:21:09.763 INFORMACIÓN [main] org.apache.catalina.startup.HostConfig.deployDirectory Deployment of web application directory [/var/home/lab/alum0/03/46/795/apache/apache-tomcat-9.0.12/webapps/ROOT] has finished in [740] ms
08-Nov-2018 11:21:09.763 INFORMACIÓN [main] org.apache.catalina.startup.HostConfig.deployDirectory Despliegue del directorio [/var/home/lab/alum0/03/46/795/apache/apache-tomcat-9.0.12/webapps/docs] de la aplicación web
08-Nov-2018 11:21:09.820 INFORMACIÓN [main] org.apache.catalina.startup.HostConfig.deployDirectory Deployment of web application directory [/var/home/lab/alum0/03/46/795/apache/apache-tomcat-9.0.12/webapps/docs] has finished in [56] ms
08-Nov-2018 11:21:09.820 INFORMACIÓN [main] org.apache.catalina.startup.HostConfig.deployDirectory Despliegue del directorio [/var/home/lab/alum0/03/46/795/apache/apache-tomcat-9.0.12/webapps/examples] de la aplicación web
08-Nov-2018 11:21:10.659 INFORMACIÓN [main] org.apache.catalina.startup.HostConfig.deployDirectory Deployment of web application directory [/var/home/lab/alum0/03/46/795/apache/apache-tomcat-9.0.12/webapps/examples] has finished in [839] ms
08-Nov-2018 11:21:10.660 INFORMACIÓN [main] org.apache.catalina.startup.HostConfig.deployDirectory Despliegue del directorio [/var/home/lab/alum0/03/46/795/apache/apache-tomcat-9.0.12/webapps/host-manager] de la aplicación web
08-Nov-2018 11:21:10.723 INFORMACIÓN [main] org.apache.catalina.startup.HostConfig.deployDirectory Deployment of web application directory [/var/home/lab/alum0/03/46/795/apache/apache-tomcat-9.0.12/webapps/host-manager] has finished in [63] ms
08-Nov-2018 11:21:10.723 INFORMACIÓN [main] org.apache.catalina.startup.HostConfig.deployDirectory Despliegue del directorio [/var/home/lab/alum0/03/46/795/apache/apache-tomcat-9.0.12/webapps/manager] de la aplicación web
08-Nov-2018 11:21:10.788 INFORMACIÓN [main] org.apache.catalina.startup.HostConfig.deployDirectory Deployment of web application directory [/var/home/lab/alum0/03/46/795/apache/apache-tomcat-9.0.12/webapps/manager] has finished in [65] ms
08-Nov-2018 11:21:10.788 INFORMACIÓN [main] org.apache.catalina.startup.HostConfig.deployDirectory Despliegue del directorio [/var/home/lab/alum0/03/46/795/apache/apache-tomcat-9.0.12/webapps/holamundo] de la aplicación web
08-Nov-2018 11:21:10.876 INFORMACIÓN [main] org.apache.catalina.startup.HostConfig.deployDirectory Deployment of web application directory [/var/home/lab/alum0/03/46/795/apache/apache-tomcat-9.0.12/webapps/holamundo] has finished in [88] ms
08-Nov-2018 11:21:10.877 INFORMACIÓN [main] org.apache.catalina.startup.HostConfig.deployDirectory Despliegue del directorio [/var/home/lab/alum0/03/46/795/apache/apache-tomcat-9.0.12/webapps/bookshop_prev] de la aplicación web
08-Nov-2018 11:21:11.130 ADVERTENCIA [main] org.apache.tomcat.dbcp.dbcp2.BasicDataSourceFactory.getObjectInstance Name = Libros Property maxActive is not used in DBCP2, use maxTotal instead. maxTotal default value is 8. You have set value of "8" for "maxActive" property, which is being ignored.
08-Nov-2018 11:21:11.183 INFORMACIÓN [main] org.apache.jasper.servlet.TldScanner.scanJars Al menos un JAR, que se ha explorado buscando TLDs, aún no contenía TLDs. Activar historial de depuración para este historiador para una completa lista de los JARs que fueron explorados y de los que nos se halló TLDs. Saltarse JARs no necesarios durante la exploración puede dar lugar a una mejora de tiempo significativa en el arranque y compilación de JSP .
08-Nov-2018 11:21:11.187 INFORMACIÓN [main] org.apache.catalina.startup.HostConfig.deployDirectory Deployment of web application directory [/var/home/lab/alum0/03/46/795/apache/apache-tomcat-9.0.12/webapps/bookshop_prev] has finished in [309] ms
08-Nov-2018 11:21:11.187 INFORMACIÓN [main] org.apache.catalina.startup.HostConfig.deployDirectory Despliegue del directorio [/var/home/lab/alum0/03/46/795/apache/apache-tomcat-9.0.12/webapps/bookshop] de la aplicación web
08-Nov-2018 11:21:11.420 ADVERTENCIA [main] org.apache.tomcat.dbcp.dbcp2.BasicDataSourceFactory.getObjectInstance Name = Libros Property maxActive is not used in DBCP2, use maxTotal instead. maxTotal default value is 8. You have set value of "8" for "maxActive" property, which is being ignored.
08-Nov-2018 11:21:11.447 INFORMACIÓN [main] org.apache.jasper.servlet.TldScanner.scanJars Al menos un JAR, que se ha explorado buscando TLDs, aún no contenía TLDs. Activar historial de depuración para este historiador para una completa lista de los JARs que fueron explorados y de los que nos se halló TLDs. Saltarse JARs no necesarios durante la exploración puede dar lugar a una mejora de tiempo significativa en el arranque y compilación de JSP .
08-Nov-2018 11:21:11.506 INFORMACIÓN [main] org.apache.catalina.startup.HostConfig.deployDirectory Deployment of web application directory [/var/home/lab/alum0/03/46/795/apache/apache-tomcat-9.0.12/webapps/bookshop] has finished in [318] ms
08-Nov-2018 11:21:11.510 INFORMACIÓN [main] org.apache.coyote.AbstractProtocol.start Starting ProtocolHandler ["http-nio-9190"]
08-Nov-2018 11:21:11.520 INFORMACIÓN [main] org.apache.coyote.AbstractProtocol.start Starting ProtocolHandler ["ajp-nio-8009"]
08-Nov-2018 11:21:11.523 INFORMACIÓN [main] org.apache.catalina.startup.Catalina.start Server startup in 2578 ms
08-Nov-2018 11:21:52.519 INFORMACIÓN [main] org.apache.catalina.core.StandardServer.await Se ha recibido un comando de apagado a través del puerto de apagado. Parando la instancia del Servidor.
08-Nov-2018 11:21:52.520 INFORMACIÓN [main] org.apache.coyote.AbstractProtocol.pause Pausing ProtocolHandler ["http-nio-9190"]
08-Nov-2018 11:21:52.573 INFORMACIÓN [main] org.apache.coyote.AbstractProtocol.pause Pausing ProtocolHandler ["ajp-nio-8009"]
08-Nov-2018 11:21:52.624 INFORMACIÓN [main] org.apache.catalina.core.StandardService.stopInternal Parando servicio [Catalina]
08-Nov-2018 11:21:52.681 ADVERTENCIA [main] org.apache.catalina.loader.WebappClassLoaderBase.clearReferencesJdbc La aplicación web [bookshop] registró el conductor JDBC [com.mysql.jdbc.Driver] pero falló al anular el registro mientras la aplicación web estaba parada. Para prevenir un fallo de memoria, se ha anulado el registro del conductor JDBC por la fuerza.
08-Nov-2018 11:21:52.682 ADVERTENCIA [main] org.apache.catalina.loader.WebappClassLoaderBase.clearReferencesThreads The web application [bookshop] appears to have started a thread named [Abandoned connection cleanup thread] but has failed to stop it. This is very likely to create a memory leak. Stack trace of thread:
 java.lang.Object.wait(Native Method)
 java.lang.ref.ReferenceQueue.remove(ReferenceQueue.java:143)
 com.mysql.jdbc.AbandonedConnectionCleanupThread.run(AbandonedConnectionCleanupThread.java:64)
 java.util.concurrent.ThreadPoolExecutor.runWorker(ThreadPoolExecutor.java:1149)
 java.util.concurrent.ThreadPoolExecutor$Worker.run(ThreadPoolExecutor.java:624)
 java.lang.Thread.run(Thread.java:748)
08-Nov-2018 11:21:52.722 INFORMACIÓN [main] org.apache.coyote.AbstractProtocol.stop Stopping ProtocolHandler ["http-nio-9190"]
08-Nov-2018 11:21:52.726 INFORMACIÓN [main] org.apache.coyote.AbstractProtocol.stop Stopping ProtocolHandler ["ajp-nio-8009"]
08-Nov-2018 11:21:52.728 INFORMACIÓN [main] org.apache.coyote.AbstractProtocol.destroy Destroying ProtocolHandler ["http-nio-9190"]
08-Nov-2018 11:21:52.730 INFORMACIÓN [main] org.apache.coyote.AbstractProtocol.destroy Destroying ProtocolHandler ["ajp-nio-8009"]
08-Nov-2018 11:21:53.762 INFORMACIÓN [main] org.apache.catalina.startup.VersionLoggerListener.log Server version:        Apache Tomcat/9.0.12
08-Nov-2018 11:21:53.765 INFORMACIÓN [main] org.apache.catalina.startup.VersionLoggerListener.log Server built:          Sep 4 2018 22:13:41 UTC
08-Nov-2018 11:21:53.765 INFORMACIÓN [main] org.apache.catalina.startup.VersionLoggerListener.log Server number:         9.0.12.0
08-Nov-2018 11:21:53.765 INFORMACIÓN [main] org.apache.catalina.startup.VersionLoggerListener.log OS Name:               Linux
08-Nov-2018 11:21:53.766 INFORMACIÓN [main] org.apache.catalina.startup.VersionLoggerListener.log OS Version:            4.16.10
08-Nov-2018 11:21:53.766 INFORMACIÓN [main] org.apache.catalina.startup.VersionLoggerListener.log Architecture:          amd64
08-Nov-2018 11:21:53.766 INFORMACIÓN [main] org.apache.catalina.startup.VersionLoggerListener.log Java Home:             /usr/lib/jvm/oracle-java8-jdk-amd64/jre
08-Nov-2018 11:21:53.766 INFORMACIÓN [main] org.apache.catalina.startup.VersionLoggerListener.log JVM Version:           1.8.0_141-b15
08-Nov-2018 11:21:53.766 INFORMACIÓN [main] org.apache.catalina.startup.VersionLoggerListener.log JVM Vendor:            Oracle Corporation
08-Nov-2018 11:21:53.767 INFORMACIÓN [main] org.apache.catalina.startup.VersionLoggerListener.log CATALINA_BASE:         /var/home/lab/alum0/03/46/795/apache/apache-tomcat-9.0.12
08-Nov-2018 11:21:53.767 INFORMACIÓN [main] org.apache.catalina.startup.VersionLoggerListener.log CATALINA_HOME:         /var/home/lab/alum0/03/46/795/apache/apache-tomcat-9.0.12
08-Nov-2018 11:21:53.770 INFORMACIÓN [main] org.apache.catalina.startup.VersionLoggerListener.log Command line argument: -Djava.util.logging.config.file=/usr/lab/alum/0346795/apache/apache-tomcat-9.0.12/conf/logging.properties
08-Nov-2018 11:21:53.771 INFORMACIÓN [main] org.apache.catalina.startup.VersionLoggerListener.log Command line argument: -Djava.util.logging.manager=org.apache.juli.ClassLoaderLogManager
08-Nov-2018 11:21:53.771 INFORMACIÓN [main] org.apache.catalina.startup.VersionLoggerListener.log Command line argument: -Djdk.tls.ephemeralDHKeySize=2048
08-Nov-2018 11:21:53.771 INFORMACIÓN [main] org.apache.catalina.startup.VersionLoggerListener.log Command line argument: -Djava.protocol.handler.pkgs=org.apache.catalina.webresources
08-Nov-2018 11:21:53.772 INFORMACIÓN [main] org.apache.catalina.startup.VersionLoggerListener.log Command line argument: -Dorg.apache.catalina.security.SecurityListener.UMASK=0027
08-Nov-2018 11:21:53.772 INFORMACIÓN [main] org.apache.catalina.startup.VersionLoggerListener.log Command line argument: -Dignore.endorsed.dirs=
08-Nov-2018 11:21:53.772 INFORMACIÓN [main] org.apache.catalina.startup.VersionLoggerListener.log Command line argument: -Dcatalina.base=/usr/lab/alum/0346795/apache/apache-tomcat-9.0.12
08-Nov-2018 11:21:53.773 INFORMACIÓN [main] org.apache.catalina.startup.VersionLoggerListener.log Command line argument: -Dcatalina.home=/usr/lab/alum/0346795/apache/apache-tomcat-9.0.12
08-Nov-2018 11:21:53.773 INFORMACIÓN [main] org.apache.catalina.startup.VersionLoggerListener.log Command line argument: -Djava.io.tmpdir=/usr/lab/alum/0346795/apache/apache-tomcat-9.0.12/temp
08-Nov-2018 11:21:53.773 INFORMACIÓN [main] org.apache.catalina.core.AprLifecycleListener.lifecycleEvent La biblioteca nativa de Apache Tomcat basada en ARP que permite un rendimiento óptimo en entornos de desarrollo no ha sido hallada en java.library.path: [/usr/java/packages/lib/amd64:/usr/lib64:/lib64:/lib:/usr/lib]
08-Nov-2018 11:21:54.046 INFORMACIÓN [main] org.apache.coyote.AbstractProtocol.init Initializing ProtocolHandler ["http-nio-9190"]
08-Nov-2018 11:21:54.127 INFORMACIÓN [main] org.apache.tomcat.util.net.NioSelectorPool.getSharedSelector Using a shared selector for servlet write/read
08-Nov-2018 11:21:54.161 INFORMACIÓN [main] org.apache.coyote.AbstractProtocol.init Initializing ProtocolHandler ["ajp-nio-8009"]
08-Nov-2018 11:21:54.176 INFORMACIÓN [main] org.apache.tomcat.util.net.NioSelectorPool.getSharedSelector Using a shared selector for servlet write/read
08-Nov-2018 11:21:54.181 INFORMACIÓN [main] org.apache.catalina.startup.Catalina.load Initialization processed in 1177 ms
08-Nov-2018 11:21:54.266 INFORMACIÓN [main] org.apache.catalina.core.StandardService.startInternal Arrancando servicio [Catalina]
08-Nov-2018 11:21:54.266 INFORMACIÓN [main] org.apache.catalina.core.StandardEngine.startInternal Starting Servlet Engine: Apache Tomcat/9.0.12
08-Nov-2018 11:21:54.300 INFORMACIÓN [main] org.apache.catalina.startup.HostConfig.deployDirectory Despliegue del directorio [/var/home/lab/alum0/03/46/795/apache/apache-tomcat-9.0.12/webapps/ROOT] de la aplicación web
08-Nov-2018 11:21:55.082 INFORMACIÓN [main] org.apache.catalina.startup.HostConfig.deployDirectory Deployment of web application directory [/var/home/lab/alum0/03/46/795/apache/apache-tomcat-9.0.12/webapps/ROOT] has finished in [780] ms
08-Nov-2018 11:21:55.082 INFORMACIÓN [main] org.apache.catalina.startup.HostConfig.deployDirectory Despliegue del directorio [/var/home/lab/alum0/03/46/795/apache/apache-tomcat-9.0.12/webapps/docs] de la aplicación web
08-Nov-2018 11:21:55.127 INFORMACIÓN [main] org.apache.catalina.startup.HostConfig.deployDirectory Deployment of web application directory [/var/home/lab/alum0/03/46/795/apache/apache-tomcat-9.0.12/webapps/docs] has finished in [45] ms
08-Nov-2018 11:21:55.128 INFORMACIÓN [main] org.apache.catalina.startup.HostConfig.deployDirectory Despliegue del directorio [/var/home/lab/alum0/03/46/795/apache/apache-tomcat-9.0.12/webapps/examples] de la aplicación web
08-Nov-2018 11:21:55.933 INFORMACIÓN [main] org.apache.catalina.startup.HostConfig.deployDirectory Deployment of web application directory [/var/home/lab/alum0/03/46/795/apache/apache-tomcat-9.0.12/webapps/examples] has finished in [806] ms
08-Nov-2018 11:21:55.934 INFORMACIÓN [main] org.apache.catalina.startup.HostConfig.deployDirectory Despliegue del directorio [/var/home/lab/alum0/03/46/795/apache/apache-tomcat-9.0.12/webapps/host-manager] de la aplicación web
08-Nov-2018 11:21:55.978 INFORMACIÓN [main] org.apache.catalina.startup.HostConfig.deployDirectory Deployment of web application directory [/var/home/lab/alum0/03/46/795/apache/apache-tomcat-9.0.12/webapps/host-manager] has finished in [44] ms
08-Nov-2018 11:21:55.979 INFORMACIÓN [main] org.apache.catalina.startup.HostConfig.deployDirectory Despliegue del directorio [/var/home/lab/alum0/03/46/795/apache/apache-tomcat-9.0.12/webapps/manager] de la aplicación web
08-Nov-2018 11:21:56.026 INFORMACIÓN [main] org.apache.catalina.startup.HostConfig.deployDirectory Deployment of web application directory [/var/home/lab/alum0/03/46/795/apache/apache-tomcat-9.0.12/webapps/manager] has finished in [47] ms
08-Nov-2018 11:21:56.029 INFORMACIÓN [main] org.apache.catalina.startup.HostConfig.deployDirectory Despliegue del directorio [/var/home/lab/alum0/03/46/795/apache/apache-tomcat-9.0.12/webapps/holamundo] de la aplicación web
08-Nov-2018 11:21:56.119 INFORMACIÓN [main] org.apache.catalina.startup.HostConfig.deployDirectory Deployment of web application directory [/var/home/lab/alum0/03/46/795/apache/apache-tomcat-9.0.12/webapps/holamundo] has finished in [90] ms
08-Nov-2018 11:21:56.120 INFORMACIÓN [main] org.apache.catalina.startup.HostConfig.deployDirectory Despliegue del directorio [/var/home/lab/alum0/03/46/795/apache/apache-tomcat-9.0.12/webapps/bookshop_prev] de la aplicación web
08-Nov-2018 11:21:56.326 ADVERTENCIA [main] org.apache.tomcat.dbcp.dbcp2.BasicDataSourceFactory.getObjectInstance Name = Libros Property maxActive is not used in DBCP2, use maxTotal instead. maxTotal default value is 8. You have set value of "8" for "maxActive" property, which is being ignored.
08-Nov-2018 11:21:56.362 INFORMACIÓN [main] org.apache.jasper.servlet.TldScanner.scanJars Al menos un JAR, que se ha explorado buscando TLDs, aún no contenía TLDs. Activar historial de depuración para este historiador para una completa lista de los JARs que fueron explorados y de los que nos se halló TLDs. Saltarse JARs no necesarios durante la exploración puede dar lugar a una mejora de tiempo significativa en el arranque y compilación de JSP .
08-Nov-2018 11:21:56.369 INFORMACIÓN [main] org.apache.catalina.startup.HostConfig.deployDirectory Deployment of web application directory [/var/home/lab/alum0/03/46/795/apache/apache-tomcat-9.0.12/webapps/bookshop_prev] has finished in [249] ms
08-Nov-2018 11:21:56.370 INFORMACIÓN [main] org.apache.catalina.startup.HostConfig.deployDirectory Despliegue del directorio [/var/home/lab/alum0/03/46/795/apache/apache-tomcat-9.0.12/webapps/bookshop] de la aplicación web
08-Nov-2018 11:21:56.568 ADVERTENCIA [main] org.apache.tomcat.dbcp.dbcp2.BasicDataSourceFactory.getObjectInstance Name = Libros Property maxActive is not used in DBCP2, use maxTotal instead. maxTotal default value is 8. You have set value of "8" for "maxActive" property, which is being ignored.
08-Nov-2018 11:21:56.578 INFORMACIÓN [main] org.apache.jasper.servlet.TldScanner.scanJars Al menos un JAR, que se ha explorado buscando TLDs, aún no contenía TLDs. Activar historial de depuración para este historiador para una completa lista de los JARs que fueron explorados y de los que nos se halló TLDs. Saltarse JARs no necesarios durante la exploración puede dar lugar a una mejora de tiempo significativa en el arranque y compilación de JSP .
08-Nov-2018 11:21:56.621 INFORMACIÓN [main] org.apache.catalina.startup.HostConfig.deployDirectory Deployment of web application directory [/var/home/lab/alum0/03/46/795/apache/apache-tomcat-9.0.12/webapps/bookshop] has finished in [252] ms
08-Nov-2018 11:21:56.626 INFORMACIÓN [main] org.apache.coyote.AbstractProtocol.start Starting ProtocolHandler ["http-nio-9190"]
08-Nov-2018 11:21:56.638 INFORMACIÓN [main] org.apache.coyote.AbstractProtocol.start Starting ProtocolHandler ["ajp-nio-8009"]
08-Nov-2018 11:21:56.641 INFORMACIÓN [main] org.apache.catalina.startup.Catalina.start Server startup in 2459 ms
08-Nov-2018 11:33:53.654 INFORMACIÓN [main] org.apache.catalina.core.StandardServer.await Se ha recibido un comando de apagado a través del puerto de apagado. Parando la instancia del Servidor.
08-Nov-2018 11:33:53.656 INFORMACIÓN [main] org.apache.coyote.AbstractProtocol.pause Pausing ProtocolHandler ["http-nio-9190"]
08-Nov-2018 11:33:53.711 INFORMACIÓN [main] org.apache.coyote.AbstractProtocol.pause Pausing ProtocolHandler ["ajp-nio-8009"]
08-Nov-2018 11:33:53.763 INFORMACIÓN [main] org.apache.catalina.core.StandardService.stopInternal Parando servicio [Catalina]
08-Nov-2018 11:33:53.814 ADVERTENCIA [main] org.apache.catalina.loader.WebappClassLoaderBase.clearReferencesJdbc La aplicación web [bookshop] registró el conductor JDBC [com.mysql.jdbc.Driver] pero falló al anular el registro mientras la aplicación web estaba parada. Para prevenir un fallo de memoria, se ha anulado el registro del conductor JDBC por la fuerza.
08-Nov-2018 11:33:53.816 ADVERTENCIA [main] org.apache.catalina.loader.WebappClassLoaderBase.clearReferencesThreads The web application [bookshop] appears to have started a thread named [Abandoned connection cleanup thread] but has failed to stop it. This is very likely to create a memory leak. Stack trace of thread:
 java.lang.Object.wait(Native Method)
 java.lang.ref.ReferenceQueue.remove(ReferenceQueue.java:143)
 com.mysql.jdbc.AbandonedConnectionCleanupThread.run(AbandonedConnectionCleanupThread.java:64)
 java.util.concurrent.ThreadPoolExecutor.runWorker(ThreadPoolExecutor.java:1149)
 java.util.concurrent.ThreadPoolExecutor$Worker.run(ThreadPoolExecutor.java:624)
 java.lang.Thread.run(Thread.java:748)
08-Nov-2018 11:33:53.865 INFORMACIÓN [main] org.apache.coyote.AbstractProtocol.stop Stopping ProtocolHandler ["http-nio-9190"]
08-Nov-2018 11:33:53.867 INFORMACIÓN [main] org.apache.coyote.AbstractProtocol.stop Stopping ProtocolHandler ["ajp-nio-8009"]
08-Nov-2018 11:33:53.869 INFORMACIÓN [main] org.apache.coyote.AbstractProtocol.destroy Destroying ProtocolHandler ["http-nio-9190"]
08-Nov-2018 11:33:53.870 INFORMACIÓN [main] org.apache.coyote.AbstractProtocol.destroy Destroying ProtocolHandler ["ajp-nio-8009"]
08-Nov-2018 11:33:54.832 INFORMACIÓN [main] org.apache.catalina.startup.VersionLoggerListener.log Server version:        Apache Tomcat/9.0.12
08-Nov-2018 11:33:54.836 INFORMACIÓN [main] org.apache.catalina.startup.VersionLoggerListener.log Server built:          Sep 4 2018 22:13:41 UTC
08-Nov-2018 11:33:54.836 INFORMACIÓN [main] org.apache.catalina.startup.VersionLoggerListener.log Server number:         9.0.12.0
08-Nov-2018 11:33:54.836 INFORMACIÓN [main] org.apache.catalina.startup.VersionLoggerListener.log OS Name:               Linux
08-Nov-2018 11:33:54.836 INFORMACIÓN [main] org.apache.catalina.startup.VersionLoggerListener.log OS Version:            4.16.10
08-Nov-2018 11:33:54.836 INFORMACIÓN [main] org.apache.catalina.startup.VersionLoggerListener.log Architecture:          amd64
08-Nov-2018 11:33:54.837 INFORMACIÓN [main] org.apache.catalina.startup.VersionLoggerListener.log Java Home:             /usr/lib/jvm/oracle-java8-jdk-amd64/jre
08-Nov-2018 11:33:54.837 INFORMACIÓN [main] org.apache.catalina.startup.VersionLoggerListener.log JVM Version:           1.8.0_141-b15
08-Nov-2018 11:33:54.837 INFORMACIÓN [main] org.apache.catalina.startup.VersionLoggerListener.log JVM Vendor:            Oracle Corporation
08-Nov-2018 11:33:54.837 INFORMACIÓN [main] org.apache.catalina.startup.VersionLoggerListener.log CATALINA_BASE:         /var/home/lab/alum0/03/46/795/apache/apache-tomcat-9.0.12
08-Nov-2018 11:33:54.837 INFORMACIÓN [main] org.apache.catalina.startup.VersionLoggerListener.log CATALINA_HOME:         /var/home/lab/alum0/03/46/795/apache/apache-tomcat-9.0.12
08-Nov-2018 11:33:54.838 INFORMACIÓN [main] org.apache.catalina.startup.VersionLoggerListener.log Command line argument: -Djava.util.logging.config.file=/usr/lab/alum/0346795/apache/apache-tomcat-9.0.12/conf/logging.properties
08-Nov-2018 11:33:54.840 INFORMACIÓN [main] org.apache.catalina.startup.VersionLoggerListener.log Command line argument: -Djava.util.logging.manager=org.apache.juli.ClassLoaderLogManager
08-Nov-2018 11:33:54.841 INFORMACIÓN [main] org.apache.catalina.startup.VersionLoggerListener.log Command line argument: -Djdk.tls.ephemeralDHKeySize=2048
08-Nov-2018 11:33:54.841 INFORMACIÓN [main] org.apache.catalina.startup.VersionLoggerListener.log Command line argument: -Djava.protocol.handler.pkgs=org.apache.catalina.webresources
08-Nov-2018 11:33:54.841 INFORMACIÓN [main] org.apache.catalina.startup.VersionLoggerListener.log Command line argument: -Dorg.apache.catalina.security.SecurityListener.UMASK=0027
08-Nov-2018 11:33:54.841 INFORMACIÓN [main] org.apache.catalina.startup.VersionLoggerListener.log Command line argument: -Dignore.endorsed.dirs=
08-Nov-2018 11:33:54.842 INFORMACIÓN [main] org.apache.catalina.startup.VersionLoggerListener.log Command line argument: -Dcatalina.base=/usr/lab/alum/0346795/apache/apache-tomcat-9.0.12
08-Nov-2018 11:33:54.842 INFORMACIÓN [main] org.apache.catalina.startup.VersionLoggerListener.log Command line argument: -Dcatalina.home=/usr/lab/alum/0346795/apache/apache-tomcat-9.0.12
08-Nov-2018 11:33:54.843 INFORMACIÓN [main] org.apache.catalina.startup.VersionLoggerListener.log Command line argument: -Djava.io.tmpdir=/usr/lab/alum/0346795/apache/apache-tomcat-9.0.12/temp
08-Nov-2018 11:33:54.843 INFORMACIÓN [main] org.apache.catalina.core.AprLifecycleListener.lifecycleEvent La biblioteca nativa de Apache Tomcat basada en ARP que permite un rendimiento óptimo en entornos de desarrollo no ha sido hallada en java.library.path: [/usr/java/packages/lib/amd64:/usr/lib64:/lib64:/lib:/usr/lib]
08-Nov-2018 11:33:55.075 INFORMACIÓN [main] org.apache.coyote.AbstractProtocol.init Initializing ProtocolHandler ["http-nio-9190"]
08-Nov-2018 11:33:55.095 INFORMACIÓN [main] org.apache.tomcat.util.net.NioSelectorPool.getSharedSelector Using a shared selector for servlet write/read
08-Nov-2018 11:33:55.105 INFORMACIÓN [main] org.apache.coyote.AbstractProtocol.init Initializing ProtocolHandler ["ajp-nio-8009"]
08-Nov-2018 11:33:55.107 INFORMACIÓN [main] org.apache.tomcat.util.net.NioSelectorPool.getSharedSelector Using a shared selector for servlet write/read
08-Nov-2018 11:33:55.108 INFORMACIÓN [main] org.apache.catalina.startup.Catalina.load Initialization processed in 966 ms
08-Nov-2018 11:33:55.145 INFORMACIÓN [main] org.apache.catalina.core.StandardService.startInternal Arrancando servicio [Catalina]
08-Nov-2018 11:33:55.146 INFORMACIÓN [main] org.apache.catalina.core.StandardEngine.startInternal Starting Servlet Engine: Apache Tomcat/9.0.12
08-Nov-2018 11:33:55.162 INFORMACIÓN [main] org.apache.catalina.startup.HostConfig.deployDirectory Despliegue del directorio [/var/home/lab/alum0/03/46/795/apache/apache-tomcat-9.0.12/webapps/ROOT] de la aplicación web
08-Nov-2018 11:33:55.787 INFORMACIÓN [main] org.apache.catalina.startup.HostConfig.deployDirectory Deployment of web application directory [/var/home/lab/alum0/03/46/795/apache/apache-tomcat-9.0.12/webapps/ROOT] has finished in [623] ms
08-Nov-2018 11:33:55.788 INFORMACIÓN [main] org.apache.catalina.startup.HostConfig.deployDirectory Despliegue del directorio [/var/home/lab/alum0/03/46/795/apache/apache-tomcat-9.0.12/webapps/docs] de la aplicación web
08-Nov-2018 11:33:55.829 INFORMACIÓN [main] org.apache.catalina.startup.HostConfig.deployDirectory Deployment of web application directory [/var/home/lab/alum0/03/46/795/apache/apache-tomcat-9.0.12/webapps/docs] has finished in [41] ms
08-Nov-2018 11:33:55.830 INFORMACIÓN [main] org.apache.catalina.startup.HostConfig.deployDirectory Despliegue del directorio [/var/home/lab/alum0/03/46/795/apache/apache-tomcat-9.0.12/webapps/examples] de la aplicación web
08-Nov-2018 11:33:56.572 INFORMACIÓN [main] org.apache.catalina.startup.HostConfig.deployDirectory Deployment of web application directory [/var/home/lab/alum0/03/46/795/apache/apache-tomcat-9.0.12/webapps/examples] has finished in [742] ms
08-Nov-2018 11:33:56.574 INFORMACIÓN [main] org.apache.catalina.startup.HostConfig.deployDirectory Despliegue del directorio [/var/home/lab/alum0/03/46/795/apache/apache-tomcat-9.0.12/webapps/host-manager] de la aplicación web
08-Nov-2018 11:33:56.652 INFORMACIÓN [main] org.apache.catalina.startup.HostConfig.deployDirectory Deployment of web application directory [/var/home/lab/alum0/03/46/795/apache/apache-tomcat-9.0.12/webapps/host-manager] has finished in [78] ms
08-Nov-2018 11:33:56.653 INFORMACIÓN [main] org.apache.catalina.startup.HostConfig.deployDirectory Despliegue del directorio [/var/home/lab/alum0/03/46/795/apache/apache-tomcat-9.0.12/webapps/manager] de la aplicación web
08-Nov-2018 11:33:56.736 INFORMACIÓN [main] org.apache.catalina.startup.HostConfig.deployDirectory Deployment of web application directory [/var/home/lab/alum0/03/46/795/apache/apache-tomcat-9.0.12/webapps/manager] has finished in [82] ms
08-Nov-2018 11:33:56.737 INFORMACIÓN [main] org.apache.catalina.startup.HostConfig.deployDirectory Despliegue del directorio [/var/home/lab/alum0/03/46/795/apache/apache-tomcat-9.0.12/webapps/holamundo] de la aplicación web
08-Nov-2018 11:33:56.845 INFORMACIÓN [main] org.apache.catalina.startup.HostConfig.deployDirectory Deployment of web application directory [/var/home/lab/alum0/03/46/795/apache/apache-tomcat-9.0.12/webapps/holamundo] has finished in [108] ms
08-Nov-2018 11:33:56.849 INFORMACIÓN [main] org.apache.catalina.startup.HostConfig.deployDirectory Despliegue del directorio [/var/home/lab/alum0/03/46/795/apache/apache-tomcat-9.0.12/webapps/bookshop_prev] de la aplicación web
08-Nov-2018 11:33:57.108 ADVERTENCIA [main] org.apache.tomcat.dbcp.dbcp2.BasicDataSourceFactory.getObjectInstance Name = Libros Property maxActive is not used in DBCP2, use maxTotal instead. maxTotal default value is 8. You have set value of "8" for "maxActive" property, which is being ignored.
08-Nov-2018 11:33:57.153 INFORMACIÓN [main] org.apache.jasper.servlet.TldScanner.scanJars Al menos un JAR, que se ha explorado buscando TLDs, aún no contenía TLDs. Activar historial de depuración para este historiador para una completa lista de los JARs que fueron explorados y de los que nos se halló TLDs. Saltarse JARs no necesarios durante la exploración puede dar lugar a una mejora de tiempo significativa en el arranque y compilación de JSP .
08-Nov-2018 11:33:57.156 INFORMACIÓN [main] org.apache.catalina.startup.HostConfig.deployDirectory Deployment of web application directory [/var/home/lab/alum0/03/46/795/apache/apache-tomcat-9.0.12/webapps/bookshop_prev] has finished in [307] ms
08-Nov-2018 11:33:57.156 INFORMACIÓN [main] org.apache.catalina.startup.HostConfig.deployDirectory Despliegue del directorio [/var/home/lab/alum0/03/46/795/apache/apache-tomcat-9.0.12/webapps/bookshop] de la aplicación web
08-Nov-2018 11:33:57.377 ADVERTENCIA [main] org.apache.tomcat.dbcp.dbcp2.BasicDataSourceFactory.getObjectInstance Name = Libros Property maxActive is not used in DBCP2, use maxTotal instead. maxTotal default value is 8. You have set value of "8" for "maxActive" property, which is being ignored.
08-Nov-2018 11:33:57.394 INFORMACIÓN [main] org.apache.jasper.servlet.TldScanner.scanJars Al menos un JAR, que se ha explorado buscando TLDs, aún no contenía TLDs. Activar historial de depuración para este historiador para una completa lista de los JARs que fueron explorados y de los que nos se halló TLDs. Saltarse JARs no necesarios durante la exploración puede dar lugar a una mejora de tiempo significativa en el arranque y compilación de JSP .
08-Nov-2018 11:33:57.444 INFORMACIÓN [main] org.apache.catalina.startup.HostConfig.deployDirectory Deployment of web application directory [/var/home/lab/alum0/03/46/795/apache/apache-tomcat-9.0.12/webapps/bookshop] has finished in [287] ms
08-Nov-2018 11:33:57.449 INFORMACIÓN [main] org.apache.coyote.AbstractProtocol.start Starting ProtocolHandler ["http-nio-9190"]
08-Nov-2018 11:33:57.468 INFORMACIÓN [main] org.apache.coyote.AbstractProtocol.start Starting ProtocolHandler ["ajp-nio-8009"]
08-Nov-2018 11:33:57.471 INFORMACIÓN [main] org.apache.catalina.startup.Catalina.start Server startup in 2363 ms
08-Nov-2018 11:34:22.993 INFORMACIÓN [main] org.apache.catalina.core.StandardServer.await Se ha recibido un comando de apagado a través del puerto de apagado. Parando la instancia del Servidor.
08-Nov-2018 11:34:22.994 INFORMACIÓN [main] org.apache.coyote.AbstractProtocol.pause Pausing ProtocolHandler ["http-nio-9190"]
08-Nov-2018 11:34:22.998 INFORMACIÓN [main] org.apache.coyote.AbstractProtocol.pause Pausing ProtocolHandler ["ajp-nio-8009"]
08-Nov-2018 11:34:22.999 INFORMACIÓN [main] org.apache.catalina.core.StandardService.stopInternal Parando servicio [Catalina]
08-Nov-2018 11:34:23.042 ADVERTENCIA [main] org.apache.catalina.loader.WebappClassLoaderBase.clearReferencesJdbc La aplicación web [bookshop] registró el conductor JDBC [com.mysql.jdbc.Driver] pero falló al anular el registro mientras la aplicación web estaba parada. Para prevenir un fallo de memoria, se ha anulado el registro del conductor JDBC por la fuerza.
08-Nov-2018 11:34:23.044 ADVERTENCIA [main] org.apache.catalina.loader.WebappClassLoaderBase.clearReferencesThreads The web application [bookshop] appears to have started a thread named [Abandoned connection cleanup thread] but has failed to stop it. This is very likely to create a memory leak. Stack trace of thread:
 java.lang.Object.wait(Native Method)
 java.lang.ref.ReferenceQueue.remove(ReferenceQueue.java:143)
 com.mysql.jdbc.AbandonedConnectionCleanupThread.run(AbandonedConnectionCleanupThread.java:64)
 java.util.concurrent.ThreadPoolExecutor.runWorker(ThreadPoolExecutor.java:1149)
 java.util.concurrent.ThreadPoolExecutor$Worker.run(ThreadPoolExecutor.java:624)
 java.lang.Thread.run(Thread.java:748)
08-Nov-2018 11:34:23.081 INFORMACIÓN [main] org.apache.coyote.AbstractProtocol.stop Stopping ProtocolHandler ["http-nio-9190"]
08-Nov-2018 11:34:23.086 INFORMACIÓN [main] org.apache.coyote.AbstractProtocol.stop Stopping ProtocolHandler ["ajp-nio-8009"]
08-Nov-2018 11:34:23.089 INFORMACIÓN [main] org.apache.coyote.AbstractProtocol.destroy Destroying ProtocolHandler ["http-nio-9190"]
08-Nov-2018 11:34:23.090 INFORMACIÓN [main] org.apache.coyote.AbstractProtocol.destroy Destroying ProtocolHandler ["ajp-nio-8009"]
08-Nov-2018 11:34:24.062 INFORMACIÓN [main] org.apache.catalina.startup.VersionLoggerListener.log Server version:        Apache Tomcat/9.0.12
08-Nov-2018 11:34:24.068 INFORMACIÓN [main] org.apache.catalina.startup.VersionLoggerListener.log Server built:          Sep 4 2018 22:13:41 UTC
08-Nov-2018 11:34:24.068 INFORMACIÓN [main] org.apache.catalina.startup.VersionLoggerListener.log Server number:         9.0.12.0
08-Nov-2018 11:34:24.069 INFORMACIÓN [main] org.apache.catalina.startup.VersionLoggerListener.log OS Name:               Linux
08-Nov-2018 11:34:24.069 INFORMACIÓN [main] org.apache.catalina.startup.VersionLoggerListener.log OS Version:            4.16.10
08-Nov-2018 11:34:24.069 INFORMACIÓN [main] org.apache.catalina.startup.VersionLoggerListener.log Architecture:          amd64
08-Nov-2018 11:34:24.070 INFORMACIÓN [main] org.apache.catalina.startup.VersionLoggerListener.log Java Home:             /usr/lib/jvm/oracle-java8-jdk-amd64/jre
08-Nov-2018 11:34:24.070 INFORMACIÓN [main] org.apache.catalina.startup.VersionLoggerListener.log JVM Version:           1.8.0_141-b15
08-Nov-2018 11:34:24.070 INFORMACIÓN [main] org.apache.catalina.startup.VersionLoggerListener.log JVM Vendor:            Oracle Corporation
08-Nov-2018 11:34:24.070 INFORMACIÓN [main] org.apache.catalina.startup.VersionLoggerListener.log CATALINA_BASE:         /var/home/lab/alum0/03/46/795/apache/apache-tomcat-9.0.12
08-Nov-2018 11:34:24.071 INFORMACIÓN [main] org.apache.catalina.startup.VersionLoggerListener.log CATALINA_HOME:         /var/home/lab/alum0/03/46/795/apache/apache-tomcat-9.0.12
08-Nov-2018 11:34:24.072 INFORMACIÓN [main] org.apache.catalina.startup.VersionLoggerListener.log Command line argument: -Djava.util.logging.config.file=/usr/lab/alum/0346795/apache/apache-tomcat-9.0.12/conf/logging.properties
08-Nov-2018 11:34:24.072 INFORMACIÓN [main] org.apache.catalina.startup.VersionLoggerListener.log Command line argument: -Djava.util.logging.manager=org.apache.juli.ClassLoaderLogManager
08-Nov-2018 11:34:24.072 INFORMACIÓN [main] org.apache.catalina.startup.VersionLoggerListener.log Command line argument: -Djdk.tls.ephemeralDHKeySize=2048
08-Nov-2018 11:34:24.072 INFORMACIÓN [main] org.apache.catalina.startup.VersionLoggerListener.log Command line argument: -Djava.protocol.handler.pkgs=org.apache.catalina.webresources
08-Nov-2018 11:34:24.073 INFORMACIÓN [main] org.apache.catalina.startup.VersionLoggerListener.log Command line argument: -Dorg.apache.catalina.security.SecurityListener.UMASK=0027
08-Nov-2018 11:34:24.073 INFORMACIÓN [main] org.apache.catalina.startup.VersionLoggerListener.log Command line argument: -Dignore.endorsed.dirs=
08-Nov-2018 11:34:24.073 INFORMACIÓN [main] org.apache.catalina.startup.VersionLoggerListener.log Command line argument: -Dcatalina.base=/usr/lab/alum/0346795/apache/apache-tomcat-9.0.12
08-Nov-2018 11:34:24.074 INFORMACIÓN [main] org.apache.catalina.startup.VersionLoggerListener.log Command line argument: -Dcatalina.home=/usr/lab/alum/0346795/apache/apache-tomcat-9.0.12
08-Nov-2018 11:34:24.074 INFORMACIÓN [main] org.apache.catalina.startup.VersionLoggerListener.log Command line argument: -Djava.io.tmpdir=/usr/lab/alum/0346795/apache/apache-tomcat-9.0.12/temp
08-Nov-2018 11:34:24.074 INFORMACIÓN [main] org.apache.catalina.core.AprLifecycleListener.lifecycleEvent La biblioteca nativa de Apache Tomcat basada en ARP que permite un rendimiento óptimo en entornos de desarrollo no ha sido hallada en java.library.path: [/usr/java/packages/lib/amd64:/usr/lib64:/lib64:/lib:/usr/lib]
08-Nov-2018 11:34:24.305 INFORMACIÓN [main] org.apache.coyote.AbstractProtocol.init Initializing ProtocolHandler ["http-nio-9190"]
08-Nov-2018 11:34:24.324 INFORMACIÓN [main] org.apache.tomcat.util.net.NioSelectorPool.getSharedSelector Using a shared selector for servlet write/read
08-Nov-2018 11:34:24.336 INFORMACIÓN [main] org.apache.coyote.AbstractProtocol.init Initializing ProtocolHandler ["ajp-nio-8009"]
08-Nov-2018 11:34:24.338 INFORMACIÓN [main] org.apache.tomcat.util.net.NioSelectorPool.getSharedSelector Using a shared selector for servlet write/read
08-Nov-2018 11:34:24.343 INFORMACIÓN [main] org.apache.catalina.startup.Catalina.load Initialization processed in 871 ms
08-Nov-2018 11:34:24.391 INFORMACIÓN [main] org.apache.catalina.core.StandardService.startInternal Arrancando servicio [Catalina]
08-Nov-2018 11:34:24.391 INFORMACIÓN [main] org.apache.catalina.core.StandardEngine.startInternal Starting Servlet Engine: Apache Tomcat/9.0.12
08-Nov-2018 11:34:24.411 INFORMACIÓN [main] org.apache.catalina.startup.HostConfig.deployDirectory Despliegue del directorio [/var/home/lab/alum0/03/46/795/apache/apache-tomcat-9.0.12/webapps/ROOT] de la aplicación web
08-Nov-2018 11:34:24.907 INFORMACIÓN [main] org.apache.catalina.startup.HostConfig.deployDirectory Deployment of web application directory [/var/home/lab/alum0/03/46/795/apache/apache-tomcat-9.0.12/webapps/ROOT] has finished in [494] ms
08-Nov-2018 11:34:24.908 INFORMACIÓN [main] org.apache.catalina.startup.HostConfig.deployDirectory Despliegue del directorio [/var/home/lab/alum0/03/46/795/apache/apache-tomcat-9.0.12/webapps/docs] de la aplicación web
08-Nov-2018 11:34:24.937 INFORMACIÓN [main] org.apache.catalina.startup.HostConfig.deployDirectory Deployment of web application directory [/var/home/lab/alum0/03/46/795/apache/apache-tomcat-9.0.12/webapps/docs] has finished in [29] ms
08-Nov-2018 11:34:24.938 INFORMACIÓN [main] org.apache.catalina.startup.HostConfig.deployDirectory Despliegue del directorio [/var/home/lab/alum0/03/46/795/apache/apache-tomcat-9.0.12/webapps/examples] de la aplicación web
08-Nov-2018 11:34:25.672 INFORMACIÓN [main] org.apache.catalina.startup.HostConfig.deployDirectory Deployment of web application directory [/var/home/lab/alum0/03/46/795/apache/apache-tomcat-9.0.12/webapps/examples] has finished in [734] ms
08-Nov-2018 11:34:25.673 INFORMACIÓN [main] org.apache.catalina.startup.HostConfig.deployDirectory Despliegue del directorio [/var/home/lab/alum0/03/46/795/apache/apache-tomcat-9.0.12/webapps/host-manager] de la aplicación web
08-Nov-2018 11:34:25.723 INFORMACIÓN [main] org.apache.catalina.startup.HostConfig.deployDirectory Deployment of web application directory [/var/home/lab/alum0/03/46/795/apache/apache-tomcat-9.0.12/webapps/host-manager] has finished in [50] ms
08-Nov-2018 11:34:25.724 INFORMACIÓN [main] org.apache.catalina.startup.HostConfig.deployDirectory Despliegue del directorio [/var/home/lab/alum0/03/46/795/apache/apache-tomcat-9.0.12/webapps/manager] de la aplicación web
08-Nov-2018 11:34:25.783 INFORMACIÓN [main] org.apache.catalina.startup.HostConfig.deployDirectory Deployment of web application directory [/var/home/lab/alum0/03/46/795/apache/apache-tomcat-9.0.12/webapps/manager] has finished in [59] ms
08-Nov-2018 11:34:25.785 INFORMACIÓN [main] org.apache.catalina.startup.HostConfig.deployDirectory Despliegue del directorio [/var/home/lab/alum0/03/46/795/apache/apache-tomcat-9.0.12/webapps/holamundo] de la aplicación web
08-Nov-2018 11:34:25.877 INFORMACIÓN [main] org.apache.catalina.startup.HostConfig.deployDirectory Deployment of web application directory [/var/home/lab/alum0/03/46/795/apache/apache-tomcat-9.0.12/webapps/holamundo] has finished in [93] ms
08-Nov-2018 11:34:25.877 INFORMACIÓN [main] org.apache.catalina.startup.HostConfig.deployDirectory Despliegue del directorio [/var/home/lab/alum0/03/46/795/apache/apache-tomcat-9.0.12/webapps/bookshop_prev] de la aplicación web
08-Nov-2018 11:34:26.093 ADVERTENCIA [main] org.apache.tomcat.dbcp.dbcp2.BasicDataSourceFactory.getObjectInstance Name = Libros Property maxActive is not used in DBCP2, use maxTotal instead. maxTotal default value is 8. You have set value of "8" for "maxActive" property, which is being ignored.
08-Nov-2018 11:34:26.124 INFORMACIÓN [main] org.apache.jasper.servlet.TldScanner.scanJars Al menos un JAR, que se ha explorado buscando TLDs, aún no contenía TLDs. Activar historial de depuración para este historiador para una completa lista de los JARs que fueron explorados y de los que nos se halló TLDs. Saltarse JARs no necesarios durante la exploración puede dar lugar a una mejora de tiempo significativa en el arranque y compilación de JSP .
08-Nov-2018 11:34:26.128 INFORMACIÓN [main] org.apache.catalina.startup.HostConfig.deployDirectory Deployment of web application directory [/var/home/lab/alum0/03/46/795/apache/apache-tomcat-9.0.12/webapps/bookshop_prev] has finished in [251] ms
08-Nov-2018 11:34:26.129 INFORMACIÓN [main] org.apache.catalina.startup.HostConfig.deployDirectory Despliegue del directorio [/var/home/lab/alum0/03/46/795/apache/apache-tomcat-9.0.12/webapps/bookshop] de la aplicación web
08-Nov-2018 11:34:26.310 ADVERTENCIA [main] org.apache.tomcat.dbcp.dbcp2.BasicDataSourceFactory.getObjectInstance Name = Libros Property maxActive is not used in DBCP2, use maxTotal instead. maxTotal default value is 8. You have set value of "8" for "maxActive" property, which is being ignored.
08-Nov-2018 11:34:26.320 INFORMACIÓN [main] org.apache.jasper.servlet.TldScanner.scanJars Al menos un JAR, que se ha explorado buscando TLDs, aún no contenía TLDs. Activar historial de depuración para este historiador para una completa lista de los JARs que fueron explorados y de los que nos se halló TLDs. Saltarse JARs no necesarios durante la exploración puede dar lugar a una mejora de tiempo significativa en el arranque y compilación de JSP .
08-Nov-2018 11:34:26.354 INFORMACIÓN [main] org.apache.catalina.startup.HostConfig.deployDirectory Deployment of web application directory [/var/home/lab/alum0/03/46/795/apache/apache-tomcat-9.0.12/webapps/bookshop] has finished in [226] ms
08-Nov-2018 11:34:26.359 INFORMACIÓN [main] org.apache.coyote.AbstractProtocol.start Starting ProtocolHandler ["http-nio-9190"]
08-Nov-2018 11:34:26.375 INFORMACIÓN [main] org.apache.coyote.AbstractProtocol.start Starting ProtocolHandler ["ajp-nio-8009"]
08-Nov-2018 11:34:26.378 INFORMACIÓN [main] org.apache.catalina.startup.Catalina.start Server startup in 2034 ms
08-Nov-2018 12:13:33.796 INFORMACIÓN [main] org.apache.catalina.core.StandardServer.await Se ha recibido un comando de apagado a través del puerto de apagado. Parando la instancia del Servidor.
08-Nov-2018 12:13:33.798 INFORMACIÓN [main] org.apache.coyote.AbstractProtocol.pause Pausing ProtocolHandler ["http-nio-9190"]
08-Nov-2018 12:13:33.851 INFORMACIÓN [main] org.apache.coyote.AbstractProtocol.pause Pausing ProtocolHandler ["ajp-nio-8009"]
08-Nov-2018 12:13:33.903 INFORMACIÓN [main] org.apache.catalina.core.StandardService.stopInternal Parando servicio [Catalina]
08-Nov-2018 12:13:34.055 ADVERTENCIA [main] org.apache.catalina.loader.WebappClassLoaderBase.clearReferencesJdbc La aplicación web [bookshop] registró el conductor JDBC [com.mysql.jdbc.Driver] pero falló al anular el registro mientras la aplicación web estaba parada. Para prevenir un fallo de memoria, se ha anulado el registro del conductor JDBC por la fuerza.
08-Nov-2018 12:13:34.063 ADVERTENCIA [main] org.apache.catalina.loader.WebappClassLoaderBase.clearReferencesThreads The web application [bookshop] appears to have started a thread named [Abandoned connection cleanup thread] but has failed to stop it. This is very likely to create a memory leak. Stack trace of thread:
 java.lang.Object.wait(Native Method)
 java.lang.ref.ReferenceQueue.remove(ReferenceQueue.java:143)
 com.mysql.jdbc.AbandonedConnectionCleanupThread.run(AbandonedConnectionCleanupThread.java:64)
 java.util.concurrent.ThreadPoolExecutor.runWorker(ThreadPoolExecutor.java:1149)
 java.util.concurrent.ThreadPoolExecutor$Worker.run(ThreadPoolExecutor.java:624)
 java.lang.Thread.run(Thread.java:748)
08-Nov-2018 12:13:34.103 INFORMACIÓN [main] org.apache.coyote.AbstractProtocol.stop Stopping ProtocolHandler ["http-nio-9190"]
08-Nov-2018 12:13:34.105 INFORMACIÓN [main] org.apache.coyote.AbstractProtocol.stop Stopping ProtocolHandler ["ajp-nio-8009"]
08-Nov-2018 12:13:34.108 INFORMACIÓN [main] org.apache.coyote.AbstractProtocol.destroy Destroying ProtocolHandler ["http-nio-9190"]
08-Nov-2018 12:13:34.110 INFORMACIÓN [main] org.apache.coyote.AbstractProtocol.destroy Destroying ProtocolHandler ["ajp-nio-8009"]
08-Nov-2018 12:13:35.952 INFORMACIÓN [main] org.apache.catalina.startup.VersionLoggerListener.log Server version:        Apache Tomcat/9.0.12
08-Nov-2018 12:13:36.062 INFORMACIÓN [main] org.apache.catalina.startup.VersionLoggerListener.log Server built:          Sep 4 2018 22:13:41 UTC
08-Nov-2018 12:13:36.063 INFORMACIÓN [main] org.apache.catalina.startup.VersionLoggerListener.log Server number:         9.0.12.0
08-Nov-2018 12:13:36.063 INFORMACIÓN [main] org.apache.catalina.startup.VersionLoggerListener.log OS Name:               Linux
08-Nov-2018 12:13:36.063 INFORMACIÓN [main] org.apache.catalina.startup.VersionLoggerListener.log OS Version:            4.16.10
08-Nov-2018 12:13:36.063 INFORMACIÓN [main] org.apache.catalina.startup.VersionLoggerListener.log Architecture:          amd64
08-Nov-2018 12:13:36.064 INFORMACIÓN [main] org.apache.catalina.startup.VersionLoggerListener.log Java Home:             /usr/lib/jvm/oracle-java8-jdk-amd64/jre
08-Nov-2018 12:13:36.067 INFORMACIÓN [main] org.apache.catalina.startup.VersionLoggerListener.log JVM Version:           1.8.0_141-b15
08-Nov-2018 12:13:36.067 INFORMACIÓN [main] org.apache.catalina.startup.VersionLoggerListener.log JVM Vendor:            Oracle Corporation
08-Nov-2018 12:13:36.067 INFORMACIÓN [main] org.apache.catalina.startup.VersionLoggerListener.log CATALINA_BASE:         /var/home/lab/alum0/03/46/795/apache/apache-tomcat-9.0.12
08-Nov-2018 12:13:36.067 INFORMACIÓN [main] org.apache.catalina.startup.VersionLoggerListener.log CATALINA_HOME:         /var/home/lab/alum0/03/46/795/apache/apache-tomcat-9.0.12
08-Nov-2018 12:13:36.067 INFORMACIÓN [main] org.apache.catalina.startup.VersionLoggerListener.log Command line argument: -Djava.util.logging.config.file=/usr/lab/alum/0346795/apache/apache-tomcat-9.0.12/conf/logging.properties
08-Nov-2018 12:13:36.068 INFORMACIÓN [main] org.apache.catalina.startup.VersionLoggerListener.log Command line argument: -Djava.util.logging.manager=org.apache.juli.ClassLoaderLogManager
08-Nov-2018 12:13:36.068 INFORMACIÓN [main] org.apache.catalina.startup.VersionLoggerListener.log Command line argument: -Djdk.tls.ephemeralDHKeySize=2048
08-Nov-2018 12:13:36.068 INFORMACIÓN [main] org.apache.catalina.startup.VersionLoggerListener.log Command line argument: -Djava.protocol.handler.pkgs=org.apache.catalina.webresources
08-Nov-2018 12:13:36.068 INFORMACIÓN [main] org.apache.catalina.startup.VersionLoggerListener.log Command line argument: -Dorg.apache.catalina.security.SecurityListener.UMASK=0027
08-Nov-2018 12:13:36.068 INFORMACIÓN [main] org.apache.catalina.startup.VersionLoggerListener.log Command line argument: -Dignore.endorsed.dirs=
08-Nov-2018 12:13:36.068 INFORMACIÓN [main] org.apache.catalina.startup.VersionLoggerListener.log Command line argument: -Dcatalina.base=/usr/lab/alum/0346795/apache/apache-tomcat-9.0.12
08-Nov-2018 12:13:36.068 INFORMACIÓN [main] org.apache.catalina.startup.VersionLoggerListener.log Command line argument: -Dcatalina.home=/usr/lab/alum/0346795/apache/apache-tomcat-9.0.12
08-Nov-2018 12:13:36.068 INFORMACIÓN [main] org.apache.catalina.startup.VersionLoggerListener.log Command line argument: -Djava.io.tmpdir=/usr/lab/alum/0346795/apache/apache-tomcat-9.0.12/temp
08-Nov-2018 12:13:36.069 INFORMACIÓN [main] org.apache.catalina.core.AprLifecycleListener.lifecycleEvent La biblioteca nativa de Apache Tomcat basada en ARP que permite un rendimiento óptimo en entornos de desarrollo no ha sido hallada en java.library.path: [/usr/java/packages/lib/amd64:/usr/lib64:/lib64:/lib:/usr/lib]
08-Nov-2018 12:13:37.284 INFORMACIÓN [main] org.apache.coyote.AbstractProtocol.init Initializing ProtocolHandler ["http-nio-9190"]
08-Nov-2018 12:13:37.454 INFORMACIÓN [main] org.apache.tomcat.util.net.NioSelectorPool.getSharedSelector Using a shared selector for servlet write/read
08-Nov-2018 12:13:37.495 INFORMACIÓN [main] org.apache.coyote.AbstractProtocol.init Initializing ProtocolHandler ["ajp-nio-8009"]
08-Nov-2018 12:13:37.496 INFORMACIÓN [main] org.apache.tomcat.util.net.NioSelectorPool.getSharedSelector Using a shared selector for servlet write/read
08-Nov-2018 12:13:37.497 INFORMACIÓN [main] org.apache.catalina.startup.Catalina.load Initialization processed in 2870 ms
08-Nov-2018 12:13:37.645 INFORMACIÓN [main] org.apache.catalina.core.StandardService.startInternal Arrancando servicio [Catalina]
08-Nov-2018 12:13:37.647 INFORMACIÓN [main] org.apache.catalina.core.StandardEngine.startInternal Starting Servlet Engine: Apache Tomcat/9.0.12
08-Nov-2018 12:13:37.720 INFORMACIÓN [main] org.apache.catalina.startup.HostConfig.deployDirectory Despliegue del directorio [/var/home/lab/alum0/03/46/795/apache/apache-tomcat-9.0.12/webapps/ROOT] de la aplicación web
08-Nov-2018 12:13:38.759 INFORMACIÓN [main] org.apache.catalina.startup.HostConfig.deployDirectory Deployment of web application directory [/var/home/lab/alum0/03/46/795/apache/apache-tomcat-9.0.12/webapps/ROOT] has finished in [1.008] ms
08-Nov-2018 12:13:38.760 INFORMACIÓN [main] org.apache.catalina.startup.HostConfig.deployDirectory Despliegue del directorio [/var/home/lab/alum0/03/46/795/apache/apache-tomcat-9.0.12/webapps/docs] de la aplicación web
08-Nov-2018 12:13:38.798 INFORMACIÓN [main] org.apache.catalina.startup.HostConfig.deployDirectory Deployment of web application directory [/var/home/lab/alum0/03/46/795/apache/apache-tomcat-9.0.12/webapps/docs] has finished in [39] ms
08-Nov-2018 12:13:38.798 INFORMACIÓN [main] org.apache.catalina.startup.HostConfig.deployDirectory Despliegue del directorio [/var/home/lab/alum0/03/46/795/apache/apache-tomcat-9.0.12/webapps/examples] de la aplicación web
08-Nov-2018 12:13:39.580 INFORMACIÓN [main] org.apache.catalina.startup.HostConfig.deployDirectory Deployment of web application directory [/var/home/lab/alum0/03/46/795/apache/apache-tomcat-9.0.12/webapps/examples] has finished in [782] ms
08-Nov-2018 12:13:39.581 INFORMACIÓN [main] org.apache.catalina.startup.HostConfig.deployDirectory Despliegue del directorio [/var/home/lab/alum0/03/46/795/apache/apache-tomcat-9.0.12/webapps/host-manager] de la aplicación web
08-Nov-2018 12:13:39.628 INFORMACIÓN [main] org.apache.catalina.startup.HostConfig.deployDirectory Deployment of web application directory [/var/home/lab/alum0/03/46/795/apache/apache-tomcat-9.0.12/webapps/host-manager] has finished in [48] ms
08-Nov-2018 12:13:39.628 INFORMACIÓN [main] org.apache.catalina.startup.HostConfig.deployDirectory Despliegue del directorio [/var/home/lab/alum0/03/46/795/apache/apache-tomcat-9.0.12/webapps/manager] de la aplicación web
08-Nov-2018 12:13:39.670 INFORMACIÓN [main] org.apache.catalina.startup.HostConfig.deployDirectory Deployment of web application directory [/var/home/lab/alum0/03/46/795/apache/apache-tomcat-9.0.12/webapps/manager] has finished in [42] ms
08-Nov-2018 12:13:39.672 INFORMACIÓN [main] org.apache.catalina.startup.HostConfig.deployDirectory Despliegue del directorio [/var/home/lab/alum0/03/46/795/apache/apache-tomcat-9.0.12/webapps/holamundo] de la aplicación web
08-Nov-2018 12:13:39.837 INFORMACIÓN [main] org.apache.catalina.startup.HostConfig.deployDirectory Deployment of web application directory [/var/home/lab/alum0/03/46/795/apache/apache-tomcat-9.0.12/webapps/holamundo] has finished in [165] ms
08-Nov-2018 12:13:39.838 INFORMACIÓN [main] org.apache.catalina.startup.HostConfig.deployDirectory Despliegue del directorio [/var/home/lab/alum0/03/46/795/apache/apache-tomcat-9.0.12/webapps/bookshop_prev] de la aplicación web
08-Nov-2018 12:13:40.122 ADVERTENCIA [main] org.apache.tomcat.dbcp.dbcp2.BasicDataSourceFactory.getObjectInstance Name = Libros Property maxActive is not used in DBCP2, use maxTotal instead. maxTotal default value is 8. You have set value of "8" for "maxActive" property, which is being ignored.
08-Nov-2018 12:13:40.176 INFORMACIÓN [main] org.apache.jasper.servlet.TldScanner.scanJars Al menos un JAR, que se ha explorado buscando TLDs, aún no contenía TLDs. Activar historial de depuración para este historiador para una completa lista de los JARs que fueron explorados y de los que nos se halló TLDs. Saltarse JARs no necesarios durante la exploración puede dar lugar a una mejora de tiempo significativa en el arranque y compilación de JSP .
08-Nov-2018 12:13:40.180 INFORMACIÓN [main] org.apache.catalina.startup.HostConfig.deployDirectory Deployment of web application directory [/var/home/lab/alum0/03/46/795/apache/apache-tomcat-9.0.12/webapps/bookshop_prev] has finished in [342] ms
08-Nov-2018 12:13:40.181 INFORMACIÓN [main] org.apache.catalina.startup.HostConfig.deployDirectory Despliegue del directorio [/var/home/lab/alum0/03/46/795/apache/apache-tomcat-9.0.12/webapps/bookshop] de la aplicación web
08-Nov-2018 12:13:40.394 ADVERTENCIA [main] org.apache.tomcat.dbcp.dbcp2.BasicDataSourceFactory.getObjectInstance Name = Libros Property maxActive is not used in DBCP2, use maxTotal instead. maxTotal default value is 8. You have set value of "8" for "maxActive" property, which is being ignored.
08-Nov-2018 12:13:40.407 INFORMACIÓN [main] org.apache.jasper.servlet.TldScanner.scanJars Al menos un JAR, que se ha explorado buscando TLDs, aún no contenía TLDs. Activar historial de depuración para este historiador para una completa lista de los JARs que fueron explorados y de los que nos se halló TLDs. Saltarse JARs no necesarios durante la exploración puede dar lugar a una mejora de tiempo significativa en el arranque y compilación de JSP .
08-Nov-2018 12:13:40.463 INFORMACIÓN [main] org.apache.catalina.startup.HostConfig.deployDirectory Deployment of web application directory [/var/home/lab/alum0/03/46/795/apache/apache-tomcat-9.0.12/webapps/bookshop] has finished in [282] ms
08-Nov-2018 12:13:40.468 INFORMACIÓN [main] org.apache.coyote.AbstractProtocol.start Starting ProtocolHandler ["http-nio-9190"]
08-Nov-2018 12:13:40.479 INFORMACIÓN [main] org.apache.coyote.AbstractProtocol.start Starting ProtocolHandler ["ajp-nio-8009"]
08-Nov-2018 12:13:40.482 INFORMACIÓN [main] org.apache.catalina.startup.Catalina.start Server startup in 2984 ms
08-Nov-2018 12:14:11.250 INFORMACIÓN [main] org.apache.catalina.core.StandardServer.await Se ha recibido un comando de apagado a través del puerto de apagado. Parando la instancia del Servidor.
08-Nov-2018 12:14:11.251 INFORMACIÓN [main] org.apache.coyote.AbstractProtocol.pause Pausing ProtocolHandler ["http-nio-9190"]
08-Nov-2018 12:14:11.304 INFORMACIÓN [main] org.apache.coyote.AbstractProtocol.pause Pausing ProtocolHandler ["ajp-nio-8009"]
08-Nov-2018 12:14:11.358 INFORMACIÓN [main] org.apache.catalina.core.StandardService.stopInternal Parando servicio [Catalina]
08-Nov-2018 12:14:11.384 ADVERTENCIA [main] org.apache.catalina.loader.WebappClassLoaderBase.clearReferencesJdbc La aplicación web [bookshop] registró el conductor JDBC [com.mysql.jdbc.Driver] pero falló al anular el registro mientras la aplicación web estaba parada. Para prevenir un fallo de memoria, se ha anulado el registro del conductor JDBC por la fuerza.
08-Nov-2018 12:14:11.385 ADVERTENCIA [main] org.apache.catalina.loader.WebappClassLoaderBase.clearReferencesThreads The web application [bookshop] appears to have started a thread named [Abandoned connection cleanup thread] but has failed to stop it. This is very likely to create a memory leak. Stack trace of thread:
 java.lang.Object.wait(Native Method)
 java.lang.ref.ReferenceQueue.remove(ReferenceQueue.java:143)
 com.mysql.jdbc.AbandonedConnectionCleanupThread.run(AbandonedConnectionCleanupThread.java:64)
 java.util.concurrent.ThreadPoolExecutor.runWorker(ThreadPoolExecutor.java:1149)
 java.util.concurrent.ThreadPoolExecutor$Worker.run(ThreadPoolExecutor.java:624)
 java.lang.Thread.run(Thread.java:748)
08-Nov-2018 12:14:11.411 INFORMACIÓN [main] org.apache.coyote.AbstractProtocol.stop Stopping ProtocolHandler ["http-nio-9190"]
08-Nov-2018 12:14:11.416 INFORMACIÓN [main] org.apache.coyote.AbstractProtocol.stop Stopping ProtocolHandler ["ajp-nio-8009"]
08-Nov-2018 12:14:11.419 INFORMACIÓN [main] org.apache.coyote.AbstractProtocol.destroy Destroying ProtocolHandler ["http-nio-9190"]
08-Nov-2018 12:14:11.420 INFORMACIÓN [main] org.apache.coyote.AbstractProtocol.destroy Destroying ProtocolHandler ["ajp-nio-8009"]
