28-Nov-2018 20:03:57.497 INFORMACIÓN [main] org.apache.catalina.startup.VersionLoggerListener.log Server version:        Apache Tomcat/9.0.12
28-Nov-2018 20:03:57.503 INFORMACIÓN [main] org.apache.catalina.startup.VersionLoggerListener.log Server built:          Sep 4 2018 22:13:41 UTC
28-Nov-2018 20:03:57.503 INFORMACIÓN [main] org.apache.catalina.startup.VersionLoggerListener.log Server number:         9.0.12.0
28-Nov-2018 20:03:57.503 INFORMACIÓN [main] org.apache.catalina.startup.VersionLoggerListener.log OS Name:               Mac OS X
28-Nov-2018 20:03:57.503 INFORMACIÓN [main] org.apache.catalina.startup.VersionLoggerListener.log OS Version:            10.14.1
28-Nov-2018 20:03:57.503 INFORMACIÓN [main] org.apache.catalina.startup.VersionLoggerListener.log Architecture:          x86_64
28-Nov-2018 20:03:57.504 INFORMACIÓN [main] org.apache.catalina.startup.VersionLoggerListener.log Java Home:             /Library/Java/JavaVirtualMachines/jdk1.8.0_181.jdk/Contents/Home/jre
28-Nov-2018 20:03:57.504 INFORMACIÓN [main] org.apache.catalina.startup.VersionLoggerListener.log JVM Version:           1.8.0_181-b13
28-Nov-2018 20:03:57.504 INFORMACIÓN [main] org.apache.catalina.startup.VersionLoggerListener.log JVM Vendor:            Oracle Corporation
28-Nov-2018 20:03:57.504 INFORMACIÓN [main] org.apache.catalina.startup.VersionLoggerListener.log CATALINA_BASE:         /Users/pablodepaz/Documents/GitHub/appweb18_project/apache/apache-tomcat-9.0.12
28-Nov-2018 20:03:57.504 INFORMACIÓN [main] org.apache.catalina.startup.VersionLoggerListener.log CATALINA_HOME:         /Users/pablodepaz/Documents/GitHub/appweb18_project/apache/apache-tomcat-9.0.12
28-Nov-2018 20:03:57.505 INFORMACIÓN [main] org.apache.catalina.startup.VersionLoggerListener.log Command line argument: -Djava.util.logging.config.file=/Users/pablodepaz/Documents/GitHub/appweb18_project/apache/apache-tomcat-9.0.12/conf/logging.properties
28-Nov-2018 20:03:57.506 INFORMACIÓN [main] org.apache.catalina.startup.VersionLoggerListener.log Command line argument: -Djava.util.logging.manager=org.apache.juli.ClassLoaderLogManager
28-Nov-2018 20:03:57.506 INFORMACIÓN [main] org.apache.catalina.startup.VersionLoggerListener.log Command line argument: -Djdk.tls.ephemeralDHKeySize=2048
28-Nov-2018 20:03:57.506 INFORMACIÓN [main] org.apache.catalina.startup.VersionLoggerListener.log Command line argument: -Djava.protocol.handler.pkgs=org.apache.catalina.webresources
28-Nov-2018 20:03:57.506 INFORMACIÓN [main] org.apache.catalina.startup.VersionLoggerListener.log Command line argument: -Dorg.apache.catalina.security.SecurityListener.UMASK=0027
28-Nov-2018 20:03:57.506 INFORMACIÓN [main] org.apache.catalina.startup.VersionLoggerListener.log Command line argument: -Dignore.endorsed.dirs=
28-Nov-2018 20:03:57.508 INFORMACIÓN [main] org.apache.catalina.startup.VersionLoggerListener.log Command line argument: -Dcatalina.base=/Users/pablodepaz/Documents/GitHub/appweb18_project/apache/apache-tomcat-9.0.12
28-Nov-2018 20:03:57.509 INFORMACIÓN [main] org.apache.catalina.startup.VersionLoggerListener.log Command line argument: -Dcatalina.home=/Users/pablodepaz/Documents/GitHub/appweb18_project/apache/apache-tomcat-9.0.12
28-Nov-2018 20:03:57.509 INFORMACIÓN [main] org.apache.catalina.startup.VersionLoggerListener.log Command line argument: -Djava.io.tmpdir=/Users/pablodepaz/Documents/GitHub/appweb18_project/apache/apache-tomcat-9.0.12/temp
28-Nov-2018 20:03:57.509 INFORMACIÓN [main] org.apache.catalina.core.AprLifecycleListener.lifecycleEvent La biblioteca nativa de Apache Tomcat basada en ARP que permite un rendimiento óptimo en entornos de desarrollo no ha sido hallada en java.library.path: [/Users/pablodepaz/Library/Java/Extensions:/Library/Java/Extensions:/Network/Library/Java/Extensions:/System/Library/Java/Extensions:/usr/lib/java:.]
28-Nov-2018 20:03:57.734 INFORMACIÓN [main] org.apache.coyote.AbstractProtocol.init Initializing ProtocolHandler ["http-nio-9190"]
28-Nov-2018 20:03:57.768 INFORMACIÓN [main] org.apache.tomcat.util.net.NioSelectorPool.getSharedSelector Using a shared selector for servlet write/read
28-Nov-2018 20:03:57.781 INFORMACIÓN [main] org.apache.coyote.AbstractProtocol.init Initializing ProtocolHandler ["ajp-nio-8009"]
28-Nov-2018 20:03:57.782 INFORMACIÓN [main] org.apache.tomcat.util.net.NioSelectorPool.getSharedSelector Using a shared selector for servlet write/read
28-Nov-2018 20:03:57.783 INFORMACIÓN [main] org.apache.catalina.startup.Catalina.load Initialization processed in 1009 ms
28-Nov-2018 20:03:57.828 INFORMACIÓN [main] org.apache.catalina.core.StandardService.startInternal Arrancando servicio [Catalina]
28-Nov-2018 20:03:57.828 INFORMACIÓN [main] org.apache.catalina.core.StandardEngine.startInternal Starting Servlet Engine: Apache Tomcat/9.0.12
28-Nov-2018 20:03:57.840 INFORMACIÓN [main] org.apache.catalina.startup.HostConfig.deployDirectory Despliegue del directorio [/Users/pablodepaz/Documents/GitHub/appweb18_project/apache/apache-tomcat-9.0.12/webapps/bookshop] de la aplicación web
28-Nov-2018 20:03:58.882 ADVERTENCIA [main] org.apache.tomcat.dbcp.dbcp2.BasicDataSourceFactory.getObjectInstance Name = Libros Property maxActive is not used in DBCP2, use maxTotal instead. maxTotal default value is 8. You have set value of "8" for "maxActive" property, which is being ignored.
28-Nov-2018 20:03:59.211 INFORMACIÓN [main] org.apache.jasper.servlet.TldScanner.scanJars Al menos un JAR, que se ha explorado buscando TLDs, aún no contenía TLDs. Activar historial de depuración para este historiador para una completa lista de los JARs que fueron explorados y de los que nos se halló TLDs. Saltarse JARs no necesarios durante la exploración puede dar lugar a una mejora de tiempo significativa en el arranque y compilación de JSP .
28-Nov-2018 20:03:59.340 INFORMACIÓN [main] org.apache.catalina.startup.HostConfig.deployDirectory Deployment of web application directory [/Users/pablodepaz/Documents/GitHub/appweb18_project/apache/apache-tomcat-9.0.12/webapps/bookshop] has finished in [1.493] ms
28-Nov-2018 20:03:59.341 INFORMACIÓN [main] org.apache.catalina.startup.HostConfig.deployDirectory Despliegue del directorio [/Users/pablodepaz/Documents/GitHub/appweb18_project/apache/apache-tomcat-9.0.12/webapps/proyecto] de la aplicación web
28-Nov-2018 20:03:59.782 ADVERTENCIA [main] org.apache.tomcat.dbcp.dbcp2.BasicDataSourceFactory.getObjectInstance Name = proyecto Property maxActive is not used in DBCP2, use maxTotal instead. maxTotal default value is 8. You have set value of "8" for "maxActive" property, which is being ignored.
28-Nov-2018 20:03:59.829 INFORMACIÓN [main] org.apache.jasper.servlet.TldScanner.scanJars Al menos un JAR, que se ha explorado buscando TLDs, aún no contenía TLDs. Activar historial de depuración para este historiador para una completa lista de los JARs que fueron explorados y de los que nos se halló TLDs. Saltarse JARs no necesarios durante la exploración puede dar lugar a una mejora de tiempo significativa en el arranque y compilación de JSP .
28-Nov-2018 20:03:59.871 INFORMACIÓN [main] org.apache.catalina.startup.HostConfig.deployDirectory Deployment of web application directory [/Users/pablodepaz/Documents/GitHub/appweb18_project/apache/apache-tomcat-9.0.12/webapps/proyecto] has finished in [530] ms
28-Nov-2018 20:03:59.872 INFORMACIÓN [main] org.apache.catalina.startup.HostConfig.deployDirectory Despliegue del directorio [/Users/pablodepaz/Documents/GitHub/appweb18_project/apache/apache-tomcat-9.0.12/webapps/docs] de la aplicación web
28-Nov-2018 20:03:59.918 INFORMACIÓN [main] org.apache.catalina.startup.HostConfig.deployDirectory Deployment of web application directory [/Users/pablodepaz/Documents/GitHub/appweb18_project/apache/apache-tomcat-9.0.12/webapps/docs] has finished in [46] ms
28-Nov-2018 20:03:59.918 INFORMACIÓN [main] org.apache.catalina.startup.HostConfig.deployDirectory Despliegue del directorio [/Users/pablodepaz/Documents/GitHub/appweb18_project/apache/apache-tomcat-9.0.12/webapps/manager] de la aplicación web
28-Nov-2018 20:04:00.056 INFORMACIÓN [main] org.apache.catalina.startup.HostConfig.deployDirectory Deployment of web application directory [/Users/pablodepaz/Documents/GitHub/appweb18_project/apache/apache-tomcat-9.0.12/webapps/manager] has finished in [137] ms
28-Nov-2018 20:04:00.057 INFORMACIÓN [main] org.apache.catalina.startup.HostConfig.deployDirectory Despliegue del directorio [/Users/pablodepaz/Documents/GitHub/appweb18_project/apache/apache-tomcat-9.0.12/webapps/examples] de la aplicación web
28-Nov-2018 20:04:01.216 INFORMACIÓN [main] org.apache.catalina.startup.HostConfig.deployDirectory Deployment of web application directory [/Users/pablodepaz/Documents/GitHub/appweb18_project/apache/apache-tomcat-9.0.12/webapps/examples] has finished in [1.159] ms
28-Nov-2018 20:04:01.216 INFORMACIÓN [main] org.apache.catalina.startup.HostConfig.deployDirectory Despliegue del directorio [/Users/pablodepaz/Documents/GitHub/appweb18_project/apache/apache-tomcat-9.0.12/webapps/ROOT] de la aplicación web
28-Nov-2018 20:04:01.242 INFORMACIÓN [main] org.apache.catalina.startup.HostConfig.deployDirectory Deployment of web application directory [/Users/pablodepaz/Documents/GitHub/appweb18_project/apache/apache-tomcat-9.0.12/webapps/ROOT] has finished in [26] ms
28-Nov-2018 20:04:01.242 INFORMACIÓN [main] org.apache.catalina.startup.HostConfig.deployDirectory Despliegue del directorio [/Users/pablodepaz/Documents/GitHub/appweb18_project/apache/apache-tomcat-9.0.12/webapps/host-manager] de la aplicación web
28-Nov-2018 20:04:01.309 INFORMACIÓN [main] org.apache.catalina.startup.HostConfig.deployDirectory Deployment of web application directory [/Users/pablodepaz/Documents/GitHub/appweb18_project/apache/apache-tomcat-9.0.12/webapps/host-manager] has finished in [66] ms
28-Nov-2018 20:04:01.309 INFORMACIÓN [main] org.apache.catalina.startup.HostConfig.deployDirectory Despliegue del directorio [/Users/pablodepaz/Documents/GitHub/appweb18_project/apache/apache-tomcat-9.0.12/webapps/holamundo] de la aplicación web
28-Nov-2018 20:04:01.350 INFORMACIÓN [main] org.apache.catalina.startup.HostConfig.deployDirectory Deployment of web application directory [/Users/pablodepaz/Documents/GitHub/appweb18_project/apache/apache-tomcat-9.0.12/webapps/holamundo] has finished in [41] ms
28-Nov-2018 20:04:01.354 INFORMACIÓN [main] org.apache.coyote.AbstractProtocol.start Starting ProtocolHandler ["http-nio-9190"]
28-Nov-2018 20:04:01.361 INFORMACIÓN [main] org.apache.coyote.AbstractProtocol.start Starting ProtocolHandler ["ajp-nio-8009"]
28-Nov-2018 20:04:01.364 INFORMACIÓN [main] org.apache.catalina.startup.Catalina.start Server startup in 3581 ms
