06-Nov-2018 11:13:55.733 INFORMACIÓN [main] org.apache.catalina.startup.VersionLoggerListener.log Server version:        Apache Tomcat/9.0.12
06-Nov-2018 11:13:55.818 INFORMACIÓN [main] org.apache.catalina.startup.VersionLoggerListener.log Server built:          Sep 4 2018 22:13:41 UTC
06-Nov-2018 11:13:55.818 INFORMACIÓN [main] org.apache.catalina.startup.VersionLoggerListener.log Server number:         9.0.12.0
06-Nov-2018 11:13:55.819 INFORMACIÓN [main] org.apache.catalina.startup.VersionLoggerListener.log OS Name:               Linux
06-Nov-2018 11:13:55.819 INFORMACIÓN [main] org.apache.catalina.startup.VersionLoggerListener.log OS Version:            4.16.10
06-Nov-2018 11:13:55.820 INFORMACIÓN [main] org.apache.catalina.startup.VersionLoggerListener.log Architecture:          amd64
06-Nov-2018 11:13:55.820 INFORMACIÓN [main] org.apache.catalina.startup.VersionLoggerListener.log Java Home:             /usr/lib/jvm/oracle-java8-jdk-amd64/jre
06-Nov-2018 11:13:55.820 INFORMACIÓN [main] org.apache.catalina.startup.VersionLoggerListener.log JVM Version:           1.8.0_141-b15
06-Nov-2018 11:13:55.820 INFORMACIÓN [main] org.apache.catalina.startup.VersionLoggerListener.log JVM Vendor:            Oracle Corporation
06-Nov-2018 11:13:55.820 INFORMACIÓN [main] org.apache.catalina.startup.VersionLoggerListener.log CATALINA_BASE:         /var/home/lab/alum0/03/46/795/apache/apache-tomcat-9.0.12
06-Nov-2018 11:13:55.820 INFORMACIÓN [main] org.apache.catalina.startup.VersionLoggerListener.log CATALINA_HOME:         /var/home/lab/alum0/03/46/795/apache/apache-tomcat-9.0.12
06-Nov-2018 11:13:55.822 INFORMACIÓN [main] org.apache.catalina.startup.VersionLoggerListener.log Command line argument: -Djava.util.logging.config.file=/usr/lab/alum/0346795/apache/apache-tomcat-9.0.12/conf/logging.properties
06-Nov-2018 11:13:55.822 INFORMACIÓN [main] org.apache.catalina.startup.VersionLoggerListener.log Command line argument: -Djava.util.logging.manager=org.apache.juli.ClassLoaderLogManager
06-Nov-2018 11:13:55.822 INFORMACIÓN [main] org.apache.catalina.startup.VersionLoggerListener.log Command line argument: -Djdk.tls.ephemeralDHKeySize=2048
06-Nov-2018 11:13:55.823 INFORMACIÓN [main] org.apache.catalina.startup.VersionLoggerListener.log Command line argument: -Djava.protocol.handler.pkgs=org.apache.catalina.webresources
06-Nov-2018 11:13:55.823 INFORMACIÓN [main] org.apache.catalina.startup.VersionLoggerListener.log Command line argument: -Dorg.apache.catalina.security.SecurityListener.UMASK=0027
06-Nov-2018 11:13:55.823 INFORMACIÓN [main] org.apache.catalina.startup.VersionLoggerListener.log Command line argument: -Dignore.endorsed.dirs=
06-Nov-2018 11:13:55.823 INFORMACIÓN [main] org.apache.catalina.startup.VersionLoggerListener.log Command line argument: -Dcatalina.base=/usr/lab/alum/0346795/apache/apache-tomcat-9.0.12
06-Nov-2018 11:13:55.823 INFORMACIÓN [main] org.apache.catalina.startup.VersionLoggerListener.log Command line argument: -Dcatalina.home=/usr/lab/alum/0346795/apache/apache-tomcat-9.0.12
06-Nov-2018 11:13:55.823 INFORMACIÓN [main] org.apache.catalina.startup.VersionLoggerListener.log Command line argument: -Djava.io.tmpdir=/usr/lab/alum/0346795/apache/apache-tomcat-9.0.12/temp
06-Nov-2018 11:13:55.823 INFORMACIÓN [main] org.apache.catalina.core.AprLifecycleListener.lifecycleEvent La biblioteca nativa de Apache Tomcat basada en ARP que permite un rendimiento óptimo en entornos de desarrollo no ha sido hallada en java.library.path: [/usr/java/packages/lib/amd64:/usr/lib64:/lib64:/lib:/usr/lib]
06-Nov-2018 11:13:57.166 INFORMACIÓN [main] org.apache.coyote.AbstractProtocol.init Initializing ProtocolHandler ["http-nio-9190"]
06-Nov-2018 11:13:57.334 INFORMACIÓN [main] org.apache.tomcat.util.net.NioSelectorPool.getSharedSelector Using a shared selector for servlet write/read
06-Nov-2018 11:13:57.372 INFORMACIÓN [main] org.apache.coyote.AbstractProtocol.init Initializing ProtocolHandler ["ajp-nio-8009"]
06-Nov-2018 11:13:57.374 INFORMACIÓN [main] org.apache.tomcat.util.net.NioSelectorPool.getSharedSelector Using a shared selector for servlet write/read
06-Nov-2018 11:13:57.374 INFORMACIÓN [main] org.apache.catalina.startup.Catalina.load Initialization processed in 4642 ms
06-Nov-2018 11:13:58.678 INFORMACIÓN [main] org.apache.catalina.core.StandardService.startInternal Arrancando servicio [Catalina]
06-Nov-2018 11:13:58.679 INFORMACIÓN [main] org.apache.catalina.core.StandardEngine.startInternal Starting Servlet Engine: Apache Tomcat/9.0.12
06-Nov-2018 11:13:58.738 INFORMACIÓN [main] org.apache.catalina.startup.HostConfig.deployDirectory Despliegue del directorio [/var/home/lab/alum0/03/46/795/apache/apache-tomcat-9.0.12/webapps/ROOT] de la aplicación web
06-Nov-2018 11:14:00.440 INFORMACIÓN [main] org.apache.catalina.startup.HostConfig.deployDirectory Deployment of web application directory [/var/home/lab/alum0/03/46/795/apache/apache-tomcat-9.0.12/webapps/ROOT] has finished in [1.678] ms
06-Nov-2018 11:14:00.440 INFORMACIÓN [main] org.apache.catalina.startup.HostConfig.deployDirectory Despliegue del directorio [/var/home/lab/alum0/03/46/795/apache/apache-tomcat-9.0.12/webapps/docs] de la aplicación web
06-Nov-2018 11:14:00.508 INFORMACIÓN [main] org.apache.catalina.startup.HostConfig.deployDirectory Deployment of web application directory [/var/home/lab/alum0/03/46/795/apache/apache-tomcat-9.0.12/webapps/docs] has finished in [67] ms
06-Nov-2018 11:14:00.508 INFORMACIÓN [main] org.apache.catalina.startup.HostConfig.deployDirectory Despliegue del directorio [/var/home/lab/alum0/03/46/795/apache/apache-tomcat-9.0.12/webapps/examples] de la aplicación web
06-Nov-2018 11:14:03.292 INFORMACIÓN [main] org.apache.catalina.startup.HostConfig.deployDirectory Deployment of web application directory [/var/home/lab/alum0/03/46/795/apache/apache-tomcat-9.0.12/webapps/examples] has finished in [2.784] ms
06-Nov-2018 11:14:03.294 INFORMACIÓN [main] org.apache.catalina.startup.HostConfig.deployDirectory Despliegue del directorio [/var/home/lab/alum0/03/46/795/apache/apache-tomcat-9.0.12/webapps/host-manager] de la aplicación web
06-Nov-2018 11:14:03.814 INFORMACIÓN [main] org.apache.catalina.startup.HostConfig.deployDirectory Deployment of web application directory [/var/home/lab/alum0/03/46/795/apache/apache-tomcat-9.0.12/webapps/host-manager] has finished in [520] ms
06-Nov-2018 11:14:03.814 INFORMACIÓN [main] org.apache.catalina.startup.HostConfig.deployDirectory Despliegue del directorio [/var/home/lab/alum0/03/46/795/apache/apache-tomcat-9.0.12/webapps/manager] de la aplicación web
06-Nov-2018 11:14:04.295 INFORMACIÓN [main] org.apache.catalina.startup.HostConfig.deployDirectory Deployment of web application directory [/var/home/lab/alum0/03/46/795/apache/apache-tomcat-9.0.12/webapps/manager] has finished in [481] ms
06-Nov-2018 11:14:04.296 INFORMACIÓN [main] org.apache.catalina.startup.HostConfig.deployDirectory Despliegue del directorio [/var/home/lab/alum0/03/46/795/apache/apache-tomcat-9.0.12/webapps/holamundo] de la aplicación web
06-Nov-2018 11:14:04.689 INFORMACIÓN [main] org.apache.catalina.startup.HostConfig.deployDirectory Deployment of web application directory [/var/home/lab/alum0/03/46/795/apache/apache-tomcat-9.0.12/webapps/holamundo] has finished in [393] ms
06-Nov-2018 11:14:04.690 INFORMACIÓN [main] org.apache.catalina.startup.HostConfig.deployDirectory Despliegue del directorio [/var/home/lab/alum0/03/46/795/apache/apache-tomcat-9.0.12/webapps/bookshop_prev] de la aplicación web
06-Nov-2018 11:14:05.169 ADVERTENCIA [main] org.apache.tomcat.dbcp.dbcp2.BasicDataSourceFactory.getObjectInstance Name = Libros Property maxActive is not used in DBCP2, use maxTotal instead. maxTotal default value is 8. You have set value of "8" for "maxActive" property, which is being ignored.
06-Nov-2018 11:14:05.292 INFORMACIÓN [main] org.apache.jasper.servlet.TldScanner.scanJars Al menos un JAR, que se ha explorado buscando TLDs, aún no contenía TLDs. Activar historial de depuración para este historiador para una completa lista de los JARs que fueron explorados y de los que nos se halló TLDs. Saltarse JARs no necesarios durante la exploración puede dar lugar a una mejora de tiempo significativa en el arranque y compilación de JSP .
06-Nov-2018 11:14:05.298 INFORMACIÓN [main] org.apache.catalina.startup.HostConfig.deployDirectory Deployment of web application directory [/var/home/lab/alum0/03/46/795/apache/apache-tomcat-9.0.12/webapps/bookshop_prev] has finished in [607] ms
06-Nov-2018 11:14:05.298 INFORMACIÓN [main] org.apache.catalina.startup.HostConfig.deployDirectory Despliegue del directorio [/var/home/lab/alum0/03/46/795/apache/apache-tomcat-9.0.12/webapps/bookshop] de la aplicación web
06-Nov-2018 11:14:05.552 ADVERTENCIA [main] org.apache.tomcat.dbcp.dbcp2.BasicDataSourceFactory.getObjectInstance Name = Libros Property maxActive is not used in DBCP2, use maxTotal instead. maxTotal default value is 8. You have set value of "8" for "maxActive" property, which is being ignored.
06-Nov-2018 11:14:05.572 INFORMACIÓN [main] org.apache.jasper.servlet.TldScanner.scanJars Al menos un JAR, que se ha explorado buscando TLDs, aún no contenía TLDs. Activar historial de depuración para este historiador para una completa lista de los JARs que fueron explorados y de los que nos se halló TLDs. Saltarse JARs no necesarios durante la exploración puede dar lugar a una mejora de tiempo significativa en el arranque y compilación de JSP .
06-Nov-2018 11:14:05.688 INFORMACIÓN [main] org.apache.catalina.startup.HostConfig.deployDirectory Deployment of web application directory [/var/home/lab/alum0/03/46/795/apache/apache-tomcat-9.0.12/webapps/bookshop] has finished in [390] ms
06-Nov-2018 11:14:05.697 INFORMACIÓN [main] org.apache.coyote.AbstractProtocol.start Starting ProtocolHandler ["http-nio-9190"]
06-Nov-2018 11:14:05.732 INFORMACIÓN [main] org.apache.coyote.AbstractProtocol.start Starting ProtocolHandler ["ajp-nio-8009"]
06-Nov-2018 11:14:05.735 INFORMACIÓN [main] org.apache.catalina.startup.Catalina.start Server startup in 8361 ms
06-Nov-2018 11:16:26.297 INFORMACIÓN [ContainerBackgroundProcessor[StandardEngine[Catalina]]] org.apache.catalina.core.StandardContext.reload Ha comenzado la recarga de Contexto [/bookshop]
06-Nov-2018 11:16:26.334 ADVERTENCIA [ContainerBackgroundProcessor[StandardEngine[Catalina]]] org.apache.catalina.loader.WebappClassLoaderBase.clearReferencesJdbc La aplicación web [bookshop] registró el conductor JDBC [com.mysql.jdbc.Driver] pero falló al anular el registro mientras la aplicación web estaba parada. Para prevenir un fallo de memoria, se ha anulado el registro del conductor JDBC por la fuerza.
06-Nov-2018 11:16:26.335 ADVERTENCIA [ContainerBackgroundProcessor[StandardEngine[Catalina]]] org.apache.catalina.loader.WebappClassLoaderBase.clearReferencesThreads The web application [bookshop] appears to have started a thread named [Abandoned connection cleanup thread] but has failed to stop it. This is very likely to create a memory leak. Stack trace of thread:
 java.lang.Object.wait(Native Method)
 java.lang.ref.ReferenceQueue.remove(ReferenceQueue.java:143)
 com.mysql.jdbc.AbandonedConnectionCleanupThread.run(AbandonedConnectionCleanupThread.java:64)
 java.util.concurrent.ThreadPoolExecutor.runWorker(ThreadPoolExecutor.java:1149)
 java.util.concurrent.ThreadPoolExecutor$Worker.run(ThreadPoolExecutor.java:624)
 java.lang.Thread.run(Thread.java:748)
06-Nov-2018 11:16:26.546 ADVERTENCIA [ContainerBackgroundProcessor[StandardEngine[Catalina]]] org.apache.tomcat.dbcp.dbcp2.BasicDataSourceFactory.getObjectInstance Name = Libros Property maxActive is not used in DBCP2, use maxTotal instead. maxTotal default value is 8. You have set value of "8" for "maxActive" property, which is being ignored.
06-Nov-2018 11:16:26.553 INFORMACIÓN [ContainerBackgroundProcessor[StandardEngine[Catalina]]] org.apache.jasper.servlet.TldScanner.scanJars Al menos un JAR, que se ha explorado buscando TLDs, aún no contenía TLDs. Activar historial de depuración para este historiador para una completa lista de los JARs que fueron explorados y de los que nos se halló TLDs. Saltarse JARs no necesarios durante la exploración puede dar lugar a una mejora de tiempo significativa en el arranque y compilación de JSP .
06-Nov-2018 11:16:26.563 INFORMACIÓN [ContainerBackgroundProcessor[StandardEngine[Catalina]]] org.apache.catalina.core.StandardContext.reload Se ha completado la recarga de este Contexto
06-Nov-2018 11:16:28.733 INFORMACIÓN [Abandoned connection cleanup thread] org.apache.catalina.loader.WebappClassLoaderBase.checkStateForResourceLoading Acceso ilegal: esta instancia de aplicación web ya ha sido parada.  Could not load [].  La eventual traza de pila que sigue ha sido motivada por un error lanzado con motivos de depuración así como para intentar terminar el hilo que motivó el acceso ilegal y no tiene impacto funcional.
 java.lang.IllegalStateException: Acceso ilegal: esta instancia de aplicación web ya ha sido parada.  Could not load [].  La eventual traza de pila que sigue ha sido motivada por un error lanzado con motivos de depuración así como para intentar terminar el hilo que motivó el acceso ilegal y no tiene impacto funcional.
	at org.apache.catalina.loader.WebappClassLoaderBase.checkStateForResourceLoading(WebappClassLoaderBase.java:1329)
	at org.apache.catalina.loader.WebappClassLoaderBase.getResource(WebappClassLoaderBase.java:1006)
	at com.mysql.jdbc.AbandonedConnectionCleanupThread.checkContextClassLoaders(AbandonedConnectionCleanupThread.java:90)
	at com.mysql.jdbc.AbandonedConnectionCleanupThread.run(AbandonedConnectionCleanupThread.java:63)
	at java.util.concurrent.ThreadPoolExecutor.runWorker(ThreadPoolExecutor.java:1149)
	at java.util.concurrent.ThreadPoolExecutor$Worker.run(ThreadPoolExecutor.java:624)
	at java.lang.Thread.run(Thread.java:748)

06-Nov-2018 11:16:35.505 INFORMACIÓN [main] org.apache.catalina.core.StandardServer.await Se ha recibido un comando de apagado a través del puerto de apagado. Parando la instancia del Servidor.
06-Nov-2018 11:16:35.507 INFORMACIÓN [main] org.apache.coyote.AbstractProtocol.pause Pausing ProtocolHandler ["http-nio-9190"]
06-Nov-2018 11:16:35.563 INFORMACIÓN [main] org.apache.coyote.AbstractProtocol.pause Pausing ProtocolHandler ["ajp-nio-8009"]
06-Nov-2018 11:16:35.565 INFORMACIÓN [main] org.apache.catalina.core.StandardService.stopInternal Parando servicio [Catalina]
06-Nov-2018 11:16:35.620 INFORMACIÓN [main] org.apache.coyote.AbstractProtocol.stop Stopping ProtocolHandler ["http-nio-9190"]
06-Nov-2018 11:16:35.628 INFORMACIÓN [main] org.apache.coyote.AbstractProtocol.stop Stopping ProtocolHandler ["ajp-nio-8009"]
06-Nov-2018 11:16:35.635 INFORMACIÓN [main] org.apache.coyote.AbstractProtocol.destroy Destroying ProtocolHandler ["http-nio-9190"]
06-Nov-2018 11:16:35.637 INFORMACIÓN [main] org.apache.coyote.AbstractProtocol.destroy Destroying ProtocolHandler ["ajp-nio-8009"]
06-Nov-2018 11:16:37.034 INFORMACIÓN [main] org.apache.catalina.startup.VersionLoggerListener.log Server version:        Apache Tomcat/9.0.12
06-Nov-2018 11:16:37.037 INFORMACIÓN [main] org.apache.catalina.startup.VersionLoggerListener.log Server built:          Sep 4 2018 22:13:41 UTC
06-Nov-2018 11:16:37.037 INFORMACIÓN [main] org.apache.catalina.startup.VersionLoggerListener.log Server number:         9.0.12.0
06-Nov-2018 11:16:37.037 INFORMACIÓN [main] org.apache.catalina.startup.VersionLoggerListener.log OS Name:               Linux
06-Nov-2018 11:16:37.038 INFORMACIÓN [main] org.apache.catalina.startup.VersionLoggerListener.log OS Version:            4.16.10
06-Nov-2018 11:16:37.038 INFORMACIÓN [main] org.apache.catalina.startup.VersionLoggerListener.log Architecture:          amd64
06-Nov-2018 11:16:37.038 INFORMACIÓN [main] org.apache.catalina.startup.VersionLoggerListener.log Java Home:             /usr/lib/jvm/oracle-java8-jdk-amd64/jre
06-Nov-2018 11:16:37.038 INFORMACIÓN [main] org.apache.catalina.startup.VersionLoggerListener.log JVM Version:           1.8.0_141-b15
06-Nov-2018 11:16:37.038 INFORMACIÓN [main] org.apache.catalina.startup.VersionLoggerListener.log JVM Vendor:            Oracle Corporation
06-Nov-2018 11:16:37.038 INFORMACIÓN [main] org.apache.catalina.startup.VersionLoggerListener.log CATALINA_BASE:         /var/home/lab/alum0/03/46/795/apache/apache-tomcat-9.0.12
06-Nov-2018 11:16:37.038 INFORMACIÓN [main] org.apache.catalina.startup.VersionLoggerListener.log CATALINA_HOME:         /var/home/lab/alum0/03/46/795/apache/apache-tomcat-9.0.12
06-Nov-2018 11:16:37.040 INFORMACIÓN [main] org.apache.catalina.startup.VersionLoggerListener.log Command line argument: -Djava.util.logging.config.file=/usr/lab/alum/0346795/apache/apache-tomcat-9.0.12/conf/logging.properties
06-Nov-2018 11:16:37.041 INFORMACIÓN [main] org.apache.catalina.startup.VersionLoggerListener.log Command line argument: -Djava.util.logging.manager=org.apache.juli.ClassLoaderLogManager
06-Nov-2018 11:16:37.041 INFORMACIÓN [main] org.apache.catalina.startup.VersionLoggerListener.log Command line argument: -Djdk.tls.ephemeralDHKeySize=2048
06-Nov-2018 11:16:37.041 INFORMACIÓN [main] org.apache.catalina.startup.VersionLoggerListener.log Command line argument: -Djava.protocol.handler.pkgs=org.apache.catalina.webresources
06-Nov-2018 11:16:37.042 INFORMACIÓN [main] org.apache.catalina.startup.VersionLoggerListener.log Command line argument: -Dorg.apache.catalina.security.SecurityListener.UMASK=0027
06-Nov-2018 11:16:37.042 INFORMACIÓN [main] org.apache.catalina.startup.VersionLoggerListener.log Command line argument: -Dignore.endorsed.dirs=
06-Nov-2018 11:16:37.042 INFORMACIÓN [main] org.apache.catalina.startup.VersionLoggerListener.log Command line argument: -Dcatalina.base=/usr/lab/alum/0346795/apache/apache-tomcat-9.0.12
06-Nov-2018 11:16:37.042 INFORMACIÓN [main] org.apache.catalina.startup.VersionLoggerListener.log Command line argument: -Dcatalina.home=/usr/lab/alum/0346795/apache/apache-tomcat-9.0.12
06-Nov-2018 11:16:37.042 INFORMACIÓN [main] org.apache.catalina.startup.VersionLoggerListener.log Command line argument: -Djava.io.tmpdir=/usr/lab/alum/0346795/apache/apache-tomcat-9.0.12/temp
06-Nov-2018 11:16:37.043 INFORMACIÓN [main] org.apache.catalina.core.AprLifecycleListener.lifecycleEvent La biblioteca nativa de Apache Tomcat basada en ARP que permite un rendimiento óptimo en entornos de desarrollo no ha sido hallada en java.library.path: [/usr/java/packages/lib/amd64:/usr/lib64:/lib64:/lib:/usr/lib]
06-Nov-2018 11:16:37.319 INFORMACIÓN [main] org.apache.coyote.AbstractProtocol.init Initializing ProtocolHandler ["http-nio-9190"]
06-Nov-2018 11:16:37.345 INFORMACIÓN [main] org.apache.tomcat.util.net.NioSelectorPool.getSharedSelector Using a shared selector for servlet write/read
06-Nov-2018 11:16:37.356 INFORMACIÓN [main] org.apache.coyote.AbstractProtocol.init Initializing ProtocolHandler ["ajp-nio-8009"]
06-Nov-2018 11:16:37.361 INFORMACIÓN [main] org.apache.tomcat.util.net.NioSelectorPool.getSharedSelector Using a shared selector for servlet write/read
06-Nov-2018 11:16:37.361 INFORMACIÓN [main] org.apache.catalina.startup.Catalina.load Initialization processed in 1358 ms
06-Nov-2018 11:16:37.409 INFORMACIÓN [main] org.apache.catalina.core.StandardService.startInternal Arrancando servicio [Catalina]
06-Nov-2018 11:16:37.409 INFORMACIÓN [main] org.apache.catalina.core.StandardEngine.startInternal Starting Servlet Engine: Apache Tomcat/9.0.12
06-Nov-2018 11:16:37.425 INFORMACIÓN [main] org.apache.catalina.startup.HostConfig.deployDirectory Despliegue del directorio [/var/home/lab/alum0/03/46/795/apache/apache-tomcat-9.0.12/webapps/ROOT] de la aplicación web
06-Nov-2018 11:16:37.926 INFORMACIÓN [main] org.apache.catalina.startup.HostConfig.deployDirectory Deployment of web application directory [/var/home/lab/alum0/03/46/795/apache/apache-tomcat-9.0.12/webapps/ROOT] has finished in [500] ms
06-Nov-2018 11:16:37.926 INFORMACIÓN [main] org.apache.catalina.startup.HostConfig.deployDirectory Despliegue del directorio [/var/home/lab/alum0/03/46/795/apache/apache-tomcat-9.0.12/webapps/docs] de la aplicación web
06-Nov-2018 11:16:37.963 INFORMACIÓN [main] org.apache.catalina.startup.HostConfig.deployDirectory Deployment of web application directory [/var/home/lab/alum0/03/46/795/apache/apache-tomcat-9.0.12/webapps/docs] has finished in [37] ms
06-Nov-2018 11:16:37.964 INFORMACIÓN [main] org.apache.catalina.startup.HostConfig.deployDirectory Despliegue del directorio [/var/home/lab/alum0/03/46/795/apache/apache-tomcat-9.0.12/webapps/examples] de la aplicación web
06-Nov-2018 11:16:38.753 INFORMACIÓN [main] org.apache.catalina.startup.HostConfig.deployDirectory Deployment of web application directory [/var/home/lab/alum0/03/46/795/apache/apache-tomcat-9.0.12/webapps/examples] has finished in [789] ms
06-Nov-2018 11:16:38.753 INFORMACIÓN [main] org.apache.catalina.startup.HostConfig.deployDirectory Despliegue del directorio [/var/home/lab/alum0/03/46/795/apache/apache-tomcat-9.0.12/webapps/host-manager] de la aplicación web
06-Nov-2018 11:16:38.804 INFORMACIÓN [main] org.apache.catalina.startup.HostConfig.deployDirectory Deployment of web application directory [/var/home/lab/alum0/03/46/795/apache/apache-tomcat-9.0.12/webapps/host-manager] has finished in [51] ms
06-Nov-2018 11:16:38.806 INFORMACIÓN [main] org.apache.catalina.startup.HostConfig.deployDirectory Despliegue del directorio [/var/home/lab/alum0/03/46/795/apache/apache-tomcat-9.0.12/webapps/manager] de la aplicación web
06-Nov-2018 11:16:38.873 INFORMACIÓN [main] org.apache.catalina.startup.HostConfig.deployDirectory Deployment of web application directory [/var/home/lab/alum0/03/46/795/apache/apache-tomcat-9.0.12/webapps/manager] has finished in [68] ms
06-Nov-2018 11:16:38.875 INFORMACIÓN [main] org.apache.catalina.startup.HostConfig.deployDirectory Despliegue del directorio [/var/home/lab/alum0/03/46/795/apache/apache-tomcat-9.0.12/webapps/holamundo] de la aplicación web
06-Nov-2018 11:16:38.947 INFORMACIÓN [main] org.apache.catalina.startup.HostConfig.deployDirectory Deployment of web application directory [/var/home/lab/alum0/03/46/795/apache/apache-tomcat-9.0.12/webapps/holamundo] has finished in [72] ms
06-Nov-2018 11:16:38.949 INFORMACIÓN [main] org.apache.catalina.startup.HostConfig.deployDirectory Despliegue del directorio [/var/home/lab/alum0/03/46/795/apache/apache-tomcat-9.0.12/webapps/bookshop_prev] de la aplicación web
06-Nov-2018 11:16:39.208 ADVERTENCIA [main] org.apache.tomcat.dbcp.dbcp2.BasicDataSourceFactory.getObjectInstance Name = Libros Property maxActive is not used in DBCP2, use maxTotal instead. maxTotal default value is 8. You have set value of "8" for "maxActive" property, which is being ignored.
06-Nov-2018 11:16:39.255 INFORMACIÓN [main] org.apache.jasper.servlet.TldScanner.scanJars Al menos un JAR, que se ha explorado buscando TLDs, aún no contenía TLDs. Activar historial de depuración para este historiador para una completa lista de los JARs que fueron explorados y de los que nos se halló TLDs. Saltarse JARs no necesarios durante la exploración puede dar lugar a una mejora de tiempo significativa en el arranque y compilación de JSP .
06-Nov-2018 11:16:39.262 INFORMACIÓN [main] org.apache.catalina.startup.HostConfig.deployDirectory Deployment of web application directory [/var/home/lab/alum0/03/46/795/apache/apache-tomcat-9.0.12/webapps/bookshop_prev] has finished in [314] ms
06-Nov-2018 11:16:39.262 INFORMACIÓN [main] org.apache.catalina.startup.HostConfig.deployDirectory Despliegue del directorio [/var/home/lab/alum0/03/46/795/apache/apache-tomcat-9.0.12/webapps/bookshop] de la aplicación web
06-Nov-2018 11:16:39.458 ADVERTENCIA [main] org.apache.tomcat.dbcp.dbcp2.BasicDataSourceFactory.getObjectInstance Name = Libros Property maxActive is not used in DBCP2, use maxTotal instead. maxTotal default value is 8. You have set value of "8" for "maxActive" property, which is being ignored.
06-Nov-2018 11:16:39.473 INFORMACIÓN [main] org.apache.jasper.servlet.TldScanner.scanJars Al menos un JAR, que se ha explorado buscando TLDs, aún no contenía TLDs. Activar historial de depuración para este historiador para una completa lista de los JARs que fueron explorados y de los que nos se halló TLDs. Saltarse JARs no necesarios durante la exploración puede dar lugar a una mejora de tiempo significativa en el arranque y compilación de JSP .
06-Nov-2018 11:16:39.499 INFORMACIÓN [main] org.apache.catalina.startup.HostConfig.deployDirectory Deployment of web application directory [/var/home/lab/alum0/03/46/795/apache/apache-tomcat-9.0.12/webapps/bookshop] has finished in [236] ms
06-Nov-2018 11:16:39.505 INFORMACIÓN [main] org.apache.coyote.AbstractProtocol.start Starting ProtocolHandler ["http-nio-9190"]
06-Nov-2018 11:16:39.529 INFORMACIÓN [main] org.apache.coyote.AbstractProtocol.start Starting ProtocolHandler ["ajp-nio-8009"]
06-Nov-2018 11:16:39.544 INFORMACIÓN [main] org.apache.catalina.startup.Catalina.start Server startup in 2182 ms
06-Nov-2018 11:19:47.131 INFORMACIÓN [main] org.apache.catalina.core.StandardServer.await Se ha recibido un comando de apagado a través del puerto de apagado. Parando la instancia del Servidor.
06-Nov-2018 11:19:47.132 INFORMACIÓN [main] org.apache.coyote.AbstractProtocol.pause Pausing ProtocolHandler ["http-nio-9190"]
06-Nov-2018 11:19:47.187 INFORMACIÓN [main] org.apache.coyote.AbstractProtocol.pause Pausing ProtocolHandler ["ajp-nio-8009"]
06-Nov-2018 11:19:47.239 INFORMACIÓN [main] org.apache.catalina.core.StandardService.stopInternal Parando servicio [Catalina]
06-Nov-2018 11:19:47.282 ADVERTENCIA [main] org.apache.catalina.loader.WebappClassLoaderBase.clearReferencesJdbc La aplicación web [bookshop] registró el conductor JDBC [com.mysql.jdbc.Driver] pero falló al anular el registro mientras la aplicación web estaba parada. Para prevenir un fallo de memoria, se ha anulado el registro del conductor JDBC por la fuerza.
06-Nov-2018 11:19:47.283 ADVERTENCIA [main] org.apache.catalina.loader.WebappClassLoaderBase.clearReferencesThreads The web application [bookshop] appears to have started a thread named [Abandoned connection cleanup thread] but has failed to stop it. This is very likely to create a memory leak. Stack trace of thread:
 java.lang.Object.wait(Native Method)
 java.lang.ref.ReferenceQueue.remove(ReferenceQueue.java:143)
 com.mysql.jdbc.AbandonedConnectionCleanupThread.run(AbandonedConnectionCleanupThread.java:64)
 java.util.concurrent.ThreadPoolExecutor.runWorker(ThreadPoolExecutor.java:1149)
 java.util.concurrent.ThreadPoolExecutor$Worker.run(ThreadPoolExecutor.java:624)
 java.lang.Thread.run(Thread.java:748)
06-Nov-2018 11:19:47.317 INFORMACIÓN [main] org.apache.coyote.AbstractProtocol.stop Stopping ProtocolHandler ["http-nio-9190"]
06-Nov-2018 11:19:47.321 INFORMACIÓN [main] org.apache.coyote.AbstractProtocol.stop Stopping ProtocolHandler ["ajp-nio-8009"]
06-Nov-2018 11:19:47.325 INFORMACIÓN [main] org.apache.coyote.AbstractProtocol.destroy Destroying ProtocolHandler ["http-nio-9190"]
06-Nov-2018 11:19:47.327 INFORMACIÓN [main] org.apache.coyote.AbstractProtocol.destroy Destroying ProtocolHandler ["ajp-nio-8009"]
06-Nov-2018 11:19:48.166 INFORMACIÓN [main] org.apache.catalina.startup.VersionLoggerListener.log Server version:        Apache Tomcat/9.0.12
06-Nov-2018 11:19:48.169 INFORMACIÓN [main] org.apache.catalina.startup.VersionLoggerListener.log Server built:          Sep 4 2018 22:13:41 UTC
06-Nov-2018 11:19:48.169 INFORMACIÓN [main] org.apache.catalina.startup.VersionLoggerListener.log Server number:         9.0.12.0
06-Nov-2018 11:19:48.169 INFORMACIÓN [main] org.apache.catalina.startup.VersionLoggerListener.log OS Name:               Linux
06-Nov-2018 11:19:48.170 INFORMACIÓN [main] org.apache.catalina.startup.VersionLoggerListener.log OS Version:            4.16.10
06-Nov-2018 11:19:48.170 INFORMACIÓN [main] org.apache.catalina.startup.VersionLoggerListener.log Architecture:          amd64
06-Nov-2018 11:19:48.170 INFORMACIÓN [main] org.apache.catalina.startup.VersionLoggerListener.log Java Home:             /usr/lib/jvm/oracle-java8-jdk-amd64/jre
06-Nov-2018 11:19:48.170 INFORMACIÓN [main] org.apache.catalina.startup.VersionLoggerListener.log JVM Version:           1.8.0_141-b15
06-Nov-2018 11:19:48.170 INFORMACIÓN [main] org.apache.catalina.startup.VersionLoggerListener.log JVM Vendor:            Oracle Corporation
06-Nov-2018 11:19:48.170 INFORMACIÓN [main] org.apache.catalina.startup.VersionLoggerListener.log CATALINA_BASE:         /var/home/lab/alum0/03/46/795/apache/apache-tomcat-9.0.12
06-Nov-2018 11:19:48.170 INFORMACIÓN [main] org.apache.catalina.startup.VersionLoggerListener.log CATALINA_HOME:         /var/home/lab/alum0/03/46/795/apache/apache-tomcat-9.0.12
06-Nov-2018 11:19:48.171 INFORMACIÓN [main] org.apache.catalina.startup.VersionLoggerListener.log Command line argument: -Djava.util.logging.config.file=/usr/lab/alum/0346795/apache/apache-tomcat-9.0.12/conf/logging.properties
06-Nov-2018 11:19:48.171 INFORMACIÓN [main] org.apache.catalina.startup.VersionLoggerListener.log Command line argument: -Djava.util.logging.manager=org.apache.juli.ClassLoaderLogManager
06-Nov-2018 11:19:48.171 INFORMACIÓN [main] org.apache.catalina.startup.VersionLoggerListener.log Command line argument: -Djdk.tls.ephemeralDHKeySize=2048
06-Nov-2018 11:19:48.171 INFORMACIÓN [main] org.apache.catalina.startup.VersionLoggerListener.log Command line argument: -Djava.protocol.handler.pkgs=org.apache.catalina.webresources
06-Nov-2018 11:19:48.171 INFORMACIÓN [main] org.apache.catalina.startup.VersionLoggerListener.log Command line argument: -Dorg.apache.catalina.security.SecurityListener.UMASK=0027
06-Nov-2018 11:19:48.171 INFORMACIÓN [main] org.apache.catalina.startup.VersionLoggerListener.log Command line argument: -Dignore.endorsed.dirs=
06-Nov-2018 11:19:48.171 INFORMACIÓN [main] org.apache.catalina.startup.VersionLoggerListener.log Command line argument: -Dcatalina.base=/usr/lab/alum/0346795/apache/apache-tomcat-9.0.12
06-Nov-2018 11:19:48.171 INFORMACIÓN [main] org.apache.catalina.startup.VersionLoggerListener.log Command line argument: -Dcatalina.home=/usr/lab/alum/0346795/apache/apache-tomcat-9.0.12
06-Nov-2018 11:19:48.171 INFORMACIÓN [main] org.apache.catalina.startup.VersionLoggerListener.log Command line argument: -Djava.io.tmpdir=/usr/lab/alum/0346795/apache/apache-tomcat-9.0.12/temp
06-Nov-2018 11:19:48.172 INFORMACIÓN [main] org.apache.catalina.core.AprLifecycleListener.lifecycleEvent La biblioteca nativa de Apache Tomcat basada en ARP que permite un rendimiento óptimo en entornos de desarrollo no ha sido hallada en java.library.path: [/usr/java/packages/lib/amd64:/usr/lib64:/lib64:/lib:/usr/lib]
06-Nov-2018 11:19:48.377 INFORMACIÓN [main] org.apache.coyote.AbstractProtocol.init Initializing ProtocolHandler ["http-nio-9190"]
06-Nov-2018 11:19:48.396 INFORMACIÓN [main] org.apache.tomcat.util.net.NioSelectorPool.getSharedSelector Using a shared selector for servlet write/read
06-Nov-2018 11:19:48.407 INFORMACIÓN [main] org.apache.coyote.AbstractProtocol.init Initializing ProtocolHandler ["ajp-nio-8009"]
06-Nov-2018 11:19:48.408 INFORMACIÓN [main] org.apache.tomcat.util.net.NioSelectorPool.getSharedSelector Using a shared selector for servlet write/read
06-Nov-2018 11:19:48.409 INFORMACIÓN [main] org.apache.catalina.startup.Catalina.load Initialization processed in 808 ms
06-Nov-2018 11:19:48.446 INFORMACIÓN [main] org.apache.catalina.core.StandardService.startInternal Arrancando servicio [Catalina]
06-Nov-2018 11:19:48.447 INFORMACIÓN [main] org.apache.catalina.core.StandardEngine.startInternal Starting Servlet Engine: Apache Tomcat/9.0.12
06-Nov-2018 11:19:48.461 INFORMACIÓN [main] org.apache.catalina.startup.HostConfig.deployDirectory Despliegue del directorio [/var/home/lab/alum0/03/46/795/apache/apache-tomcat-9.0.12/webapps/ROOT] de la aplicación web
06-Nov-2018 11:19:48.976 INFORMACIÓN [main] org.apache.catalina.startup.HostConfig.deployDirectory Deployment of web application directory [/var/home/lab/alum0/03/46/795/apache/apache-tomcat-9.0.12/webapps/ROOT] has finished in [514] ms
06-Nov-2018 11:19:48.977 INFORMACIÓN [main] org.apache.catalina.startup.HostConfig.deployDirectory Despliegue del directorio [/var/home/lab/alum0/03/46/795/apache/apache-tomcat-9.0.12/webapps/docs] de la aplicación web
06-Nov-2018 11:19:49.009 INFORMACIÓN [main] org.apache.catalina.startup.HostConfig.deployDirectory Deployment of web application directory [/var/home/lab/alum0/03/46/795/apache/apache-tomcat-9.0.12/webapps/docs] has finished in [32] ms
06-Nov-2018 11:19:49.010 INFORMACIÓN [main] org.apache.catalina.startup.HostConfig.deployDirectory Despliegue del directorio [/var/home/lab/alum0/03/46/795/apache/apache-tomcat-9.0.12/webapps/examples] de la aplicación web
06-Nov-2018 11:19:49.792 INFORMACIÓN [main] org.apache.catalina.startup.HostConfig.deployDirectory Deployment of web application directory [/var/home/lab/alum0/03/46/795/apache/apache-tomcat-9.0.12/webapps/examples] has finished in [782] ms
06-Nov-2018 11:19:49.793 INFORMACIÓN [main] org.apache.catalina.startup.HostConfig.deployDirectory Despliegue del directorio [/var/home/lab/alum0/03/46/795/apache/apache-tomcat-9.0.12/webapps/host-manager] de la aplicación web
06-Nov-2018 11:19:49.850 INFORMACIÓN [main] org.apache.catalina.startup.HostConfig.deployDirectory Deployment of web application directory [/var/home/lab/alum0/03/46/795/apache/apache-tomcat-9.0.12/webapps/host-manager] has finished in [58] ms
06-Nov-2018 11:19:49.850 INFORMACIÓN [main] org.apache.catalina.startup.HostConfig.deployDirectory Despliegue del directorio [/var/home/lab/alum0/03/46/795/apache/apache-tomcat-9.0.12/webapps/manager] de la aplicación web
06-Nov-2018 11:19:49.910 INFORMACIÓN [main] org.apache.catalina.startup.HostConfig.deployDirectory Deployment of web application directory [/var/home/lab/alum0/03/46/795/apache/apache-tomcat-9.0.12/webapps/manager] has finished in [60] ms
06-Nov-2018 11:19:49.911 INFORMACIÓN [main] org.apache.catalina.startup.HostConfig.deployDirectory Despliegue del directorio [/var/home/lab/alum0/03/46/795/apache/apache-tomcat-9.0.12/webapps/holamundo] de la aplicación web
06-Nov-2018 11:19:49.993 INFORMACIÓN [main] org.apache.catalina.startup.HostConfig.deployDirectory Deployment of web application directory [/var/home/lab/alum0/03/46/795/apache/apache-tomcat-9.0.12/webapps/holamundo] has finished in [82] ms
06-Nov-2018 11:19:49.994 INFORMACIÓN [main] org.apache.catalina.startup.HostConfig.deployDirectory Despliegue del directorio [/var/home/lab/alum0/03/46/795/apache/apache-tomcat-9.0.12/webapps/bookshop_prev] de la aplicación web
06-Nov-2018 11:19:50.205 ADVERTENCIA [main] org.apache.tomcat.dbcp.dbcp2.BasicDataSourceFactory.getObjectInstance Name = Libros Property maxActive is not used in DBCP2, use maxTotal instead. maxTotal default value is 8. You have set value of "8" for "maxActive" property, which is being ignored.
06-Nov-2018 11:19:50.243 INFORMACIÓN [main] org.apache.jasper.servlet.TldScanner.scanJars Al menos un JAR, que se ha explorado buscando TLDs, aún no contenía TLDs. Activar historial de depuración para este historiador para una completa lista de los JARs que fueron explorados y de los que nos se halló TLDs. Saltarse JARs no necesarios durante la exploración puede dar lugar a una mejora de tiempo significativa en el arranque y compilación de JSP .
06-Nov-2018 11:19:50.251 INFORMACIÓN [main] org.apache.catalina.startup.HostConfig.deployDirectory Deployment of web application directory [/var/home/lab/alum0/03/46/795/apache/apache-tomcat-9.0.12/webapps/bookshop_prev] has finished in [258] ms
06-Nov-2018 11:19:50.251 INFORMACIÓN [main] org.apache.catalina.startup.HostConfig.deployDirectory Despliegue del directorio [/var/home/lab/alum0/03/46/795/apache/apache-tomcat-9.0.12/webapps/bookshop] de la aplicación web
06-Nov-2018 11:19:50.436 ADVERTENCIA [main] org.apache.tomcat.dbcp.dbcp2.BasicDataSourceFactory.getObjectInstance Name = Libros Property maxActive is not used in DBCP2, use maxTotal instead. maxTotal default value is 8. You have set value of "8" for "maxActive" property, which is being ignored.
06-Nov-2018 11:19:50.446 INFORMACIÓN [main] org.apache.jasper.servlet.TldScanner.scanJars Al menos un JAR, que se ha explorado buscando TLDs, aún no contenía TLDs. Activar historial de depuración para este historiador para una completa lista de los JARs que fueron explorados y de los que nos se halló TLDs. Saltarse JARs no necesarios durante la exploración puede dar lugar a una mejora de tiempo significativa en el arranque y compilación de JSP .
06-Nov-2018 11:19:50.484 INFORMACIÓN [main] org.apache.catalina.startup.HostConfig.deployDirectory Deployment of web application directory [/var/home/lab/alum0/03/46/795/apache/apache-tomcat-9.0.12/webapps/bookshop] has finished in [233] ms
06-Nov-2018 11:19:50.489 INFORMACIÓN [main] org.apache.coyote.AbstractProtocol.start Starting ProtocolHandler ["http-nio-9190"]
06-Nov-2018 11:19:50.504 INFORMACIÓN [main] org.apache.coyote.AbstractProtocol.start Starting ProtocolHandler ["ajp-nio-8009"]
06-Nov-2018 11:19:50.507 INFORMACIÓN [main] org.apache.catalina.startup.Catalina.start Server startup in 2097 ms
06-Nov-2018 11:20:50.854 INFORMACIÓN [main] org.apache.catalina.core.StandardServer.await Se ha recibido un comando de apagado a través del puerto de apagado. Parando la instancia del Servidor.
06-Nov-2018 11:20:50.856 INFORMACIÓN [main] org.apache.coyote.AbstractProtocol.pause Pausing ProtocolHandler ["http-nio-9190"]
06-Nov-2018 11:20:50.858 INFORMACIÓN [main] org.apache.coyote.AbstractProtocol.pause Pausing ProtocolHandler ["ajp-nio-8009"]
06-Nov-2018 11:20:50.909 INFORMACIÓN [main] org.apache.catalina.core.StandardService.stopInternal Parando servicio [Catalina]
06-Nov-2018 11:20:50.950 ADVERTENCIA [main] org.apache.catalina.loader.WebappClassLoaderBase.clearReferencesJdbc La aplicación web [bookshop] registró el conductor JDBC [com.mysql.jdbc.Driver] pero falló al anular el registro mientras la aplicación web estaba parada. Para prevenir un fallo de memoria, se ha anulado el registro del conductor JDBC por la fuerza.
06-Nov-2018 11:20:50.951 ADVERTENCIA [main] org.apache.catalina.loader.WebappClassLoaderBase.clearReferencesThreads The web application [bookshop] appears to have started a thread named [Abandoned connection cleanup thread] but has failed to stop it. This is very likely to create a memory leak. Stack trace of thread:
 java.lang.Object.wait(Native Method)
 java.lang.ref.ReferenceQueue.remove(ReferenceQueue.java:143)
 com.mysql.jdbc.AbandonedConnectionCleanupThread.run(AbandonedConnectionCleanupThread.java:64)
 java.util.concurrent.ThreadPoolExecutor.runWorker(ThreadPoolExecutor.java:1149)
 java.util.concurrent.ThreadPoolExecutor$Worker.run(ThreadPoolExecutor.java:624)
 java.lang.Thread.run(Thread.java:748)
06-Nov-2018 11:20:50.997 INFORMACIÓN [main] org.apache.coyote.AbstractProtocol.stop Stopping ProtocolHandler ["http-nio-9190"]
06-Nov-2018 11:20:50.999 INFORMACIÓN [main] org.apache.coyote.AbstractProtocol.stop Stopping ProtocolHandler ["ajp-nio-8009"]
06-Nov-2018 11:20:51.002 INFORMACIÓN [main] org.apache.coyote.AbstractProtocol.destroy Destroying ProtocolHandler ["http-nio-9190"]
06-Nov-2018 11:20:51.003 INFORMACIÓN [main] org.apache.coyote.AbstractProtocol.destroy Destroying ProtocolHandler ["ajp-nio-8009"]
06-Nov-2018 11:20:52.177 INFORMACIÓN [main] org.apache.catalina.startup.VersionLoggerListener.log Server version:        Apache Tomcat/9.0.12
06-Nov-2018 11:20:52.180 INFORMACIÓN [main] org.apache.catalina.startup.VersionLoggerListener.log Server built:          Sep 4 2018 22:13:41 UTC
06-Nov-2018 11:20:52.180 INFORMACIÓN [main] org.apache.catalina.startup.VersionLoggerListener.log Server number:         9.0.12.0
06-Nov-2018 11:20:52.180 INFORMACIÓN [main] org.apache.catalina.startup.VersionLoggerListener.log OS Name:               Linux
06-Nov-2018 11:20:52.181 INFORMACIÓN [main] org.apache.catalina.startup.VersionLoggerListener.log OS Version:            4.16.10
06-Nov-2018 11:20:52.181 INFORMACIÓN [main] org.apache.catalina.startup.VersionLoggerListener.log Architecture:          amd64
06-Nov-2018 11:20:52.181 INFORMACIÓN [main] org.apache.catalina.startup.VersionLoggerListener.log Java Home:             /usr/lib/jvm/oracle-java8-jdk-amd64/jre
06-Nov-2018 11:20:52.181 INFORMACIÓN [main] org.apache.catalina.startup.VersionLoggerListener.log JVM Version:           1.8.0_141-b15
06-Nov-2018 11:20:52.181 INFORMACIÓN [main] org.apache.catalina.startup.VersionLoggerListener.log JVM Vendor:            Oracle Corporation
06-Nov-2018 11:20:52.181 INFORMACIÓN [main] org.apache.catalina.startup.VersionLoggerListener.log CATALINA_BASE:         /var/home/lab/alum0/03/46/795/apache/apache-tomcat-9.0.12
06-Nov-2018 11:20:52.181 INFORMACIÓN [main] org.apache.catalina.startup.VersionLoggerListener.log CATALINA_HOME:         /var/home/lab/alum0/03/46/795/apache/apache-tomcat-9.0.12
06-Nov-2018 11:20:52.184 INFORMACIÓN [main] org.apache.catalina.startup.VersionLoggerListener.log Command line argument: -Djava.util.logging.config.file=/usr/lab/alum/0346795/apache/apache-tomcat-9.0.12/conf/logging.properties
06-Nov-2018 11:20:52.185 INFORMACIÓN [main] org.apache.catalina.startup.VersionLoggerListener.log Command line argument: -Djava.util.logging.manager=org.apache.juli.ClassLoaderLogManager
06-Nov-2018 11:20:52.186 INFORMACIÓN [main] org.apache.catalina.startup.VersionLoggerListener.log Command line argument: -Djdk.tls.ephemeralDHKeySize=2048
06-Nov-2018 11:20:52.186 INFORMACIÓN [main] org.apache.catalina.startup.VersionLoggerListener.log Command line argument: -Djava.protocol.handler.pkgs=org.apache.catalina.webresources
06-Nov-2018 11:20:52.187 INFORMACIÓN [main] org.apache.catalina.startup.VersionLoggerListener.log Command line argument: -Dorg.apache.catalina.security.SecurityListener.UMASK=0027
06-Nov-2018 11:20:52.187 INFORMACIÓN [main] org.apache.catalina.startup.VersionLoggerListener.log Command line argument: -Dignore.endorsed.dirs=
06-Nov-2018 11:20:52.187 INFORMACIÓN [main] org.apache.catalina.startup.VersionLoggerListener.log Command line argument: -Dcatalina.base=/usr/lab/alum/0346795/apache/apache-tomcat-9.0.12
06-Nov-2018 11:20:52.187 INFORMACIÓN [main] org.apache.catalina.startup.VersionLoggerListener.log Command line argument: -Dcatalina.home=/usr/lab/alum/0346795/apache/apache-tomcat-9.0.12
06-Nov-2018 11:20:52.188 INFORMACIÓN [main] org.apache.catalina.startup.VersionLoggerListener.log Command line argument: -Djava.io.tmpdir=/usr/lab/alum/0346795/apache/apache-tomcat-9.0.12/temp
06-Nov-2018 11:20:52.192 INFORMACIÓN [main] org.apache.catalina.core.AprLifecycleListener.lifecycleEvent La biblioteca nativa de Apache Tomcat basada en ARP que permite un rendimiento óptimo en entornos de desarrollo no ha sido hallada en java.library.path: [/usr/java/packages/lib/amd64:/usr/lib64:/lib64:/lib:/usr/lib]
06-Nov-2018 11:20:52.482 INFORMACIÓN [main] org.apache.coyote.AbstractProtocol.init Initializing ProtocolHandler ["http-nio-9190"]
06-Nov-2018 11:20:52.507 INFORMACIÓN [main] org.apache.tomcat.util.net.NioSelectorPool.getSharedSelector Using a shared selector for servlet write/read
06-Nov-2018 11:20:52.519 INFORMACIÓN [main] org.apache.coyote.AbstractProtocol.init Initializing ProtocolHandler ["ajp-nio-8009"]
06-Nov-2018 11:20:52.522 INFORMACIÓN [main] org.apache.tomcat.util.net.NioSelectorPool.getSharedSelector Using a shared selector for servlet write/read
06-Nov-2018 11:20:52.523 INFORMACIÓN [main] org.apache.catalina.startup.Catalina.load Initialization processed in 1204 ms
06-Nov-2018 11:20:52.582 INFORMACIÓN [main] org.apache.catalina.core.StandardService.startInternal Arrancando servicio [Catalina]
06-Nov-2018 11:20:52.582 INFORMACIÓN [main] org.apache.catalina.core.StandardEngine.startInternal Starting Servlet Engine: Apache Tomcat/9.0.12
06-Nov-2018 11:20:52.604 INFORMACIÓN [main] org.apache.catalina.startup.HostConfig.deployDirectory Despliegue del directorio [/var/home/lab/alum0/03/46/795/apache/apache-tomcat-9.0.12/webapps/ROOT] de la aplicación web
06-Nov-2018 11:20:53.435 INFORMACIÓN [main] org.apache.catalina.startup.HostConfig.deployDirectory Deployment of web application directory [/var/home/lab/alum0/03/46/795/apache/apache-tomcat-9.0.12/webapps/ROOT] has finished in [825] ms
06-Nov-2018 11:20:53.436 INFORMACIÓN [main] org.apache.catalina.startup.HostConfig.deployDirectory Despliegue del directorio [/var/home/lab/alum0/03/46/795/apache/apache-tomcat-9.0.12/webapps/docs] de la aplicación web
06-Nov-2018 11:20:53.496 INFORMACIÓN [main] org.apache.catalina.startup.HostConfig.deployDirectory Deployment of web application directory [/var/home/lab/alum0/03/46/795/apache/apache-tomcat-9.0.12/webapps/docs] has finished in [60] ms
06-Nov-2018 11:20:53.499 INFORMACIÓN [main] org.apache.catalina.startup.HostConfig.deployDirectory Despliegue del directorio [/var/home/lab/alum0/03/46/795/apache/apache-tomcat-9.0.12/webapps/examples] de la aplicación web
06-Nov-2018 11:20:54.308 INFORMACIÓN [main] org.apache.catalina.startup.HostConfig.deployDirectory Deployment of web application directory [/var/home/lab/alum0/03/46/795/apache/apache-tomcat-9.0.12/webapps/examples] has finished in [808] ms
06-Nov-2018 11:20:54.309 INFORMACIÓN [main] org.apache.catalina.startup.HostConfig.deployDirectory Despliegue del directorio [/var/home/lab/alum0/03/46/795/apache/apache-tomcat-9.0.12/webapps/host-manager] de la aplicación web
06-Nov-2018 11:20:54.377 INFORMACIÓN [main] org.apache.catalina.startup.HostConfig.deployDirectory Deployment of web application directory [/var/home/lab/alum0/03/46/795/apache/apache-tomcat-9.0.12/webapps/host-manager] has finished in [67] ms
06-Nov-2018 11:20:54.378 INFORMACIÓN [main] org.apache.catalina.startup.HostConfig.deployDirectory Despliegue del directorio [/var/home/lab/alum0/03/46/795/apache/apache-tomcat-9.0.12/webapps/manager] de la aplicación web
06-Nov-2018 11:20:54.431 INFORMACIÓN [main] org.apache.catalina.startup.HostConfig.deployDirectory Deployment of web application directory [/var/home/lab/alum0/03/46/795/apache/apache-tomcat-9.0.12/webapps/manager] has finished in [53] ms
06-Nov-2018 11:20:54.432 INFORMACIÓN [main] org.apache.catalina.startup.HostConfig.deployDirectory Despliegue del directorio [/var/home/lab/alum0/03/46/795/apache/apache-tomcat-9.0.12/webapps/holamundo] de la aplicación web
06-Nov-2018 11:20:54.521 INFORMACIÓN [main] org.apache.catalina.startup.HostConfig.deployDirectory Deployment of web application directory [/var/home/lab/alum0/03/46/795/apache/apache-tomcat-9.0.12/webapps/holamundo] has finished in [90] ms
06-Nov-2018 11:20:54.522 INFORMACIÓN [main] org.apache.catalina.startup.HostConfig.deployDirectory Despliegue del directorio [/var/home/lab/alum0/03/46/795/apache/apache-tomcat-9.0.12/webapps/bookshop_prev] de la aplicación web
06-Nov-2018 11:20:54.813 ADVERTENCIA [main] org.apache.tomcat.dbcp.dbcp2.BasicDataSourceFactory.getObjectInstance Name = Libros Property maxActive is not used in DBCP2, use maxTotal instead. maxTotal default value is 8. You have set value of "8" for "maxActive" property, which is being ignored.
06-Nov-2018 11:20:54.852 INFORMACIÓN [main] org.apache.jasper.servlet.TldScanner.scanJars Al menos un JAR, que se ha explorado buscando TLDs, aún no contenía TLDs. Activar historial de depuración para este historiador para una completa lista de los JARs que fueron explorados y de los que nos se halló TLDs. Saltarse JARs no necesarios durante la exploración puede dar lugar a una mejora de tiempo significativa en el arranque y compilación de JSP .
06-Nov-2018 11:20:54.858 INFORMACIÓN [main] org.apache.catalina.startup.HostConfig.deployDirectory Deployment of web application directory [/var/home/lab/alum0/03/46/795/apache/apache-tomcat-9.0.12/webapps/bookshop_prev] has finished in [337] ms
06-Nov-2018 11:20:54.859 INFORMACIÓN [main] org.apache.catalina.startup.HostConfig.deployDirectory Despliegue del directorio [/var/home/lab/alum0/03/46/795/apache/apache-tomcat-9.0.12/webapps/bookshop] de la aplicación web
06-Nov-2018 11:20:55.070 ADVERTENCIA [main] org.apache.tomcat.dbcp.dbcp2.BasicDataSourceFactory.getObjectInstance Name = Libros Property maxActive is not used in DBCP2, use maxTotal instead. maxTotal default value is 8. You have set value of "8" for "maxActive" property, which is being ignored.
06-Nov-2018 11:20:55.084 INFORMACIÓN [main] org.apache.jasper.servlet.TldScanner.scanJars Al menos un JAR, que se ha explorado buscando TLDs, aún no contenía TLDs. Activar historial de depuración para este historiador para una completa lista de los JARs que fueron explorados y de los que nos se halló TLDs. Saltarse JARs no necesarios durante la exploración puede dar lugar a una mejora de tiempo significativa en el arranque y compilación de JSP .
06-Nov-2018 11:20:55.121 INFORMACIÓN [main] org.apache.catalina.startup.HostConfig.deployDirectory Deployment of web application directory [/var/home/lab/alum0/03/46/795/apache/apache-tomcat-9.0.12/webapps/bookshop] has finished in [263] ms
06-Nov-2018 11:20:55.125 INFORMACIÓN [main] org.apache.coyote.AbstractProtocol.start Starting ProtocolHandler ["http-nio-9190"]
06-Nov-2018 11:20:55.150 INFORMACIÓN [main] org.apache.coyote.AbstractProtocol.start Starting ProtocolHandler ["ajp-nio-8009"]
06-Nov-2018 11:20:55.163 INFORMACIÓN [main] org.apache.catalina.startup.Catalina.start Server startup in 2640 ms
06-Nov-2018 12:51:59.079 INFORMACIÓN [main] org.apache.catalina.core.StandardServer.await Se ha recibido un comando de apagado a través del puerto de apagado. Parando la instancia del Servidor.
06-Nov-2018 12:51:59.081 INFORMACIÓN [main] org.apache.coyote.AbstractProtocol.pause Pausing ProtocolHandler ["http-nio-9190"]
06-Nov-2018 12:51:59.133 INFORMACIÓN [main] org.apache.coyote.AbstractProtocol.pause Pausing ProtocolHandler ["ajp-nio-8009"]
06-Nov-2018 12:51:59.184 INFORMACIÓN [main] org.apache.catalina.core.StandardService.stopInternal Parando servicio [Catalina]
06-Nov-2018 12:51:59.309 ADVERTENCIA [main] org.apache.catalina.loader.WebappClassLoaderBase.clearReferencesJdbc La aplicación web [bookshop] registró el conductor JDBC [com.mysql.jdbc.Driver] pero falló al anular el registro mientras la aplicación web estaba parada. Para prevenir un fallo de memoria, se ha anulado el registro del conductor JDBC por la fuerza.
06-Nov-2018 12:51:59.313 ADVERTENCIA [main] org.apache.catalina.loader.WebappClassLoaderBase.clearReferencesThreads The web application [bookshop] appears to have started a thread named [Abandoned connection cleanup thread] but has failed to stop it. This is very likely to create a memory leak. Stack trace of thread:
 java.lang.Object.wait(Native Method)
 java.lang.ref.ReferenceQueue.remove(ReferenceQueue.java:143)
 com.mysql.jdbc.AbandonedConnectionCleanupThread.run(AbandonedConnectionCleanupThread.java:64)
 java.util.concurrent.ThreadPoolExecutor.runWorker(ThreadPoolExecutor.java:1149)
 java.util.concurrent.ThreadPoolExecutor$Worker.run(ThreadPoolExecutor.java:624)
 java.lang.Thread.run(Thread.java:748)
06-Nov-2018 12:51:59.355 INFORMACIÓN [main] org.apache.coyote.AbstractProtocol.stop Stopping ProtocolHandler ["http-nio-9190"]
06-Nov-2018 12:51:59.358 INFORMACIÓN [main] org.apache.coyote.AbstractProtocol.stop Stopping ProtocolHandler ["ajp-nio-8009"]
06-Nov-2018 12:51:59.366 INFORMACIÓN [main] org.apache.coyote.AbstractProtocol.destroy Destroying ProtocolHandler ["http-nio-9190"]
06-Nov-2018 12:51:59.368 INFORMACIÓN [main] org.apache.coyote.AbstractProtocol.destroy Destroying ProtocolHandler ["ajp-nio-8009"]
06-Nov-2018 12:52:01.485 INFORMACIÓN [main] org.apache.catalina.startup.VersionLoggerListener.log Server version:        Apache Tomcat/9.0.12
06-Nov-2018 12:52:01.519 INFORMACIÓN [main] org.apache.catalina.startup.VersionLoggerListener.log Server built:          Sep 4 2018 22:13:41 UTC
06-Nov-2018 12:52:01.519 INFORMACIÓN [main] org.apache.catalina.startup.VersionLoggerListener.log Server number:         9.0.12.0
06-Nov-2018 12:52:01.519 INFORMACIÓN [main] org.apache.catalina.startup.VersionLoggerListener.log OS Name:               Linux
06-Nov-2018 12:52:01.519 INFORMACIÓN [main] org.apache.catalina.startup.VersionLoggerListener.log OS Version:            4.16.10
06-Nov-2018 12:52:01.519 INFORMACIÓN [main] org.apache.catalina.startup.VersionLoggerListener.log Architecture:          amd64
06-Nov-2018 12:52:01.519 INFORMACIÓN [main] org.apache.catalina.startup.VersionLoggerListener.log Java Home:             /usr/lib/jvm/oracle-java8-jdk-amd64/jre
06-Nov-2018 12:52:01.520 INFORMACIÓN [main] org.apache.catalina.startup.VersionLoggerListener.log JVM Version:           1.8.0_141-b15
06-Nov-2018 12:52:01.520 INFORMACIÓN [main] org.apache.catalina.startup.VersionLoggerListener.log JVM Vendor:            Oracle Corporation
06-Nov-2018 12:52:01.520 INFORMACIÓN [main] org.apache.catalina.startup.VersionLoggerListener.log CATALINA_BASE:         /var/home/lab/alum0/03/46/795/apache/apache-tomcat-9.0.12
06-Nov-2018 12:52:01.520 INFORMACIÓN [main] org.apache.catalina.startup.VersionLoggerListener.log CATALINA_HOME:         /var/home/lab/alum0/03/46/795/apache/apache-tomcat-9.0.12
06-Nov-2018 12:52:01.520 INFORMACIÓN [main] org.apache.catalina.startup.VersionLoggerListener.log Command line argument: -Djava.util.logging.config.file=/usr/lab/alum/0346795/apache/apache-tomcat-9.0.12/conf/logging.properties
06-Nov-2018 12:52:01.520 INFORMACIÓN [main] org.apache.catalina.startup.VersionLoggerListener.log Command line argument: -Djava.util.logging.manager=org.apache.juli.ClassLoaderLogManager
06-Nov-2018 12:52:01.520 INFORMACIÓN [main] org.apache.catalina.startup.VersionLoggerListener.log Command line argument: -Djdk.tls.ephemeralDHKeySize=2048
06-Nov-2018 12:52:01.520 INFORMACIÓN [main] org.apache.catalina.startup.VersionLoggerListener.log Command line argument: -Djava.protocol.handler.pkgs=org.apache.catalina.webresources
06-Nov-2018 12:52:01.521 INFORMACIÓN [main] org.apache.catalina.startup.VersionLoggerListener.log Command line argument: -Dorg.apache.catalina.security.SecurityListener.UMASK=0027
06-Nov-2018 12:52:01.521 INFORMACIÓN [main] org.apache.catalina.startup.VersionLoggerListener.log Command line argument: -Dignore.endorsed.dirs=
06-Nov-2018 12:52:01.521 INFORMACIÓN [main] org.apache.catalina.startup.VersionLoggerListener.log Command line argument: -Dcatalina.base=/usr/lab/alum/0346795/apache/apache-tomcat-9.0.12
06-Nov-2018 12:52:01.521 INFORMACIÓN [main] org.apache.catalina.startup.VersionLoggerListener.log Command line argument: -Dcatalina.home=/usr/lab/alum/0346795/apache/apache-tomcat-9.0.12
06-Nov-2018 12:52:01.521 INFORMACIÓN [main] org.apache.catalina.startup.VersionLoggerListener.log Command line argument: -Djava.io.tmpdir=/usr/lab/alum/0346795/apache/apache-tomcat-9.0.12/temp
06-Nov-2018 12:52:01.521 INFORMACIÓN [main] org.apache.catalina.core.AprLifecycleListener.lifecycleEvent La biblioteca nativa de Apache Tomcat basada en ARP que permite un rendimiento óptimo en entornos de desarrollo no ha sido hallada en java.library.path: [/usr/java/packages/lib/amd64:/usr/lib64:/lib64:/lib:/usr/lib]
06-Nov-2018 12:52:02.535 INFORMACIÓN [main] org.apache.coyote.AbstractProtocol.init Initializing ProtocolHandler ["http-nio-9190"]
06-Nov-2018 12:52:02.719 INFORMACIÓN [main] org.apache.tomcat.util.net.NioSelectorPool.getSharedSelector Using a shared selector for servlet write/read
06-Nov-2018 12:52:02.767 INFORMACIÓN [main] org.apache.coyote.AbstractProtocol.init Initializing ProtocolHandler ["ajp-nio-8009"]
06-Nov-2018 12:52:02.771 INFORMACIÓN [main] org.apache.tomcat.util.net.NioSelectorPool.getSharedSelector Using a shared selector for servlet write/read
06-Nov-2018 12:52:02.772 INFORMACIÓN [main] org.apache.catalina.startup.Catalina.load Initialization processed in 2694 ms
06-Nov-2018 12:52:02.897 INFORMACIÓN [main] org.apache.catalina.core.StandardService.startInternal Arrancando servicio [Catalina]
06-Nov-2018 12:52:02.897 INFORMACIÓN [main] org.apache.catalina.core.StandardEngine.startInternal Starting Servlet Engine: Apache Tomcat/9.0.12
06-Nov-2018 12:52:02.936 INFORMACIÓN [main] org.apache.catalina.startup.HostConfig.deployDirectory Despliegue del directorio [/var/home/lab/alum0/03/46/795/apache/apache-tomcat-9.0.12/webapps/ROOT] de la aplicación web
06-Nov-2018 12:52:04.167 INFORMACIÓN [main] org.apache.catalina.startup.HostConfig.deployDirectory Deployment of web application directory [/var/home/lab/alum0/03/46/795/apache/apache-tomcat-9.0.12/webapps/ROOT] has finished in [1.223] ms
06-Nov-2018 12:52:04.169 INFORMACIÓN [main] org.apache.catalina.startup.HostConfig.deployDirectory Despliegue del directorio [/var/home/lab/alum0/03/46/795/apache/apache-tomcat-9.0.12/webapps/docs] de la aplicación web
06-Nov-2018 12:52:04.218 INFORMACIÓN [main] org.apache.catalina.startup.HostConfig.deployDirectory Deployment of web application directory [/var/home/lab/alum0/03/46/795/apache/apache-tomcat-9.0.12/webapps/docs] has finished in [48] ms
06-Nov-2018 12:52:04.218 INFORMACIÓN [main] org.apache.catalina.startup.HostConfig.deployDirectory Despliegue del directorio [/var/home/lab/alum0/03/46/795/apache/apache-tomcat-9.0.12/webapps/examples] de la aplicación web
06-Nov-2018 12:52:05.016 INFORMACIÓN [main] org.apache.catalina.startup.HostConfig.deployDirectory Deployment of web application directory [/var/home/lab/alum0/03/46/795/apache/apache-tomcat-9.0.12/webapps/examples] has finished in [798] ms
06-Nov-2018 12:52:05.017 INFORMACIÓN [main] org.apache.catalina.startup.HostConfig.deployDirectory Despliegue del directorio [/var/home/lab/alum0/03/46/795/apache/apache-tomcat-9.0.12/webapps/host-manager] de la aplicación web
06-Nov-2018 12:52:05.087 INFORMACIÓN [main] org.apache.catalina.startup.HostConfig.deployDirectory Deployment of web application directory [/var/home/lab/alum0/03/46/795/apache/apache-tomcat-9.0.12/webapps/host-manager] has finished in [70] ms
06-Nov-2018 12:52:05.088 INFORMACIÓN [main] org.apache.catalina.startup.HostConfig.deployDirectory Despliegue del directorio [/var/home/lab/alum0/03/46/795/apache/apache-tomcat-9.0.12/webapps/manager] de la aplicación web
06-Nov-2018 12:52:05.152 INFORMACIÓN [main] org.apache.catalina.startup.HostConfig.deployDirectory Deployment of web application directory [/var/home/lab/alum0/03/46/795/apache/apache-tomcat-9.0.12/webapps/manager] has finished in [63] ms
06-Nov-2018 12:52:05.152 INFORMACIÓN [main] org.apache.catalina.startup.HostConfig.deployDirectory Despliegue del directorio [/var/home/lab/alum0/03/46/795/apache/apache-tomcat-9.0.12/webapps/holamundo] de la aplicación web
06-Nov-2018 12:52:05.293 INFORMACIÓN [main] org.apache.catalina.startup.HostConfig.deployDirectory Deployment of web application directory [/var/home/lab/alum0/03/46/795/apache/apache-tomcat-9.0.12/webapps/holamundo] has finished in [141] ms
06-Nov-2018 12:52:05.294 INFORMACIÓN [main] org.apache.catalina.startup.HostConfig.deployDirectory Despliegue del directorio [/var/home/lab/alum0/03/46/795/apache/apache-tomcat-9.0.12/webapps/bookshop_prev] de la aplicación web
06-Nov-2018 12:52:05.640 ADVERTENCIA [main] org.apache.tomcat.dbcp.dbcp2.BasicDataSourceFactory.getObjectInstance Name = Libros Property maxActive is not used in DBCP2, use maxTotal instead. maxTotal default value is 8. You have set value of "8" for "maxActive" property, which is being ignored.
06-Nov-2018 12:52:05.702 INFORMACIÓN [main] org.apache.jasper.servlet.TldScanner.scanJars Al menos un JAR, que se ha explorado buscando TLDs, aún no contenía TLDs. Activar historial de depuración para este historiador para una completa lista de los JARs que fueron explorados y de los que nos se halló TLDs. Saltarse JARs no necesarios durante la exploración puede dar lugar a una mejora de tiempo significativa en el arranque y compilación de JSP .
06-Nov-2018 12:52:05.706 INFORMACIÓN [main] org.apache.catalina.startup.HostConfig.deployDirectory Deployment of web application directory [/var/home/lab/alum0/03/46/795/apache/apache-tomcat-9.0.12/webapps/bookshop_prev] has finished in [411] ms
06-Nov-2018 12:52:05.706 INFORMACIÓN [main] org.apache.catalina.startup.HostConfig.deployDirectory Despliegue del directorio [/var/home/lab/alum0/03/46/795/apache/apache-tomcat-9.0.12/webapps/bookshop] de la aplicación web
06-Nov-2018 12:52:05.909 ADVERTENCIA [main] org.apache.tomcat.dbcp.dbcp2.BasicDataSourceFactory.getObjectInstance Name = Libros Property maxActive is not used in DBCP2, use maxTotal instead. maxTotal default value is 8. You have set value of "8" for "maxActive" property, which is being ignored.
06-Nov-2018 12:52:05.923 INFORMACIÓN [main] org.apache.jasper.servlet.TldScanner.scanJars Al menos un JAR, que se ha explorado buscando TLDs, aún no contenía TLDs. Activar historial de depuración para este historiador para una completa lista de los JARs que fueron explorados y de los que nos se halló TLDs. Saltarse JARs no necesarios durante la exploración puede dar lugar a una mejora de tiempo significativa en el arranque y compilación de JSP .
06-Nov-2018 12:52:05.993 INFORMACIÓN [main] org.apache.catalina.startup.HostConfig.deployDirectory Deployment of web application directory [/var/home/lab/alum0/03/46/795/apache/apache-tomcat-9.0.12/webapps/bookshop] has finished in [287] ms
06-Nov-2018 12:52:05.999 INFORMACIÓN [main] org.apache.coyote.AbstractProtocol.start Starting ProtocolHandler ["http-nio-9190"]
06-Nov-2018 12:52:06.010 INFORMACIÓN [main] org.apache.coyote.AbstractProtocol.start Starting ProtocolHandler ["ajp-nio-8009"]
06-Nov-2018 12:52:06.013 INFORMACIÓN [main] org.apache.catalina.startup.Catalina.start Server startup in 3240 ms
06-Nov-2018 12:52:35.884 INFORMACIÓN [main] org.apache.catalina.core.StandardServer.await Se ha recibido un comando de apagado a través del puerto de apagado. Parando la instancia del Servidor.
06-Nov-2018 12:52:35.885 INFORMACIÓN [main] org.apache.coyote.AbstractProtocol.pause Pausing ProtocolHandler ["http-nio-9190"]
06-Nov-2018 12:52:35.937 INFORMACIÓN [main] org.apache.coyote.AbstractProtocol.pause Pausing ProtocolHandler ["ajp-nio-8009"]
06-Nov-2018 12:52:35.989 INFORMACIÓN [main] org.apache.catalina.core.StandardService.stopInternal Parando servicio [Catalina]
06-Nov-2018 12:52:36.028 ADVERTENCIA [main] org.apache.catalina.loader.WebappClassLoaderBase.clearReferencesJdbc La aplicación web [bookshop] registró el conductor JDBC [com.mysql.jdbc.Driver] pero falló al anular el registro mientras la aplicación web estaba parada. Para prevenir un fallo de memoria, se ha anulado el registro del conductor JDBC por la fuerza.
06-Nov-2018 12:52:36.034 ADVERTENCIA [main] org.apache.catalina.loader.WebappClassLoaderBase.clearReferencesThreads The web application [bookshop] appears to have started a thread named [Abandoned connection cleanup thread] but has failed to stop it. This is very likely to create a memory leak. Stack trace of thread:
 java.lang.Object.wait(Native Method)
 java.lang.ref.ReferenceQueue.remove(ReferenceQueue.java:143)
 com.mysql.jdbc.AbandonedConnectionCleanupThread.run(AbandonedConnectionCleanupThread.java:64)
 java.util.concurrent.ThreadPoolExecutor.runWorker(ThreadPoolExecutor.java:1149)
 java.util.concurrent.ThreadPoolExecutor$Worker.run(ThreadPoolExecutor.java:624)
 java.lang.Thread.run(Thread.java:748)
06-Nov-2018 12:52:36.084 INFORMACIÓN [main] org.apache.coyote.AbstractProtocol.stop Stopping ProtocolHandler ["http-nio-9190"]
06-Nov-2018 12:52:36.099 INFORMACIÓN [main] org.apache.coyote.AbstractProtocol.stop Stopping ProtocolHandler ["ajp-nio-8009"]
06-Nov-2018 12:52:36.102 INFORMACIÓN [main] org.apache.coyote.AbstractProtocol.destroy Destroying ProtocolHandler ["http-nio-9190"]
06-Nov-2018 12:52:36.105 INFORMACIÓN [main] org.apache.coyote.AbstractProtocol.destroy Destroying ProtocolHandler ["ajp-nio-8009"]
06-Nov-2018 12:52:37.004 INFORMACIÓN [main] org.apache.catalina.startup.VersionLoggerListener.log Server version:        Apache Tomcat/9.0.12
06-Nov-2018 12:52:37.009 INFORMACIÓN [main] org.apache.catalina.startup.VersionLoggerListener.log Server built:          Sep 4 2018 22:13:41 UTC
06-Nov-2018 12:52:37.009 INFORMACIÓN [main] org.apache.catalina.startup.VersionLoggerListener.log Server number:         9.0.12.0
06-Nov-2018 12:52:37.010 INFORMACIÓN [main] org.apache.catalina.startup.VersionLoggerListener.log OS Name:               Linux
06-Nov-2018 12:52:37.010 INFORMACIÓN [main] org.apache.catalina.startup.VersionLoggerListener.log OS Version:            4.16.10
06-Nov-2018 12:52:37.010 INFORMACIÓN [main] org.apache.catalina.startup.VersionLoggerListener.log Architecture:          amd64
06-Nov-2018 12:52:37.011 INFORMACIÓN [main] org.apache.catalina.startup.VersionLoggerListener.log Java Home:             /usr/lib/jvm/oracle-java8-jdk-amd64/jre
06-Nov-2018 12:52:37.011 INFORMACIÓN [main] org.apache.catalina.startup.VersionLoggerListener.log JVM Version:           1.8.0_141-b15
06-Nov-2018 12:52:37.012 INFORMACIÓN [main] org.apache.catalina.startup.VersionLoggerListener.log JVM Vendor:            Oracle Corporation
06-Nov-2018 12:52:37.012 INFORMACIÓN [main] org.apache.catalina.startup.VersionLoggerListener.log CATALINA_BASE:         /var/home/lab/alum0/03/46/795/apache/apache-tomcat-9.0.12
06-Nov-2018 12:52:37.012 INFORMACIÓN [main] org.apache.catalina.startup.VersionLoggerListener.log CATALINA_HOME:         /var/home/lab/alum0/03/46/795/apache/apache-tomcat-9.0.12
06-Nov-2018 12:52:37.014 INFORMACIÓN [main] org.apache.catalina.startup.VersionLoggerListener.log Command line argument: -Djava.util.logging.config.file=/usr/lab/alum/0346795/apache/apache-tomcat-9.0.12/conf/logging.properties
06-Nov-2018 12:52:37.015 INFORMACIÓN [main] org.apache.catalina.startup.VersionLoggerListener.log Command line argument: -Djava.util.logging.manager=org.apache.juli.ClassLoaderLogManager
06-Nov-2018 12:52:37.016 INFORMACIÓN [main] org.apache.catalina.startup.VersionLoggerListener.log Command line argument: -Djdk.tls.ephemeralDHKeySize=2048
06-Nov-2018 12:52:37.016 INFORMACIÓN [main] org.apache.catalina.startup.VersionLoggerListener.log Command line argument: -Djava.protocol.handler.pkgs=org.apache.catalina.webresources
06-Nov-2018 12:52:37.016 INFORMACIÓN [main] org.apache.catalina.startup.VersionLoggerListener.log Command line argument: -Dorg.apache.catalina.security.SecurityListener.UMASK=0027
06-Nov-2018 12:52:37.017 INFORMACIÓN [main] org.apache.catalina.startup.VersionLoggerListener.log Command line argument: -Dignore.endorsed.dirs=
06-Nov-2018 12:52:37.017 INFORMACIÓN [main] org.apache.catalina.startup.VersionLoggerListener.log Command line argument: -Dcatalina.base=/usr/lab/alum/0346795/apache/apache-tomcat-9.0.12
06-Nov-2018 12:52:37.018 INFORMACIÓN [main] org.apache.catalina.startup.VersionLoggerListener.log Command line argument: -Dcatalina.home=/usr/lab/alum/0346795/apache/apache-tomcat-9.0.12
06-Nov-2018 12:52:37.018 INFORMACIÓN [main] org.apache.catalina.startup.VersionLoggerListener.log Command line argument: -Djava.io.tmpdir=/usr/lab/alum/0346795/apache/apache-tomcat-9.0.12/temp
06-Nov-2018 12:52:37.018 INFORMACIÓN [main] org.apache.catalina.core.AprLifecycleListener.lifecycleEvent La biblioteca nativa de Apache Tomcat basada en ARP que permite un rendimiento óptimo en entornos de desarrollo no ha sido hallada en java.library.path: [/usr/java/packages/lib/amd64:/usr/lib64:/lib64:/lib:/usr/lib]
06-Nov-2018 12:52:37.215 INFORMACIÓN [main] org.apache.coyote.AbstractProtocol.init Initializing ProtocolHandler ["http-nio-9190"]
06-Nov-2018 12:52:37.234 INFORMACIÓN [main] org.apache.tomcat.util.net.NioSelectorPool.getSharedSelector Using a shared selector for servlet write/read
06-Nov-2018 12:52:37.244 INFORMACIÓN [main] org.apache.coyote.AbstractProtocol.init Initializing ProtocolHandler ["ajp-nio-8009"]
06-Nov-2018 12:52:37.246 INFORMACIÓN [main] org.apache.tomcat.util.net.NioSelectorPool.getSharedSelector Using a shared selector for servlet write/read
06-Nov-2018 12:52:37.246 INFORMACIÓN [main] org.apache.catalina.startup.Catalina.load Initialization processed in 848 ms
06-Nov-2018 12:52:37.280 INFORMACIÓN [main] org.apache.catalina.core.StandardService.startInternal Arrancando servicio [Catalina]
06-Nov-2018 12:52:37.280 INFORMACIÓN [main] org.apache.catalina.core.StandardEngine.startInternal Starting Servlet Engine: Apache Tomcat/9.0.12
06-Nov-2018 12:52:37.294 INFORMACIÓN [main] org.apache.catalina.startup.HostConfig.deployDirectory Despliegue del directorio [/var/home/lab/alum0/03/46/795/apache/apache-tomcat-9.0.12/webapps/ROOT] de la aplicación web
06-Nov-2018 12:52:37.775 INFORMACIÓN [main] org.apache.catalina.startup.HostConfig.deployDirectory Deployment of web application directory [/var/home/lab/alum0/03/46/795/apache/apache-tomcat-9.0.12/webapps/ROOT] has finished in [479] ms
06-Nov-2018 12:52:37.776 INFORMACIÓN [main] org.apache.catalina.startup.HostConfig.deployDirectory Despliegue del directorio [/var/home/lab/alum0/03/46/795/apache/apache-tomcat-9.0.12/webapps/docs] de la aplicación web
06-Nov-2018 12:52:37.820 INFORMACIÓN [main] org.apache.catalina.startup.HostConfig.deployDirectory Deployment of web application directory [/var/home/lab/alum0/03/46/795/apache/apache-tomcat-9.0.12/webapps/docs] has finished in [44] ms
06-Nov-2018 12:52:37.820 INFORMACIÓN [main] org.apache.catalina.startup.HostConfig.deployDirectory Despliegue del directorio [/var/home/lab/alum0/03/46/795/apache/apache-tomcat-9.0.12/webapps/examples] de la aplicación web
06-Nov-2018 12:52:38.414 INFORMACIÓN [main] org.apache.catalina.startup.HostConfig.deployDirectory Deployment of web application directory [/var/home/lab/alum0/03/46/795/apache/apache-tomcat-9.0.12/webapps/examples] has finished in [594] ms
06-Nov-2018 12:52:38.416 INFORMACIÓN [main] org.apache.catalina.startup.HostConfig.deployDirectory Despliegue del directorio [/var/home/lab/alum0/03/46/795/apache/apache-tomcat-9.0.12/webapps/host-manager] de la aplicación web
06-Nov-2018 12:52:38.457 INFORMACIÓN [main] org.apache.catalina.startup.HostConfig.deployDirectory Deployment of web application directory [/var/home/lab/alum0/03/46/795/apache/apache-tomcat-9.0.12/webapps/host-manager] has finished in [40] ms
06-Nov-2018 12:52:38.457 INFORMACIÓN [main] org.apache.catalina.startup.HostConfig.deployDirectory Despliegue del directorio [/var/home/lab/alum0/03/46/795/apache/apache-tomcat-9.0.12/webapps/manager] de la aplicación web
06-Nov-2018 12:52:38.489 INFORMACIÓN [main] org.apache.catalina.startup.HostConfig.deployDirectory Deployment of web application directory [/var/home/lab/alum0/03/46/795/apache/apache-tomcat-9.0.12/webapps/manager] has finished in [32] ms
06-Nov-2018 12:52:38.490 INFORMACIÓN [main] org.apache.catalina.startup.HostConfig.deployDirectory Despliegue del directorio [/var/home/lab/alum0/03/46/795/apache/apache-tomcat-9.0.12/webapps/holamundo] de la aplicación web
06-Nov-2018 12:52:38.561 INFORMACIÓN [main] org.apache.catalina.startup.HostConfig.deployDirectory Deployment of web application directory [/var/home/lab/alum0/03/46/795/apache/apache-tomcat-9.0.12/webapps/holamundo] has finished in [71] ms
06-Nov-2018 12:52:38.562 INFORMACIÓN [main] org.apache.catalina.startup.HostConfig.deployDirectory Despliegue del directorio [/var/home/lab/alum0/03/46/795/apache/apache-tomcat-9.0.12/webapps/bookshop_prev] de la aplicación web
06-Nov-2018 12:52:38.819 ADVERTENCIA [main] org.apache.tomcat.dbcp.dbcp2.BasicDataSourceFactory.getObjectInstance Name = Libros Property maxActive is not used in DBCP2, use maxTotal instead. maxTotal default value is 8. You have set value of "8" for "maxActive" property, which is being ignored.
06-Nov-2018 12:52:38.843 INFORMACIÓN [main] org.apache.jasper.servlet.TldScanner.scanJars Al menos un JAR, que se ha explorado buscando TLDs, aún no contenía TLDs. Activar historial de depuración para este historiador para una completa lista de los JARs que fueron explorados y de los que nos se halló TLDs. Saltarse JARs no necesarios durante la exploración puede dar lugar a una mejora de tiempo significativa en el arranque y compilación de JSP .
06-Nov-2018 12:52:38.846 INFORMACIÓN [main] org.apache.catalina.startup.HostConfig.deployDirectory Deployment of web application directory [/var/home/lab/alum0/03/46/795/apache/apache-tomcat-9.0.12/webapps/bookshop_prev] has finished in [284] ms
06-Nov-2018 12:52:38.849 INFORMACIÓN [main] org.apache.catalina.startup.HostConfig.deployDirectory Despliegue del directorio [/var/home/lab/alum0/03/46/795/apache/apache-tomcat-9.0.12/webapps/bookshop] de la aplicación web
06-Nov-2018 12:52:39.024 ADVERTENCIA [main] org.apache.tomcat.dbcp.dbcp2.BasicDataSourceFactory.getObjectInstance Name = Libros Property maxActive is not used in DBCP2, use maxTotal instead. maxTotal default value is 8. You have set value of "8" for "maxActive" property, which is being ignored.
06-Nov-2018 12:52:39.033 INFORMACIÓN [main] org.apache.jasper.servlet.TldScanner.scanJars Al menos un JAR, que se ha explorado buscando TLDs, aún no contenía TLDs. Activar historial de depuración para este historiador para una completa lista de los JARs que fueron explorados y de los que nos se halló TLDs. Saltarse JARs no necesarios durante la exploración puede dar lugar a una mejora de tiempo significativa en el arranque y compilación de JSP .
06-Nov-2018 12:52:39.071 INFORMACIÓN [main] org.apache.catalina.startup.HostConfig.deployDirectory Deployment of web application directory [/var/home/lab/alum0/03/46/795/apache/apache-tomcat-9.0.12/webapps/bookshop] has finished in [222] ms
06-Nov-2018 12:52:39.075 INFORMACIÓN [main] org.apache.coyote.AbstractProtocol.start Starting ProtocolHandler ["http-nio-9190"]
06-Nov-2018 12:52:39.091 INFORMACIÓN [main] org.apache.coyote.AbstractProtocol.start Starting ProtocolHandler ["ajp-nio-8009"]
06-Nov-2018 12:52:39.094 INFORMACIÓN [main] org.apache.catalina.startup.Catalina.start Server startup in 1847 ms
06-Nov-2018 12:53:23.873 INFORMACIÓN [main] org.apache.catalina.core.StandardServer.await Se ha recibido un comando de apagado a través del puerto de apagado. Parando la instancia del Servidor.
06-Nov-2018 12:53:23.874 INFORMACIÓN [main] org.apache.coyote.AbstractProtocol.pause Pausing ProtocolHandler ["http-nio-9190"]
06-Nov-2018 12:53:23.927 INFORMACIÓN [main] org.apache.coyote.AbstractProtocol.pause Pausing ProtocolHandler ["ajp-nio-8009"]
06-Nov-2018 12:53:23.978 INFORMACIÓN [main] org.apache.catalina.core.StandardService.stopInternal Parando servicio [Catalina]
06-Nov-2018 12:53:24.014 ADVERTENCIA [main] org.apache.catalina.loader.WebappClassLoaderBase.clearReferencesJdbc La aplicación web [bookshop] registró el conductor JDBC [com.mysql.jdbc.Driver] pero falló al anular el registro mientras la aplicación web estaba parada. Para prevenir un fallo de memoria, se ha anulado el registro del conductor JDBC por la fuerza.
06-Nov-2018 12:53:24.015 ADVERTENCIA [main] org.apache.catalina.loader.WebappClassLoaderBase.clearReferencesThreads The web application [bookshop] appears to have started a thread named [Abandoned connection cleanup thread] but has failed to stop it. This is very likely to create a memory leak. Stack trace of thread:
 java.lang.Object.wait(Native Method)
 java.lang.ref.ReferenceQueue.remove(ReferenceQueue.java:143)
 com.mysql.jdbc.AbandonedConnectionCleanupThread.run(AbandonedConnectionCleanupThread.java:64)
 java.util.concurrent.ThreadPoolExecutor.runWorker(ThreadPoolExecutor.java:1149)
 java.util.concurrent.ThreadPoolExecutor$Worker.run(ThreadPoolExecutor.java:624)
 java.lang.Thread.run(Thread.java:748)
06-Nov-2018 12:53:24.040 INFORMACIÓN [main] org.apache.coyote.AbstractProtocol.stop Stopping ProtocolHandler ["http-nio-9190"]
06-Nov-2018 12:53:24.043 INFORMACIÓN [main] org.apache.coyote.AbstractProtocol.stop Stopping ProtocolHandler ["ajp-nio-8009"]
06-Nov-2018 12:53:24.046 INFORMACIÓN [main] org.apache.coyote.AbstractProtocol.destroy Destroying ProtocolHandler ["http-nio-9190"]
06-Nov-2018 12:53:24.047 INFORMACIÓN [main] org.apache.coyote.AbstractProtocol.destroy Destroying ProtocolHandler ["ajp-nio-8009"]
