29-Nov-2018 11:20:23.321 INFORMACIÓN [main] org.apache.catalina.startup.VersionLoggerListener.log Server version:        Apache Tomcat/9.0.12
29-Nov-2018 11:20:23.370 INFORMACIÓN [main] org.apache.catalina.startup.VersionLoggerListener.log Server built:          Sep 4 2018 22:13:41 UTC
29-Nov-2018 11:20:23.371 INFORMACIÓN [main] org.apache.catalina.startup.VersionLoggerListener.log Server number:         9.0.12.0
29-Nov-2018 11:20:23.371 INFORMACIÓN [main] org.apache.catalina.startup.VersionLoggerListener.log OS Name:               Linux
29-Nov-2018 11:20:23.371 INFORMACIÓN [main] org.apache.catalina.startup.VersionLoggerListener.log OS Version:            4.16.10
29-Nov-2018 11:20:23.371 INFORMACIÓN [main] org.apache.catalina.startup.VersionLoggerListener.log Architecture:          amd64
29-Nov-2018 11:20:23.371 INFORMACIÓN [main] org.apache.catalina.startup.VersionLoggerListener.log Java Home:             /usr/lib/jvm/oracle-java8-jdk-amd64/jre
29-Nov-2018 11:20:23.372 INFORMACIÓN [main] org.apache.catalina.startup.VersionLoggerListener.log JVM Version:           1.8.0_141-b15
29-Nov-2018 11:20:23.372 INFORMACIÓN [main] org.apache.catalina.startup.VersionLoggerListener.log JVM Vendor:            Oracle Corporation
29-Nov-2018 11:20:23.372 INFORMACIÓN [main] org.apache.catalina.startup.VersionLoggerListener.log CATALINA_BASE:         /var/home/lab/alum0/03/46/795/appweb18_project/apache/apache-tomcat-9.0.12
29-Nov-2018 11:20:23.372 INFORMACIÓN [main] org.apache.catalina.startup.VersionLoggerListener.log CATALINA_HOME:         /var/home/lab/alum0/03/46/795/appweb18_project/apache/apache-tomcat-9.0.12
29-Nov-2018 11:20:23.372 INFORMACIÓN [main] org.apache.catalina.startup.VersionLoggerListener.log Command line argument: -Djava.util.logging.config.file=/usr/lab/alum/0346795/appweb18_project/apache/apache-tomcat-9.0.12/conf/logging.properties
29-Nov-2018 11:20:23.373 INFORMACIÓN [main] org.apache.catalina.startup.VersionLoggerListener.log Command line argument: -Djava.util.logging.manager=org.apache.juli.ClassLoaderLogManager
29-Nov-2018 11:20:23.373 INFORMACIÓN [main] org.apache.catalina.startup.VersionLoggerListener.log Command line argument: -Djdk.tls.ephemeralDHKeySize=2048
29-Nov-2018 11:20:23.373 INFORMACIÓN [main] org.apache.catalina.startup.VersionLoggerListener.log Command line argument: -Djava.protocol.handler.pkgs=org.apache.catalina.webresources
29-Nov-2018 11:20:23.373 INFORMACIÓN [main] org.apache.catalina.startup.VersionLoggerListener.log Command line argument: -Dorg.apache.catalina.security.SecurityListener.UMASK=0027
29-Nov-2018 11:20:23.373 INFORMACIÓN [main] org.apache.catalina.startup.VersionLoggerListener.log Command line argument: -Dignore.endorsed.dirs=
29-Nov-2018 11:20:23.373 INFORMACIÓN [main] org.apache.catalina.startup.VersionLoggerListener.log Command line argument: -Dcatalina.base=/usr/lab/alum/0346795/appweb18_project/apache/apache-tomcat-9.0.12
29-Nov-2018 11:20:23.373 INFORMACIÓN [main] org.apache.catalina.startup.VersionLoggerListener.log Command line argument: -Dcatalina.home=/usr/lab/alum/0346795/appweb18_project/apache/apache-tomcat-9.0.12
29-Nov-2018 11:20:23.373 INFORMACIÓN [main] org.apache.catalina.startup.VersionLoggerListener.log Command line argument: -Djava.io.tmpdir=/usr/lab/alum/0346795/appweb18_project/apache/apache-tomcat-9.0.12/temp
29-Nov-2018 11:20:23.373 INFORMACIÓN [main] org.apache.catalina.core.AprLifecycleListener.lifecycleEvent La biblioteca nativa de Apache Tomcat basada en ARP que permite un rendimiento óptimo en entornos de desarrollo no ha sido hallada en java.library.path: [/usr/java/packages/lib/amd64:/usr/lib64:/lib64:/lib:/usr/lib]
29-Nov-2018 11:20:25.074 INFORMACIÓN [main] org.apache.coyote.AbstractProtocol.init Initializing ProtocolHandler ["http-nio-9190"]
29-Nov-2018 11:20:25.209 INFORMACIÓN [main] org.apache.tomcat.util.net.NioSelectorPool.getSharedSelector Using a shared selector for servlet write/read
29-Nov-2018 11:20:25.233 INFORMACIÓN [main] org.apache.coyote.AbstractProtocol.init Initializing ProtocolHandler ["ajp-nio-8009"]
29-Nov-2018 11:20:25.235 INFORMACIÓN [main] org.apache.tomcat.util.net.NioSelectorPool.getSharedSelector Using a shared selector for servlet write/read
29-Nov-2018 11:20:25.235 INFORMACIÓN [main] org.apache.catalina.startup.Catalina.load Initialization processed in 4715 ms
29-Nov-2018 11:20:25.363 INFORMACIÓN [main] org.apache.catalina.core.StandardService.startInternal Arrancando servicio [Catalina]
29-Nov-2018 11:20:25.363 INFORMACIÓN [main] org.apache.catalina.core.StandardEngine.startInternal Starting Servlet Engine: Apache Tomcat/9.0.12
29-Nov-2018 11:20:25.402 INFORMACIÓN [main] org.apache.catalina.startup.HostConfig.deployDirectory Despliegue del directorio [/var/home/lab/alum0/03/46/795/appweb18_project/apache/apache-tomcat-9.0.12/webapps/ROOT] de la aplicación web
29-Nov-2018 11:20:27.388 INFORMACIÓN [main] org.apache.catalina.startup.HostConfig.deployDirectory Deployment of web application directory [/var/home/lab/alum0/03/46/795/appweb18_project/apache/apache-tomcat-9.0.12/webapps/ROOT] has finished in [1.964] ms
29-Nov-2018 11:20:27.389 INFORMACIÓN [main] org.apache.catalina.startup.HostConfig.deployDirectory Despliegue del directorio [/var/home/lab/alum0/03/46/795/appweb18_project/apache/apache-tomcat-9.0.12/webapps/bookshop] de la aplicación web
29-Nov-2018 11:20:29.379 ADVERTENCIA [main] org.apache.tomcat.dbcp.dbcp2.BasicDataSourceFactory.getObjectInstance Name = Libros Property maxActive is not used in DBCP2, use maxTotal instead. maxTotal default value is 8. You have set value of "8" for "maxActive" property, which is being ignored.
29-Nov-2018 11:20:29.471 INFORMACIÓN [main] org.apache.jasper.servlet.TldScanner.scanJars Al menos un JAR, que se ha explorado buscando TLDs, aún no contenía TLDs. Activar historial de depuración para este historiador para una completa lista de los JARs que fueron explorados y de los que nos se halló TLDs. Saltarse JARs no necesarios durante la exploración puede dar lugar a una mejora de tiempo significativa en el arranque y compilación de JSP .
29-Nov-2018 11:20:29.548 INFORMACIÓN [main] org.apache.catalina.startup.HostConfig.deployDirectory Deployment of web application directory [/var/home/lab/alum0/03/46/795/appweb18_project/apache/apache-tomcat-9.0.12/webapps/bookshop] has finished in [2.158] ms
29-Nov-2018 11:20:29.549 INFORMACIÓN [main] org.apache.catalina.startup.HostConfig.deployDirectory Despliegue del directorio [/var/home/lab/alum0/03/46/795/appweb18_project/apache/apache-tomcat-9.0.12/webapps/docs] de la aplicación web
29-Nov-2018 11:20:29.632 INFORMACIÓN [main] org.apache.catalina.startup.HostConfig.deployDirectory Deployment of web application directory [/var/home/lab/alum0/03/46/795/appweb18_project/apache/apache-tomcat-9.0.12/webapps/docs] has finished in [82] ms
29-Nov-2018 11:20:29.633 INFORMACIÓN [main] org.apache.catalina.startup.HostConfig.deployDirectory Despliegue del directorio [/var/home/lab/alum0/03/46/795/appweb18_project/apache/apache-tomcat-9.0.12/webapps/examples] de la aplicación web
29-Nov-2018 11:20:35.013 INFORMACIÓN [main] org.apache.catalina.startup.HostConfig.deployDirectory Deployment of web application directory [/var/home/lab/alum0/03/46/795/appweb18_project/apache/apache-tomcat-9.0.12/webapps/examples] has finished in [5.380] ms
29-Nov-2018 11:20:35.015 INFORMACIÓN [main] org.apache.catalina.startup.HostConfig.deployDirectory Despliegue del directorio [/var/home/lab/alum0/03/46/795/appweb18_project/apache/apache-tomcat-9.0.12/webapps/holamundo] de la aplicación web
29-Nov-2018 11:20:35.892 INFORMACIÓN [main] org.apache.catalina.startup.HostConfig.deployDirectory Deployment of web application directory [/var/home/lab/alum0/03/46/795/appweb18_project/apache/apache-tomcat-9.0.12/webapps/holamundo] has finished in [877] ms
29-Nov-2018 11:20:35.893 INFORMACIÓN [main] org.apache.catalina.startup.HostConfig.deployDirectory Despliegue del directorio [/var/home/lab/alum0/03/46/795/appweb18_project/apache/apache-tomcat-9.0.12/webapps/host-manager] de la aplicación web
29-Nov-2018 11:20:36.758 INFORMACIÓN [main] org.apache.catalina.startup.HostConfig.deployDirectory Deployment of web application directory [/var/home/lab/alum0/03/46/795/appweb18_project/apache/apache-tomcat-9.0.12/webapps/host-manager] has finished in [865] ms
29-Nov-2018 11:20:36.761 INFORMACIÓN [main] org.apache.catalina.startup.HostConfig.deployDirectory Despliegue del directorio [/var/home/lab/alum0/03/46/795/appweb18_project/apache/apache-tomcat-9.0.12/webapps/manager] de la aplicación web
29-Nov-2018 11:20:37.040 INFORMACIÓN [main] org.apache.catalina.startup.HostConfig.deployDirectory Deployment of web application directory [/var/home/lab/alum0/03/46/795/appweb18_project/apache/apache-tomcat-9.0.12/webapps/manager] has finished in [279] ms
29-Nov-2018 11:20:37.041 INFORMACIÓN [main] org.apache.catalina.startup.HostConfig.deployDirectory Despliegue del directorio [/var/home/lab/alum0/03/46/795/appweb18_project/apache/apache-tomcat-9.0.12/webapps/proyecto] de la aplicación web
29-Nov-2018 11:20:37.649 ADVERTENCIA [main] org.apache.tomcat.dbcp.dbcp2.BasicDataSourceFactory.getObjectInstance Name = proyecto Property maxActive is not used in DBCP2, use maxTotal instead. maxTotal default value is 8. You have set value of "8" for "maxActive" property, which is being ignored.
29-Nov-2018 11:20:39.754 INFORMACIÓN [main] org.apache.jasper.servlet.TldScanner.scanJars Al menos un JAR, que se ha explorado buscando TLDs, aún no contenía TLDs. Activar historial de depuración para este historiador para una completa lista de los JARs que fueron explorados y de los que nos se halló TLDs. Saltarse JARs no necesarios durante la exploración puede dar lugar a una mejora de tiempo significativa en el arranque y compilación de JSP .
29-Nov-2018 11:20:39.759 INFORMACIÓN [main] org.apache.catalina.startup.HostConfig.deployDirectory Deployment of web application directory [/var/home/lab/alum0/03/46/795/appweb18_project/apache/apache-tomcat-9.0.12/webapps/proyecto] has finished in [2.719] ms
29-Nov-2018 11:20:39.773 INFORMACIÓN [main] org.apache.coyote.AbstractProtocol.start Starting ProtocolHandler ["http-nio-9190"]
29-Nov-2018 11:20:39.794 INFORMACIÓN [main] org.apache.coyote.AbstractProtocol.start Starting ProtocolHandler ["ajp-nio-8009"]
29-Nov-2018 11:20:39.800 INFORMACIÓN [main] org.apache.catalina.startup.Catalina.start Server startup in 14564 ms
29-Nov-2018 11:40:29.465 INFORMACIÓN [ContainerBackgroundProcessor[StandardEngine[Catalina]]] org.apache.catalina.core.StandardContext.reload Ha comenzado la recarga de Contexto [/proyecto]
29-Nov-2018 11:40:29.640 ADVERTENCIA [ContainerBackgroundProcessor[StandardEngine[Catalina]]] org.apache.catalina.loader.WebappClassLoaderBase.clearReferencesJdbc La aplicación web [proyecto] registró el conductor JDBC [com.mysql.jdbc.Driver] pero falló al anular el registro mientras la aplicación web estaba parada. Para prevenir un fallo de memoria, se ha anulado el registro del conductor JDBC por la fuerza.
29-Nov-2018 11:40:29.641 ADVERTENCIA [ContainerBackgroundProcessor[StandardEngine[Catalina]]] org.apache.catalina.loader.WebappClassLoaderBase.clearReferencesThreads The web application [proyecto] appears to have started a thread named [Abandoned connection cleanup thread] but has failed to stop it. This is very likely to create a memory leak. Stack trace of thread:
 java.lang.Object.wait(Native Method)
 java.lang.ref.ReferenceQueue.remove(ReferenceQueue.java:143)
 com.mysql.jdbc.AbandonedConnectionCleanupThread.run(AbandonedConnectionCleanupThread.java:64)
 java.util.concurrent.ThreadPoolExecutor.runWorker(ThreadPoolExecutor.java:1149)
 java.util.concurrent.ThreadPoolExecutor$Worker.run(ThreadPoolExecutor.java:624)
 java.lang.Thread.run(Thread.java:748)
29-Nov-2018 11:40:30.205 ADVERTENCIA [ContainerBackgroundProcessor[StandardEngine[Catalina]]] org.apache.tomcat.dbcp.dbcp2.BasicDataSourceFactory.getObjectInstance Name = proyecto Property maxActive is not used in DBCP2, use maxTotal instead. maxTotal default value is 8. You have set value of "8" for "maxActive" property, which is being ignored.
29-Nov-2018 11:40:30.435 INFORMACIÓN [ContainerBackgroundProcessor[StandardEngine[Catalina]]] org.apache.jasper.servlet.TldScanner.scanJars Al menos un JAR, que se ha explorado buscando TLDs, aún no contenía TLDs. Activar historial de depuración para este historiador para una completa lista de los JARs que fueron explorados y de los que nos se halló TLDs. Saltarse JARs no necesarios durante la exploración puede dar lugar a una mejora de tiempo significativa en el arranque y compilación de JSP .
29-Nov-2018 11:40:30.464 INFORMACIÓN [ContainerBackgroundProcessor[StandardEngine[Catalina]]] org.apache.catalina.core.StandardContext.reload Se ha completado la recarga de este Contexto
29-Nov-2018 11:40:30.555 INFORMACIÓN [Abandoned connection cleanup thread] org.apache.catalina.loader.WebappClassLoaderBase.checkStateForResourceLoading Acceso ilegal: esta instancia de aplicación web ya ha sido parada.  Could not load [].  La eventual traza de pila que sigue ha sido motivada por un error lanzado con motivos de depuración así como para intentar terminar el hilo que motivó el acceso ilegal y no tiene impacto funcional.
 java.lang.IllegalStateException: Acceso ilegal: esta instancia de aplicación web ya ha sido parada.  Could not load [].  La eventual traza de pila que sigue ha sido motivada por un error lanzado con motivos de depuración así como para intentar terminar el hilo que motivó el acceso ilegal y no tiene impacto funcional.
	at org.apache.catalina.loader.WebappClassLoaderBase.checkStateForResourceLoading(WebappClassLoaderBase.java:1329)
	at org.apache.catalina.loader.WebappClassLoaderBase.getResource(WebappClassLoaderBase.java:1006)
	at com.mysql.jdbc.AbandonedConnectionCleanupThread.checkContextClassLoaders(AbandonedConnectionCleanupThread.java:90)
	at com.mysql.jdbc.AbandonedConnectionCleanupThread.run(AbandonedConnectionCleanupThread.java:63)
	at java.util.concurrent.ThreadPoolExecutor.runWorker(ThreadPoolExecutor.java:1149)
	at java.util.concurrent.ThreadPoolExecutor$Worker.run(ThreadPoolExecutor.java:624)
	at java.lang.Thread.run(Thread.java:748)

29-Nov-2018 11:40:41.282 INFORMACIÓN [main] org.apache.catalina.core.StandardServer.await Se ha recibido un comando de apagado a través del puerto de apagado. Parando la instancia del Servidor.
29-Nov-2018 11:40:41.282 INFORMACIÓN [main] org.apache.coyote.AbstractProtocol.pause Pausing ProtocolHandler ["http-nio-9190"]
29-Nov-2018 11:40:41.335 INFORMACIÓN [main] org.apache.coyote.AbstractProtocol.pause Pausing ProtocolHandler ["ajp-nio-8009"]
29-Nov-2018 11:40:41.386 INFORMACIÓN [main] org.apache.catalina.core.StandardService.stopInternal Parando servicio [Catalina]
29-Nov-2018 11:40:41.467 INFORMACIÓN [main] org.apache.coyote.AbstractProtocol.stop Stopping ProtocolHandler ["http-nio-9190"]
29-Nov-2018 11:40:41.476 INFORMACIÓN [main] org.apache.coyote.AbstractProtocol.stop Stopping ProtocolHandler ["ajp-nio-8009"]
29-Nov-2018 11:40:41.483 INFORMACIÓN [main] org.apache.coyote.AbstractProtocol.destroy Destroying ProtocolHandler ["http-nio-9190"]
29-Nov-2018 11:40:41.490 INFORMACIÓN [main] org.apache.coyote.AbstractProtocol.destroy Destroying ProtocolHandler ["ajp-nio-8009"]
29-Nov-2018 11:40:45.704 INFORMACIÓN [main] org.apache.catalina.startup.VersionLoggerListener.log Server version:        Apache Tomcat/9.0.12
29-Nov-2018 11:40:45.745 INFORMACIÓN [main] org.apache.catalina.startup.VersionLoggerListener.log Server built:          Sep 4 2018 22:13:41 UTC
29-Nov-2018 11:40:45.745 INFORMACIÓN [main] org.apache.catalina.startup.VersionLoggerListener.log Server number:         9.0.12.0
29-Nov-2018 11:40:45.745 INFORMACIÓN [main] org.apache.catalina.startup.VersionLoggerListener.log OS Name:               Linux
29-Nov-2018 11:40:45.746 INFORMACIÓN [main] org.apache.catalina.startup.VersionLoggerListener.log OS Version:            4.16.10
29-Nov-2018 11:40:45.746 INFORMACIÓN [main] org.apache.catalina.startup.VersionLoggerListener.log Architecture:          amd64
29-Nov-2018 11:40:45.746 INFORMACIÓN [main] org.apache.catalina.startup.VersionLoggerListener.log Java Home:             /usr/lib/jvm/oracle-java8-jdk-amd64/jre
29-Nov-2018 11:40:45.746 INFORMACIÓN [main] org.apache.catalina.startup.VersionLoggerListener.log JVM Version:           1.8.0_141-b15
29-Nov-2018 11:40:45.746 INFORMACIÓN [main] org.apache.catalina.startup.VersionLoggerListener.log JVM Vendor:            Oracle Corporation
29-Nov-2018 11:40:45.746 INFORMACIÓN [main] org.apache.catalina.startup.VersionLoggerListener.log CATALINA_BASE:         /var/home/lab/alum0/03/46/795/appweb18_project/apache/apache-tomcat-9.0.12
29-Nov-2018 11:40:45.746 INFORMACIÓN [main] org.apache.catalina.startup.VersionLoggerListener.log CATALINA_HOME:         /var/home/lab/alum0/03/46/795/appweb18_project/apache/apache-tomcat-9.0.12
29-Nov-2018 11:40:45.747 INFORMACIÓN [main] org.apache.catalina.startup.VersionLoggerListener.log Command line argument: -Djava.util.logging.config.file=/usr/lab/alum/0346795/appweb18_project/apache/apache-tomcat-9.0.12/conf/logging.properties
29-Nov-2018 11:40:45.747 INFORMACIÓN [main] org.apache.catalina.startup.VersionLoggerListener.log Command line argument: -Djava.util.logging.manager=org.apache.juli.ClassLoaderLogManager
29-Nov-2018 11:40:45.747 INFORMACIÓN [main] org.apache.catalina.startup.VersionLoggerListener.log Command line argument: -Djdk.tls.ephemeralDHKeySize=2048
29-Nov-2018 11:40:45.747 INFORMACIÓN [main] org.apache.catalina.startup.VersionLoggerListener.log Command line argument: -Djava.protocol.handler.pkgs=org.apache.catalina.webresources
29-Nov-2018 11:40:45.747 INFORMACIÓN [main] org.apache.catalina.startup.VersionLoggerListener.log Command line argument: -Dorg.apache.catalina.security.SecurityListener.UMASK=0027
29-Nov-2018 11:40:45.747 INFORMACIÓN [main] org.apache.catalina.startup.VersionLoggerListener.log Command line argument: -Dignore.endorsed.dirs=
29-Nov-2018 11:40:45.747 INFORMACIÓN [main] org.apache.catalina.startup.VersionLoggerListener.log Command line argument: -Dcatalina.base=/usr/lab/alum/0346795/appweb18_project/apache/apache-tomcat-9.0.12
29-Nov-2018 11:40:45.748 INFORMACIÓN [main] org.apache.catalina.startup.VersionLoggerListener.log Command line argument: -Dcatalina.home=/usr/lab/alum/0346795/appweb18_project/apache/apache-tomcat-9.0.12
29-Nov-2018 11:40:45.748 INFORMACIÓN [main] org.apache.catalina.startup.VersionLoggerListener.log Command line argument: -Djava.io.tmpdir=/usr/lab/alum/0346795/appweb18_project/apache/apache-tomcat-9.0.12/temp
29-Nov-2018 11:40:45.748 INFORMACIÓN [main] org.apache.catalina.core.AprLifecycleListener.lifecycleEvent La biblioteca nativa de Apache Tomcat basada en ARP que permite un rendimiento óptimo en entornos de desarrollo no ha sido hallada en java.library.path: [/usr/java/packages/lib/amd64:/usr/lib64:/lib64:/lib:/usr/lib]
29-Nov-2018 11:40:47.437 INFORMACIÓN [main] org.apache.coyote.AbstractProtocol.init Initializing ProtocolHandler ["http-nio-9190"]
29-Nov-2018 11:40:47.604 INFORMACIÓN [main] org.apache.tomcat.util.net.NioSelectorPool.getSharedSelector Using a shared selector for servlet write/read
29-Nov-2018 11:40:47.630 INFORMACIÓN [main] org.apache.coyote.AbstractProtocol.init Initializing ProtocolHandler ["ajp-nio-8009"]
29-Nov-2018 11:40:47.632 INFORMACIÓN [main] org.apache.tomcat.util.net.NioSelectorPool.getSharedSelector Using a shared selector for servlet write/read
29-Nov-2018 11:40:47.634 INFORMACIÓN [main] org.apache.catalina.startup.Catalina.load Initialization processed in 4643 ms
29-Nov-2018 11:40:47.830 INFORMACIÓN [main] org.apache.catalina.core.StandardService.startInternal Arrancando servicio [Catalina]
29-Nov-2018 11:40:47.830 INFORMACIÓN [main] org.apache.catalina.core.StandardEngine.startInternal Starting Servlet Engine: Apache Tomcat/9.0.12
29-Nov-2018 11:40:47.849 INFORMACIÓN [main] org.apache.catalina.startup.HostConfig.deployDirectory Despliegue del directorio [/var/home/lab/alum0/03/46/795/appweb18_project/apache/apache-tomcat-9.0.12/webapps/ROOT] de la aplicación web
29-Nov-2018 11:40:50.563 INFORMACIÓN [main] org.apache.catalina.startup.HostConfig.deployDirectory Deployment of web application directory [/var/home/lab/alum0/03/46/795/appweb18_project/apache/apache-tomcat-9.0.12/webapps/ROOT] has finished in [2.697] ms
29-Nov-2018 11:40:50.564 INFORMACIÓN [main] org.apache.catalina.startup.HostConfig.deployDirectory Despliegue del directorio [/var/home/lab/alum0/03/46/795/appweb18_project/apache/apache-tomcat-9.0.12/webapps/bookshop] de la aplicación web
29-Nov-2018 11:40:51.208 ADVERTENCIA [main] org.apache.tomcat.dbcp.dbcp2.BasicDataSourceFactory.getObjectInstance Name = Libros Property maxActive is not used in DBCP2, use maxTotal instead. maxTotal default value is 8. You have set value of "8" for "maxActive" property, which is being ignored.
29-Nov-2018 11:40:51.278 INFORMACIÓN [main] org.apache.jasper.servlet.TldScanner.scanJars Al menos un JAR, que se ha explorado buscando TLDs, aún no contenía TLDs. Activar historial de depuración para este historiador para una completa lista de los JARs que fueron explorados y de los que nos se halló TLDs. Saltarse JARs no necesarios durante la exploración puede dar lugar a una mejora de tiempo significativa en el arranque y compilación de JSP .
29-Nov-2018 11:40:51.320 INFORMACIÓN [main] org.apache.catalina.startup.HostConfig.deployDirectory Deployment of web application directory [/var/home/lab/alum0/03/46/795/appweb18_project/apache/apache-tomcat-9.0.12/webapps/bookshop] has finished in [756] ms
29-Nov-2018 11:40:51.320 INFORMACIÓN [main] org.apache.catalina.startup.HostConfig.deployDirectory Despliegue del directorio [/var/home/lab/alum0/03/46/795/appweb18_project/apache/apache-tomcat-9.0.12/webapps/docs] de la aplicación web
29-Nov-2018 11:40:51.379 INFORMACIÓN [main] org.apache.catalina.startup.HostConfig.deployDirectory Deployment of web application directory [/var/home/lab/alum0/03/46/795/appweb18_project/apache/apache-tomcat-9.0.12/webapps/docs] has finished in [59] ms
29-Nov-2018 11:40:51.380 INFORMACIÓN [main] org.apache.catalina.startup.HostConfig.deployDirectory Despliegue del directorio [/var/home/lab/alum0/03/46/795/appweb18_project/apache/apache-tomcat-9.0.12/webapps/examples] de la aplicación web
29-Nov-2018 11:40:54.714 INFORMACIÓN [main] org.apache.catalina.startup.HostConfig.deployDirectory Deployment of web application directory [/var/home/lab/alum0/03/46/795/appweb18_project/apache/apache-tomcat-9.0.12/webapps/examples] has finished in [3.334] ms
29-Nov-2018 11:40:54.716 INFORMACIÓN [main] org.apache.catalina.startup.HostConfig.deployDirectory Despliegue del directorio [/var/home/lab/alum0/03/46/795/appweb18_project/apache/apache-tomcat-9.0.12/webapps/holamundo] de la aplicación web
29-Nov-2018 11:40:54.848 INFORMACIÓN [main] org.apache.catalina.startup.HostConfig.deployDirectory Deployment of web application directory [/var/home/lab/alum0/03/46/795/appweb18_project/apache/apache-tomcat-9.0.12/webapps/holamundo] has finished in [133] ms
29-Nov-2018 11:40:54.848 INFORMACIÓN [main] org.apache.catalina.startup.HostConfig.deployDirectory Despliegue del directorio [/var/home/lab/alum0/03/46/795/appweb18_project/apache/apache-tomcat-9.0.12/webapps/host-manager] de la aplicación web
29-Nov-2018 11:40:54.921 INFORMACIÓN [main] org.apache.catalina.startup.HostConfig.deployDirectory Deployment of web application directory [/var/home/lab/alum0/03/46/795/appweb18_project/apache/apache-tomcat-9.0.12/webapps/host-manager] has finished in [73] ms
29-Nov-2018 11:40:54.921 INFORMACIÓN [main] org.apache.catalina.startup.HostConfig.deployDirectory Despliegue del directorio [/var/home/lab/alum0/03/46/795/appweb18_project/apache/apache-tomcat-9.0.12/webapps/manager] de la aplicación web
29-Nov-2018 11:40:54.982 INFORMACIÓN [main] org.apache.catalina.startup.HostConfig.deployDirectory Deployment of web application directory [/var/home/lab/alum0/03/46/795/appweb18_project/apache/apache-tomcat-9.0.12/webapps/manager] has finished in [61] ms
29-Nov-2018 11:40:54.982 INFORMACIÓN [main] org.apache.catalina.startup.HostConfig.deployDirectory Despliegue del directorio [/var/home/lab/alum0/03/46/795/appweb18_project/apache/apache-tomcat-9.0.12/webapps/proyecto] de la aplicación web
29-Nov-2018 11:40:55.276 ADVERTENCIA [main] org.apache.tomcat.dbcp.dbcp2.BasicDataSourceFactory.getObjectInstance Name = proyecto Property maxActive is not used in DBCP2, use maxTotal instead. maxTotal default value is 8. You have set value of "8" for "maxActive" property, which is being ignored.
29-Nov-2018 11:40:55.429 INFORMACIÓN [main] org.apache.jasper.servlet.TldScanner.scanJars Al menos un JAR, que se ha explorado buscando TLDs, aún no contenía TLDs. Activar historial de depuración para este historiador para una completa lista de los JARs que fueron explorados y de los que nos se halló TLDs. Saltarse JARs no necesarios durante la exploración puede dar lugar a una mejora de tiempo significativa en el arranque y compilación de JSP .
29-Nov-2018 11:40:55.457 INFORMACIÓN [main] org.apache.catalina.startup.HostConfig.deployDirectory Deployment of web application directory [/var/home/lab/alum0/03/46/795/appweb18_project/apache/apache-tomcat-9.0.12/webapps/proyecto] has finished in [474] ms
29-Nov-2018 11:40:55.465 INFORMACIÓN [main] org.apache.coyote.AbstractProtocol.start Starting ProtocolHandler ["http-nio-9190"]
29-Nov-2018 11:40:55.482 INFORMACIÓN [main] org.apache.coyote.AbstractProtocol.start Starting ProtocolHandler ["ajp-nio-8009"]
29-Nov-2018 11:40:55.485 INFORMACIÓN [main] org.apache.catalina.startup.Catalina.start Server startup in 7849 ms
